#
# There is insufficient memory for the Java Runtime Environment to continue.
# Native memory allocation (malloc) failed to allocate 1506752 bytes for Chunk::new
# Possible reasons:
#   The system is out of physical RAM or swap space
#   The process is running with CompressedOops enabled, and the Java Heap may be blocking the growth of the native heap
# Possible solutions:
#   Reduce memory load on the system
#   Increase physical memory or swap space
#   Check if swap backing store is full
#   Decrease Java heap size (-Xmx/-Xms)
#   Decrease number of Java threads
#   Decrease Java thread stack sizes (-Xss)
#   Set larger code cache with -XX:ReservedCodeCacheSize=
#   JVM is running with Unscaled Compressed Oops mode in which the Java heap is
#     placed in the first 4GB address space. The Java Heap base address is the
#     maximum limit for the native heap growth. Please use -XX:HeapBaseMinAddress
#     to set the Java Heap base and to place the Java Heap above 4GB virtual address.
# This output file may be truncated or incomplete.
#
#  Out of Memory Error (arena.cpp:191), pid=17700, tid=14296
#
# JRE version: OpenJDK Runtime Environment Temurin-17.0.9+9 (17.0.9+9) (build 17.0.9+9)
# Java VM: OpenJDK 64-Bit Server VM Temurin-17.0.9+9 (17.0.9+9, mixed mode, tiered, compressed oops, compressed class ptrs, parallel gc, windows-amd64)
# No core dump will be written. Minidumps are not enabled by default on client versions of Windows
#

---------------  S U M M A R Y ------------

Command Line: --add-modules=ALL-SYSTEM --add-opens=java.base/java.util=ALL-UNNAMED --add-opens=java.base/java.lang=ALL-UNNAMED --add-opens=java.base/sun.nio.fs=ALL-UNNAMED -Declipse.application=org.eclipse.jdt.ls.core.id1 -Dosgi.bundles.defaultStartLevel=4 -Declipse.product=org.eclipse.jdt.ls.core.product -Djava.import.generatesMetadataFilesAtProjectRoot=false -DDetectVMInstallationsJob.disabled=true -Dfile.encoding=utf8 -XX:+UseParallelGC -XX:GCTimeRatio=4 -XX:AdaptiveSizePolicyWeight=90 -Dsun.zip.disableMemoryMapping=true -Xmx1G -Xms100m -Xlog:disable -javaagent:c:\Users\ASUS\.vscode\extensions\redhat.java-1.25.1-win32-x64\lombok\lombok-1.18.30.jar -XX:+HeapDumpOnOutOfMemoryError -XX:HeapDumpPath=c:\Users\ASUS\AppData\Roaming\Code\User\workspaceStorage\12d0023a93ece6fc33ff234e2b806396\redhat.java -Daether.dependencyCollector.impl=bf c:\Users\ASUS\.vscode\extensions\redhat.java-1.25.1-win32-x64\server\plugins\org.eclipse.equinox.launcher_1.6.600.v20231106-1826.jar -configuration c:\Users\ASUS\AppData\Roaming\Code\User\globalStorage\redhat.java\1.25.1\config_win -data c:\Users\ASUS\AppData\Roaming\Code\User\workspaceStorage\12d0023a93ece6fc33ff234e2b806396\redhat.java\jdt_ws --stdio

Host: AMD Ryzen 7 4800H with Radeon Graphics         , 16 cores, 15G,  Windows 11 , 64 bit Build 22621 (10.0.22621.2506)
Time: Thu Jan  4 19:48:50 2024 India Standard Time elapsed time: 4.174810 seconds (0d 0h 0m 4s)

---------------  T H R E A D  ---------------

Current thread (0x000001f8d3dec7e0):  JavaThread "C2 CompilerThread0" daemon [_thread_in_native, id=14296, stack(0x000000f15f300000,0x000000f15f400000)]


Current CompileTask:
C2:   4174 4396       4       org.eclipse.osgi.internal.loader.BundleLoader::addExportedProvidersFor (167 bytes)

Stack: [0x000000f15f300000,0x000000f15f400000]
Native frames: (J=compiled Java code, j=interpreted, Vv=VM code, C=native code)
V  [jvm.dll+0x67cf49]
V  [jvm.dll+0x83478a]
V  [jvm.dll+0x83624e]
V  [jvm.dll+0x8368b3]
V  [jvm.dll+0x247f1f]
V  [jvm.dll+0xac43c]
V  [jvm.dll+0xaca8c]
V  [jvm.dll+0x367067]
V  [jvm.dll+0x1bd722]
V  [jvm.dll+0x21a709]
V  [jvm.dll+0x2199d1]
V  [jvm.dll+0x1a57cd]
V  [jvm.dll+0x2297ae]
V  [jvm.dll+0x22797c]
V  [jvm.dll+0x7e9877]
V  [jvm.dll+0x7e3c3a]
V  [jvm.dll+0x67be35]
C  [ucrtbase.dll+0x29363]
C  [KERNEL32.DLL+0x1257d]
C  [ntdll.dll+0x5aa58]


---------------  P R O C E S S  ---------------

Threads class SMR info:
_java_thread_list=0x000001f8d87eb0a0, length=34, elements={
0x000001f8bae20a80, 0x000001f8ceca5020, 0x000001f8ceca5af0, 0x000001f8cecadf10,
0x000001f8cecae8e0, 0x000001f8d3dc7400, 0x000001f8d3de8680, 0x000001f8d3dec7e0,
0x000001f8d3df15e0, 0x000001f8d3dfb6f0, 0x000001f8d3f696a0, 0x000001f8d3f79000,
0x000001f8d3f79de0, 0x000001f8d3f80340, 0x000001f8d3fbdb00, 0x000001f8d3fbe0d0,
0x000001f8d5f8fbd0, 0x000001f8d67a5040, 0x000001f8d6d1b030, 0x000001f8d6833030,
0x000001f8d6f8ef90, 0x000001f8d7050cf0, 0x000001f8d7180610, 0x000001f8d6b813b0,
0x000001f8d6b818c0, 0x000001f8d6b80480, 0x000001f8d6847240, 0x000001f8d6b80ea0,
0x000001f8d8d0c470, 0x000001f8d8d0c980, 0x000001f8d8d0e2d0, 0x000001f8d8d0b030,
0x000001f8d8d0b540, 0x000001f8d8d0bf60
}

Java Threads: ( => current thread )
  0x000001f8bae20a80 JavaThread "main" [_thread_blocked, id=24124, stack(0x000000f15ea00000,0x000000f15eb00000)]
  0x000001f8ceca5020 JavaThread "Reference Handler" daemon [_thread_blocked, id=11580, stack(0x000000f15ed00000,0x000000f15ee00000)]
  0x000001f8ceca5af0 JavaThread "Finalizer" daemon [_thread_blocked, id=22440, stack(0x000000f15ee00000,0x000000f15ef00000)]
  0x000001f8cecadf10 JavaThread "Signal Dispatcher" daemon [_thread_blocked, id=22604, stack(0x000000f15ef00000,0x000000f15f000000)]
  0x000001f8cecae8e0 JavaThread "Attach Listener" daemon [_thread_blocked, id=24024, stack(0x000000f15f000000,0x000000f15f100000)]
  0x000001f8d3dc7400 JavaThread "Service Thread" daemon [_thread_blocked, id=9196, stack(0x000000f15f100000,0x000000f15f200000)]
  0x000001f8d3de8680 JavaThread "Monitor Deflation Thread" daemon [_thread_blocked, id=20580, stack(0x000000f15f200000,0x000000f15f300000)]
=>0x000001f8d3dec7e0 JavaThread "C2 CompilerThread0" daemon [_thread_in_native, id=14296, stack(0x000000f15f300000,0x000000f15f400000)]
  0x000001f8d3df15e0 JavaThread "C1 CompilerThread0" daemon [_thread_blocked, id=12952, stack(0x000000f15f400000,0x000000f15f500000)]
  0x000001f8d3dfb6f0 JavaThread "Sweeper thread" daemon [_thread_blocked, id=12524, stack(0x000000f15f500000,0x000000f15f600000)]
  0x000001f8d3f696a0 JavaThread "Common-Cleaner" daemon [_thread_blocked, id=23820, stack(0x000000f15f600000,0x000000f15f700000)]
  0x000001f8d3f79000 JavaThread "C1 CompilerThread1" daemon [_thread_blocked, id=23580, stack(0x000000f15f700000,0x000000f15f800000)]
  0x000001f8d3f79de0 JavaThread "C1 CompilerThread2" daemon [_thread_blocked, id=21996, stack(0x000000f15f800000,0x000000f15f900000)]
  0x000001f8d3f80340 JavaThread "C1 CompilerThread3" daemon [_thread_blocked, id=15432, stack(0x000000f15f900000,0x000000f15fa00000)]
  0x000001f8d3fbdb00 JavaThread "C2 CompilerThread1" daemon [_thread_in_native, id=5948, stack(0x000000f15fa00000,0x000000f15fb00000)]
  0x000001f8d3fbe0d0 JavaThread "C2 CompilerThread2" daemon [_thread_in_native, id=21948, stack(0x000000f15fb00000,0x000000f15fc00000)]
  0x000001f8d5f8fbd0 JavaThread "Notification Thread" daemon [_thread_blocked, id=18848, stack(0x000000f15fc00000,0x000000f15fd00000)]
  0x000001f8d67a5040 JavaThread "Active Thread: Equinox Container: 890bd24d-2a1e-4c36-a90f-085196b19619" [_thread_blocked, id=12128, stack(0x000000f15ff00000,0x000000f160000000)]
  0x000001f8d6d1b030 JavaThread "Framework Event Dispatcher: Equinox Container: 890bd24d-2a1e-4c36-a90f-085196b19619" daemon [_thread_blocked, id=18436, stack(0x000000f160000000,0x000000f160100000)]
  0x000001f8d6833030 JavaThread "Start Level: Equinox Container: 890bd24d-2a1e-4c36-a90f-085196b19619" daemon [_thread_blocked, id=21420, stack(0x000000f160600000,0x000000f160700000)]
  0x000001f8d6f8ef90 JavaThread "Bundle File Closer" daemon [_thread_blocked, id=22560, stack(0x000000f15fe00000,0x000000f15ff00000)]
  0x000001f8d7050cf0 JavaThread "SCR Component Actor" daemon [_thread_blocked, id=23036, stack(0x000000f160900000,0x000000f160a00000)]
  0x000001f8d7180610 JavaThread "SCR Component Registry" daemon [_thread_blocked, id=18932, stack(0x000000f160c00000,0x000000f160d00000)]
  0x000001f8d6b813b0 JavaThread "Worker-JM" [_thread_blocked, id=22312, stack(0x000000f160e00000,0x000000f160f00000)]
  0x000001f8d6b818c0 JavaThread "Worker-0: Repository registry initialization" [_thread_in_native, id=24516, stack(0x000000f161000000,0x000000f161100000)]
  0x000001f8d6b80480 JavaThread "Worker-1: Updating Maven Dependencies" [_thread_blocked, id=22032, stack(0x000000f161100000,0x000000f161200000)]
  0x000001f8d6847240 JavaThread "C2 CompilerThread3" daemon [_thread_blocked, id=13780, stack(0x000000f161300000,0x000000f161400000)]
  0x000001f8d6b80ea0 JavaThread "Java indexing" daemon [_thread_blocked, id=22568, stack(0x000000f161400000,0x000000f161500000)]
  0x000001f8d8d0c470 JavaThread "JNA Cleaner" daemon [_thread_blocked, id=2224, stack(0x000000f161500000,0x000000f161600000)]
  0x000001f8d8d0c980 JavaThread "pool-2-thread-1" [_thread_blocked, id=13612, stack(0x000000f161800000,0x000000f161900000)]
  0x000001f8d8d0e2d0 JavaThread "WorkspaceEventsHandler" [_thread_blocked, id=15536, stack(0x000000f161900000,0x000000f161a00000)]
  0x000001f8d8d0b030 JavaThread "pool-1-thread-1" [_thread_blocked, id=21892, stack(0x000000f161a00000,0x000000f161b00000)]
  0x000001f8d8d0b540 JavaThread "Worker-2" [_thread_blocked, id=2544, stack(0x000000f161b00000,0x000000f161c00000)]
  0x000001f8d8d0bf60 JavaThread "Worker-3" [_thread_blocked, id=19980, stack(0x000000f161c00000,0x000000f161d00000)]

Other Threads:
  0x000001f8baea63d0 VMThread "VM Thread" [stack: 0x000000f15ec00000,0x000000f15ed00000] [id=4404]
  0x000001f8d5f5c6b0 WatcherThread [stack: 0x000000f15fd00000,0x000000f15fe00000] [id=2264]
  0x000001f8bae35690 GCTaskThread "GC Thread#0" [stack: 0x000000f15eb00000,0x000000f15ec00000] [id=21784]
  0x000001f8d6ba87c0 GCTaskThread "GC Thread#1" [stack: 0x000000f160100000,0x000000f160200000] [id=14688]
  0x000001f8d6058080 GCTaskThread "GC Thread#2" [stack: 0x000000f160200000,0x000000f160300000] [id=10632]
  0x000001f8d6949a00 GCTaskThread "GC Thread#3" [stack: 0x000000f160300000,0x000000f160400000] [id=7064]
  0x000001f8d6949cc0 GCTaskThread "GC Thread#4" [stack: 0x000000f160400000,0x000000f160500000] [id=23960]
  0x000001f8d6949f80 GCTaskThread "GC Thread#5" [stack: 0x000000f160500000,0x000000f160600000] [id=22632]
  0x000001f8d6bcb850 GCTaskThread "GC Thread#6" [stack: 0x000000f160700000,0x000000f160800000] [id=5676]
  0x000001f8d6f98970 GCTaskThread "GC Thread#7" [stack: 0x000000f160800000,0x000000f160900000] [id=18904]
  0x000001f8d7276640 GCTaskThread "GC Thread#8" [stack: 0x000000f160a00000,0x000000f160b00000] [id=20080]
  0x000001f8d6c277d0 GCTaskThread "GC Thread#9" [stack: 0x000000f160b00000,0x000000f160c00000] [id=17968]
  0x000001f8d6c28dd0 GCTaskThread "GC Thread#10" [stack: 0x000000f160d00000,0x000000f160e00000] [id=12800]
  0x000001f8d6c282d0 GCTaskThread "GC Thread#11" [stack: 0x000000f160f00000,0x000000f161000000] [id=7824]
  0x000001f8d6c28850 GCTaskThread "GC Thread#12" [stack: 0x000000f161200000,0x000000f161300000] [id=19948]

Threads with active compile tasks:
C2 CompilerThread0     4189 4396       4       org.eclipse.osgi.internal.loader.BundleLoader::addExportedProvidersFor (167 bytes)
C2 CompilerThread1     4189 4399   !   4       org.eclipse.osgi.internal.loader.classpath.ClasspathManager::findClassImpl (308 bytes)
C2 CompilerThread2     4189 4403   !   4       org.eclipse.osgi.internal.loader.classpath.ClasspathManager::findLocalClass (210 bytes)

VM state: not at safepoint (normal execution)

VM Mutex/Monitor currently owned by a thread: None

Heap address: 0x00000000c0000000, size: 1024 MB, Compressed Oops mode: 32-bit

CDS archive(s) not mapped
Compressed class space mapped at: 0x0000000100000000-0x0000000140000000, reserved size: 1073741824
Narrow klass base: 0x0000000000000000, Narrow klass shift: 3, Narrow klass range: 0x140000000

GC Precious Log:
 CPUs: 16 total, 16 available
 Memory: 15791M
 Large Page Support: Disabled
 NUMA Support: Disabled
 Compressed Oops: Enabled (32-bit)
 Alignments: Space 512K, Generation 512K, Heap 2M
 Heap Min Capacity: 100M
 Heap Initial Capacity: 100M
 Heap Max Capacity: 1G
 Pre-touch: Disabled
 Parallel Workers: 13

Heap:
 PSYoungGen      total 25088K, used 23610K [0x00000000eab00000, 0x00000000ec780000, 0x0000000100000000)
  eden space 23040K, 95% used [0x00000000eab00000,0x00000000ec0754b0,0x00000000ec180000)
  from space 2048K, 79% used [0x00000000ec200000,0x00000000ec399530,0x00000000ec400000)
  to   space 2560K, 0% used [0x00000000ec500000,0x00000000ec500000,0x00000000ec780000)
 ParOldGen       total 68608K, used 13222K [0x00000000c0000000, 0x00000000c4300000, 0x00000000eab00000)
  object space 68608K, 19% used [0x00000000c0000000,0x00000000c0ce98f8,0x00000000c4300000)
 Metaspace       used 41284K, committed 42112K, reserved 1114112K
  class space    used 4241K, committed 4608K, reserved 1048576K

Card table byte_map: [0x000001f8ba7e0000,0x000001f8ba9f0000] _byte_map_base: 0x000001f8ba1e0000

Marking Bits: (ParMarkBitMap*) 0x00007ff85b93d0b0
 Begin Bits: [0x000001f8ccab0000, 0x000001f8cdab0000)
 End Bits:   [0x000001f8cdab0000, 0x000001f8ceab0000)

Polling page: 0x000001f8ba5d0000

Metaspace:

Usage:
  Non-class:     36.17 MB used.
      Class:      4.14 MB used.
       Both:     40.32 MB used.

Virtual space:
  Non-class space:       64.00 MB reserved,      36.62 MB ( 57%) committed,  1 nodes.
      Class space:        1.00 GB reserved,       4.50 MB ( <1%) committed,  1 nodes.
             Both:        1.06 GB reserved,      41.12 MB (  4%) committed. 

Chunk freelists:
   Non-Class:  10.77 MB
       Class:  11.39 MB
        Both:  22.16 MB

MaxMetaspaceSize: unlimited
CompressedClassSpaceSize: 1.00 GB
Initial GC threshold: 21.00 MB
Current GC threshold: 58.38 MB
CDS: off
MetaspaceReclaimPolicy: balanced
 - commit_granule_bytes: 65536.
 - commit_granule_words: 8192.
 - virtual_space_node_default_size: 8388608.
 - enlarge_chunks_in_place: 1.
 - new_chunks_are_fully_committed: 0.
 - uncommit_free_chunks: 1.
 - use_allocation_guard: 0.
 - handle_deallocations: 1.


Internal statistics:

num_allocs_failed_limit: 6.
num_arena_births: 412.
num_arena_deaths: 14.
num_vsnodes_births: 2.
num_vsnodes_deaths: 0.
num_space_committed: 658.
num_space_uncommitted: 0.
num_chunks_returned_to_freelist: 27.
num_chunks_taken_from_freelist: 1783.
num_chunk_merges: 11.
num_chunk_splits: 1159.
num_chunks_enlarged: 747.
num_inconsistent_stats: 0.

CodeHeap 'non-profiled nmethods': size=119168Kb used=2195Kb max_used=2195Kb free=116972Kb
 bounds [0x000001f8c5650000, 0x000001f8c58c0000, 0x000001f8ccab0000]
CodeHeap 'profiled nmethods': size=119104Kb used=9954Kb max_used=9954Kb free=109149Kb
 bounds [0x000001f8bdab0000, 0x000001f8be470000, 0x000001f8c4f00000]
CodeHeap 'non-nmethods': size=7488Kb used=2968Kb max_used=3040Kb free=4519Kb
 bounds [0x000001f8c4f00000, 0x000001f8c5200000, 0x000001f8c5650000]
 total_blobs=5163 nmethods=4562 adapters=511
 compilation: enabled
              stopped_count=0, restarted_count=0
 full_count=0

Compilation events (20 events):
Event: 4.169 Thread 0x000001f8d3f79000 4543       3       java.util.stream.AbstractPipeline::evaluateToArrayNode (78 bytes)
Event: 4.169 Thread 0x000001f8d3f79de0 4544       3       java.util.stream.AbstractPipeline::evaluate (44 bytes)
Event: 4.169 Thread 0x000001f8d3df15e0 4545       3       java.util.stream.AbstractPipeline::exactOutputSizeIfKnown (86 bytes)
Event: 4.169 Thread 0x000001f8d3f80340 nmethod 4542 0x000001f8be45da10 code [0x000001f8be45dbc0, 0x000001f8be45de08]
Event: 4.169 Thread 0x000001f8d3f80340 4546       3       java.util.stream.ReferencePipeline::makeNodeBuilder (6 bytes)
Event: 4.170 Thread 0x000001f8d3f79000 nmethod 4543 0x000001f8be45df10 code [0x000001f8be45e120, 0x000001f8be45e6d8]
Event: 4.170 Thread 0x000001f8d3f80340 nmethod 4546 0x000001f8be45e890 code [0x000001f8be45ea20, 0x000001f8be45eb68]
Event: 4.170 Thread 0x000001f8d3f79000 4547       3       java.util.stream.Nodes::builder (30 bytes)
Event: 4.170 Thread 0x000001f8d3f80340 4548       3       java.util.stream.Nodes::flatten (70 bytes)
Event: 4.170 Thread 0x000001f8d3f79de0 nmethod 4544 0x000001f8be45ec10 code [0x000001f8be45ee60, 0x000001f8be45f728]
Event: 4.170 Thread 0x000001f8d3f79de0 4549       3       java.util.stream.Nodes$FixedNodeBuilder::<init> (29 bytes)
Event: 4.170 Thread 0x000001f8d3df15e0 nmethod 4545 0x000001f8be45fa10 code [0x000001f8be45fc00, 0x000001f8be4602a8]
Event: 4.171 Thread 0x000001f8d3df15e0 4550       3       java.util.stream.Nodes$ArrayNode::<init> (43 bytes)
Event: 4.171 Thread 0x000001f8d3f79de0 nmethod 4549 0x000001f8be460590 code [0x000001f8be460740, 0x000001f8be460888]
Event: 4.171 Thread 0x000001f8d3f79de0 4551       3       java.util.stream.Nodes$FixedNodeBuilder::begin (52 bytes)
Event: 4.171 Thread 0x000001f8d3f80340 nmethod 4548 0x000001f8be460910 code [0x000001f8be460b40, 0x000001f8be461338]
Event: 4.171 Thread 0x000001f8d3f79000 nmethod 4547 0x000001f8be461610 code [0x000001f8be461800, 0x000001f8be461dc8]
Event: 4.172 Thread 0x000001f8d3df15e0 nmethod 4550 0x000001f8be462010 code [0x000001f8be4621e0, 0x000001f8be462618]
Event: 4.173 Thread 0x000001f8d6847240 nmethod 4538 0x000001f8c5873e90 code [0x000001f8c5874020, 0x000001f8c5874168]
Event: 4.173 Thread 0x000001f8d3f79de0 nmethod 4551 0x000001f8be462790 code [0x000001f8be462a40, 0x000001f8be463888]

GC Heap History (20 events):
Event: 2.118 GC heap before
{Heap before GC invocations=4 (full 0):
 PSYoungGen      total 29696K, used 29645K [0x00000000eab00000, 0x00000000ecc00000, 0x0000000100000000)
  eden space 25600K, 99% used [0x00000000eab00000,0x00000000ec3f3cf0,0x00000000ec400000)
  from space 4096K, 99% used [0x00000000ec400000,0x00000000ec7ff990,0x00000000ec800000)
  to   space 4096K, 0% used [0x00000000ec800000,0x00000000ec800000,0x00000000ecc00000)
 ParOldGen       total 68608K, used 5287K [0x00000000c0000000, 0x00000000c4300000, 0x00000000eab00000)
  object space 68608K, 7% used [0x00000000c0000000,0x00000000c0529cc8,0x00000000c4300000)
 Metaspace       used 20091K, committed 20480K, reserved 1114112K
  class space    used 2017K, committed 2240K, reserved 1048576K
}
Event: 2.122 GC heap after
{Heap after GC invocations=4 (full 0):
 PSYoungGen      total 29696K, used 4069K [0x00000000eab00000, 0x00000000ecc00000, 0x0000000100000000)
  eden space 25600K, 0% used [0x00000000eab00000,0x00000000eab00000,0x00000000ec400000)
  from space 4096K, 99% used [0x00000000ec800000,0x00000000ecbf94b8,0x00000000ecc00000)
  to   space 4096K, 0% used [0x00000000ec400000,0x00000000ec400000,0x00000000ec800000)
 ParOldGen       total 68608K, used 6626K [0x00000000c0000000, 0x00000000c4300000, 0x00000000eab00000)
  object space 68608K, 9% used [0x00000000c0000000,0x00000000c0678b58,0x00000000c4300000)
 Metaspace       used 20091K, committed 20480K, reserved 1114112K
  class space    used 2017K, committed 2240K, reserved 1048576K
}
Event: 2.191 GC heap before
{Heap before GC invocations=5 (full 0):
 PSYoungGen      total 29696K, used 10236K [0x00000000eab00000, 0x00000000ecc00000, 0x0000000100000000)
  eden space 25600K, 24% used [0x00000000eab00000,0x00000000eb105bf8,0x00000000ec400000)
  from space 4096K, 99% used [0x00000000ec800000,0x00000000ecbf94b8,0x00000000ecc00000)
  to   space 4096K, 0% used [0x00000000ec400000,0x00000000ec400000,0x00000000ec800000)
 ParOldGen       total 68608K, used 6626K [0x00000000c0000000, 0x00000000c4300000, 0x00000000eab00000)
  object space 68608K, 9% used [0x00000000c0000000,0x00000000c0678b58,0x00000000c4300000)
 Metaspace       used 21155K, committed 21504K, reserved 1114112K
  class space    used 2120K, committed 2304K, reserved 1048576K
}
Event: 2.193 GC heap after
{Heap after GC invocations=5 (full 0):
 PSYoungGen      total 29696K, used 4067K [0x00000000eab00000, 0x00000000ece00000, 0x0000000100000000)
  eden space 25600K, 0% used [0x00000000eab00000,0x00000000eab00000,0x00000000ec400000)
  from space 4096K, 99% used [0x00000000ec400000,0x00000000ec7f8f28,0x00000000ec800000)
  to   space 5120K, 0% used [0x00000000ec900000,0x00000000ec900000,0x00000000ece00000)
 ParOldGen       total 68608K, used 6931K [0x00000000c0000000, 0x00000000c4300000, 0x00000000eab00000)
  object space 68608K, 10% used [0x00000000c0000000,0x00000000c06c4c00,0x00000000c4300000)
 Metaspace       used 21155K, committed 21504K, reserved 1114112K
  class space    used 2120K, committed 2304K, reserved 1048576K
}
Event: 2.193 GC heap before
{Heap before GC invocations=6 (full 1):
 PSYoungGen      total 29696K, used 4067K [0x00000000eab00000, 0x00000000ece00000, 0x0000000100000000)
  eden space 25600K, 0% used [0x00000000eab00000,0x00000000eab00000,0x00000000ec400000)
  from space 4096K, 99% used [0x00000000ec400000,0x00000000ec7f8f28,0x00000000ec800000)
  to   space 5120K, 0% used [0x00000000ec900000,0x00000000ec900000,0x00000000ece00000)
 ParOldGen       total 68608K, used 6931K [0x00000000c0000000, 0x00000000c4300000, 0x00000000eab00000)
  object space 68608K, 10% used [0x00000000c0000000,0x00000000c06c4c00,0x00000000c4300000)
 Metaspace       used 21155K, committed 21504K, reserved 1114112K
  class space    used 2120K, committed 2304K, reserved 1048576K
}
Event: 2.212 GC heap after
{Heap after GC invocations=6 (full 1):
 PSYoungGen      total 29696K, used 0K [0x00000000eab00000, 0x00000000ece00000, 0x0000000100000000)
  eden space 25600K, 0% used [0x00000000eab00000,0x00000000eab00000,0x00000000ec400000)
  from space 4096K, 0% used [0x00000000ec400000,0x00000000ec400000,0x00000000ec800000)
  to   space 5120K, 0% used [0x00000000ec900000,0x00000000ec900000,0x00000000ece00000)
 ParOldGen       total 68608K, used 10614K [0x00000000c0000000, 0x00000000c4300000, 0x00000000eab00000)
  object space 68608K, 15% used [0x00000000c0000000,0x00000000c0a5d9f8,0x00000000c4300000)
 Metaspace       used 21155K, committed 21504K, reserved 1114112K
  class space    used 2120K, committed 2304K, reserved 1048576K
}
Event: 2.617 GC heap before
{Heap before GC invocations=7 (full 1):
 PSYoungGen      total 29696K, used 25600K [0x00000000eab00000, 0x00000000ece00000, 0x0000000100000000)
  eden space 25600K, 100% used [0x00000000eab00000,0x00000000ec400000,0x00000000ec400000)
  from space 4096K, 0% used [0x00000000ec400000,0x00000000ec400000,0x00000000ec800000)
  to   space 5120K, 0% used [0x00000000ec900000,0x00000000ec900000,0x00000000ece00000)
 ParOldGen       total 68608K, used 10614K [0x00000000c0000000, 0x00000000c4300000, 0x00000000eab00000)
  object space 68608K, 15% used [0x00000000c0000000,0x00000000c0a5d9f8,0x00000000c4300000)
 Metaspace       used 24530K, committed 25024K, reserved 1114112K
  class space    used 2476K, committed 2688K, reserved 1048576K
}
Event: 2.619 GC heap after
{Heap after GC invocations=7 (full 1):
 PSYoungGen      total 26112K, used 976K [0x00000000eab00000, 0x00000000eca00000, 0x0000000100000000)
  eden space 25088K, 0% used [0x00000000eab00000,0x00000000eab00000,0x00000000ec380000)
  from space 1024K, 95% used [0x00000000ec900000,0x00000000ec9f40a8,0x00000000eca00000)
  to   space 2560K, 0% used [0x00000000ec500000,0x00000000ec500000,0x00000000ec780000)
 ParOldGen       total 68608K, used 10622K [0x00000000c0000000, 0x00000000c4300000, 0x00000000eab00000)
  object space 68608K, 15% used [0x00000000c0000000,0x00000000c0a5f9f8,0x00000000c4300000)
 Metaspace       used 24530K, committed 25024K, reserved 1114112K
  class space    used 2476K, committed 2688K, reserved 1048576K
}
Event: 2.906 GC heap before
{Heap before GC invocations=8 (full 1):
 PSYoungGen      total 26112K, used 26064K [0x00000000eab00000, 0x00000000eca00000, 0x0000000100000000)
  eden space 25088K, 100% used [0x00000000eab00000,0x00000000ec380000,0x00000000ec380000)
  from space 1024K, 95% used [0x00000000ec900000,0x00000000ec9f40a8,0x00000000eca00000)
  to   space 2560K, 0% used [0x00000000ec500000,0x00000000ec500000,0x00000000ec780000)
 ParOldGen       total 68608K, used 10622K [0x00000000c0000000, 0x00000000c4300000, 0x00000000eab00000)
  object space 68608K, 15% used [0x00000000c0000000,0x00000000c0a5f9f8,0x00000000c4300000)
 Metaspace       used 27739K, committed 28416K, reserved 1114112K
  class space    used 2810K, committed 3072K, reserved 1048576K
}
Event: 2.907 GC heap after
{Heap after GC invocations=8 (full 1):
 PSYoungGen      total 27136K, used 2553K [0x00000000eab00000, 0x00000000eca00000, 0x0000000100000000)
  eden space 24576K, 0% used [0x00000000eab00000,0x00000000eab00000,0x00000000ec300000)
  from space 2560K, 99% used [0x00000000ec500000,0x00000000ec77e7d0,0x00000000ec780000)
  to   space 2560K, 0% used [0x00000000ec780000,0x00000000ec780000,0x00000000eca00000)
 ParOldGen       total 68608K, used 11063K [0x00000000c0000000, 0x00000000c4300000, 0x00000000eab00000)
  object space 68608K, 16% used [0x00000000c0000000,0x00000000c0acdcb0,0x00000000c4300000)
 Metaspace       used 27739K, committed 28416K, reserved 1114112K
  class space    used 2810K, committed 3072K, reserved 1048576K
}
Event: 3.076 GC heap before
{Heap before GC invocations=9 (full 1):
 PSYoungGen      total 27136K, used 27129K [0x00000000eab00000, 0x00000000eca00000, 0x0000000100000000)
  eden space 24576K, 100% used [0x00000000eab00000,0x00000000ec300000,0x00000000ec300000)
  from space 2560K, 99% used [0x00000000ec500000,0x00000000ec77e7d0,0x00000000ec780000)
  to   space 2560K, 0% used [0x00000000ec780000,0x00000000ec780000,0x00000000eca00000)
 ParOldGen       total 68608K, used 11063K [0x00000000c0000000, 0x00000000c4300000, 0x00000000eab00000)
  object space 68608K, 16% used [0x00000000c0000000,0x00000000c0acdcb0,0x00000000c4300000)
 Metaspace       used 30560K, committed 31168K, reserved 1114112K
  class space    used 2995K, committed 3264K, reserved 1048576K
}
Event: 3.077 GC heap after
{Heap after GC invocations=9 (full 1):
 PSYoungGen      total 26624K, used 2540K [0x00000000eab00000, 0x00000000eca00000, 0x0000000100000000)
  eden space 24064K, 0% used [0x00000000eab00000,0x00000000eab00000,0x00000000ec280000)
  from space 2560K, 99% used [0x00000000ec780000,0x00000000ec9fb288,0x00000000eca00000)
  to   space 3072K, 0% used [0x00000000ec400000,0x00000000ec400000,0x00000000ec700000)
 ParOldGen       total 68608K, used 11238K [0x00000000c0000000, 0x00000000c4300000, 0x00000000eab00000)
  object space 68608K, 16% used [0x00000000c0000000,0x00000000c0af9ab8,0x00000000c4300000)
 Metaspace       used 30560K, committed 31168K, reserved 1114112K
  class space    used 2995K, committed 3264K, reserved 1048576K
}
Event: 3.225 GC heap before
{Heap before GC invocations=10 (full 1):
 PSYoungGen      total 26624K, used 26604K [0x00000000eab00000, 0x00000000eca00000, 0x0000000100000000)
  eden space 24064K, 100% used [0x00000000eab00000,0x00000000ec280000,0x00000000ec280000)
  from space 2560K, 99% used [0x00000000ec780000,0x00000000ec9fb288,0x00000000eca00000)
  to   space 3072K, 0% used [0x00000000ec400000,0x00000000ec400000,0x00000000ec700000)
 ParOldGen       total 68608K, used 11238K [0x00000000c0000000, 0x00000000c4300000, 0x00000000eab00000)
  object space 68608K, 16% used [0x00000000c0000000,0x00000000c0af9ab8,0x00000000c4300000)
 Metaspace       used 32837K, committed 33472K, reserved 1114112K
  class space    used 3184K, committed 3456K, reserved 1048576K
}
Event: 3.226 GC heap after
{Heap after GC invocations=10 (full 1):
 PSYoungGen      total 26624K, used 2762K [0x00000000eab00000, 0x00000000ec800000, 0x0000000100000000)
  eden space 23552K, 0% used [0x00000000eab00000,0x00000000eab00000,0x00000000ec200000)
  from space 3072K, 89% used [0x00000000ec400000,0x00000000ec6b2800,0x00000000ec700000)
  to   space 1024K, 0% used [0x00000000ec700000,0x00000000ec700000,0x00000000ec800000)
 ParOldGen       total 68608K, used 11911K [0x00000000c0000000, 0x00000000c4300000, 0x00000000eab00000)
  object space 68608K, 17% used [0x00000000c0000000,0x00000000c0ba1f88,0x00000000c4300000)
 Metaspace       used 32837K, committed 33472K, reserved 1114112K
  class space    used 3184K, committed 3456K, reserved 1048576K
}
Event: 3.501 GC heap before
{Heap before GC invocations=11 (full 1):
 PSYoungGen      total 26624K, used 15307K [0x00000000eab00000, 0x00000000ec800000, 0x0000000100000000)
  eden space 23552K, 53% used [0x00000000eab00000,0x00000000eb7407a8,0x00000000ec200000)
  from space 3072K, 89% used [0x00000000ec400000,0x00000000ec6b2800,0x00000000ec700000)
  to   space 1024K, 0% used [0x00000000ec700000,0x00000000ec700000,0x00000000ec800000)
 ParOldGen       total 68608K, used 11911K [0x00000000c0000000, 0x00000000c4300000, 0x00000000eab00000)
  object space 68608K, 17% used [0x00000000c0000000,0x00000000c0ba1f88,0x00000000c4300000)
 Metaspace       used 35081K, committed 35840K, reserved 1114112K
  class space    used 3438K, committed 3776K, reserved 1048576K
}
Event: 3.503 GC heap after
{Heap after GC invocations=11 (full 1):
 PSYoungGen      total 24576K, used 1007K [0x00000000eab00000, 0x00000000ec900000, 0x0000000100000000)
  eden space 23552K, 0% used [0x00000000eab00000,0x00000000eab00000,0x00000000ec200000)
  from space 1024K, 98% used [0x00000000ec700000,0x00000000ec7fbd28,0x00000000ec800000)
  to   space 3584K, 0% used [0x00000000ec200000,0x00000000ec200000,0x00000000ec580000)
 ParOldGen       total 68608K, used 14029K [0x00000000c0000000, 0x00000000c4300000, 0x00000000eab00000)
  object space 68608K, 20% used [0x00000000c0000000,0x00000000c0db36d0,0x00000000c4300000)
 Metaspace       used 35081K, committed 35840K, reserved 1114112K
  class space    used 3438K, committed 3776K, reserved 1048576K
}
Event: 3.503 GC heap before
{Heap before GC invocations=12 (full 2):
 PSYoungGen      total 24576K, used 1007K [0x00000000eab00000, 0x00000000ec900000, 0x0000000100000000)
  eden space 23552K, 0% used [0x00000000eab00000,0x00000000eab00000,0x00000000ec200000)
  from space 1024K, 98% used [0x00000000ec700000,0x00000000ec7fbd28,0x00000000ec800000)
  to   space 3584K, 0% used [0x00000000ec200000,0x00000000ec200000,0x00000000ec580000)
 ParOldGen       total 68608K, used 14029K [0x00000000c0000000, 0x00000000c4300000, 0x00000000eab00000)
  object space 68608K, 20% used [0x00000000c0000000,0x00000000c0db36d0,0x00000000c4300000)
 Metaspace       used 35081K, committed 35840K, reserved 1114112K
  class space    used 3438K, committed 3776K, reserved 1048576K
}
Event: 3.529 GC heap after
{Heap after GC invocations=12 (full 2):
 PSYoungGen      total 24576K, used 0K [0x00000000eab00000, 0x00000000ec900000, 0x0000000100000000)
  eden space 23552K, 0% used [0x00000000eab00000,0x00000000eab00000,0x00000000ec200000)
  from space 1024K, 0% used [0x00000000ec700000,0x00000000ec700000,0x00000000ec800000)
  to   space 3584K, 0% used [0x00000000ec200000,0x00000000ec200000,0x00000000ec580000)
 ParOldGen       total 68608K, used 13214K [0x00000000c0000000, 0x00000000c4300000, 0x00000000eab00000)
  object space 68608K, 19% used [0x00000000c0000000,0x00000000c0ce78f8,0x00000000c4300000)
 Metaspace       used 35068K, committed 35840K, reserved 1114112K
  class space    used 3434K, committed 3776K, reserved 1048576K
}
Event: 3.868 GC heap before
{Heap before GC invocations=13 (full 2):
 PSYoungGen      total 24576K, used 23552K [0x00000000eab00000, 0x00000000ec900000, 0x0000000100000000)
  eden space 23552K, 100% used [0x00000000eab00000,0x00000000ec200000,0x00000000ec200000)
  from space 1024K, 0% used [0x00000000ec700000,0x00000000ec700000,0x00000000ec800000)
  to   space 3584K, 0% used [0x00000000ec200000,0x00000000ec200000,0x00000000ec580000)
 ParOldGen       total 68608K, used 13214K [0x00000000c0000000, 0x00000000c4300000, 0x00000000eab00000)
  object space 68608K, 19% used [0x00000000c0000000,0x00000000c0ce78f8,0x00000000c4300000)
 Metaspace       used 38282K, committed 39168K, reserved 1114112K
  class space    used 3843K, committed 4224K, reserved 1048576K
}
Event: 3.869 GC heap after
{Heap after GC invocations=13 (full 2):
 PSYoungGen      total 25088K, used 1637K [0x00000000eab00000, 0x00000000ec780000, 0x0000000100000000)
  eden space 23040K, 0% used [0x00000000eab00000,0x00000000eab00000,0x00000000ec180000)
  from space 2048K, 79% used [0x00000000ec200000,0x00000000ec399530,0x00000000ec400000)
  to   space 2560K, 0% used [0x00000000ec500000,0x00000000ec500000,0x00000000ec780000)
 ParOldGen       total 68608K, used 13222K [0x00000000c0000000, 0x00000000c4300000, 0x00000000eab00000)
  object space 68608K, 19% used [0x00000000c0000000,0x00000000c0ce98f8,0x00000000c4300000)
 Metaspace       used 38282K, committed 39168K, reserved 1114112K
  class space    used 3843K, committed 4224K, reserved 1048576K
}

Dll operation events (10 events):
Event: 0.009 Loaded shared library c:\Users\ASUS\.vscode\extensions\redhat.java-1.25.1-win32-x64\jre\17.0.9-win32-x86_64\bin\java.dll
Event: 0.141 Loaded shared library c:\Users\ASUS\.vscode\extensions\redhat.java-1.25.1-win32-x64\jre\17.0.9-win32-x86_64\bin\zip.dll
Event: 0.145 Loaded shared library C:\Users\ASUS\.vscode\extensions\redhat.java-1.25.1-win32-x64\jre\17.0.9-win32-x86_64\bin\instrument.dll
Event: 0.156 Loaded shared library C:\Users\ASUS\.vscode\extensions\redhat.java-1.25.1-win32-x64\jre\17.0.9-win32-x86_64\bin\net.dll
Event: 0.158 Loaded shared library C:\Users\ASUS\.vscode\extensions\redhat.java-1.25.1-win32-x64\jre\17.0.9-win32-x86_64\bin\nio.dll
Event: 0.166 Loaded shared library C:\Users\ASUS\.vscode\extensions\redhat.java-1.25.1-win32-x64\jre\17.0.9-win32-x86_64\bin\zip.dll
Event: 0.182 Loaded shared library C:\Users\ASUS\.vscode\extensions\redhat.java-1.25.1-win32-x64\jre\17.0.9-win32-x86_64\bin\jimage.dll
Event: 0.242 Loaded shared library c:\Users\ASUS\.vscode\extensions\redhat.java-1.25.1-win32-x64\jre\17.0.9-win32-x86_64\bin\verify.dll
Event: 1.233 Loaded shared library C:\Users\ASUS\AppData\Roaming\Code\User\globalStorage\redhat.java\1.25.1\config_win\org.eclipse.equinox.launcher\org.eclipse.equinox.launcher.win32.win32.x86_64_1.2.800.v20231003-1442\eclipse_11802.dll
Event: 3.486 Loaded shared library C:\Users\ASUS\AppData\Local\Temp\jna-2018896\jna13752868597214854729.dll

Deoptimization events (20 events):
Event: 3.904 Thread 0x000001f8d6b818c0 Uncommon trap: trap_request=0xffffffde fr.pc=0x000001f8c57d3f30 relative=0x0000000000000090
Event: 3.904 Thread 0x000001f8d6b818c0 Uncommon trap: reason=class_check action=maybe_recompile pc=0x000001f8c57d3f30 method=java.lang.Character.codePointAt(Ljava/lang/CharSequence;I)I @ 2 c2
Event: 3.904 Thread 0x000001f8d6b818c0 DEOPT PACKING pc=0x000001f8c57d3f30 sp=0x000000f1610fe8c0
Event: 3.904 Thread 0x000001f8d6b818c0 DEOPT UNPACKING pc=0x000001f8c4f566a3 sp=0x000000f1610fe848 mode 2
Event: 3.904 Thread 0x000001f8d6b818c0 Uncommon trap: trap_request=0xffffffde fr.pc=0x000001f8c57d3f30 relative=0x0000000000000090
Event: 3.904 Thread 0x000001f8d6b818c0 Uncommon trap: reason=class_check action=maybe_recompile pc=0x000001f8c57d3f30 method=java.lang.Character.codePointAt(Ljava/lang/CharSequence;I)I @ 2 c2
Event: 3.904 Thread 0x000001f8d6b818c0 DEOPT PACKING pc=0x000001f8c57d3f30 sp=0x000000f1610fe8c0
Event: 3.904 Thread 0x000001f8d6b818c0 DEOPT UNPACKING pc=0x000001f8c4f566a3 sp=0x000000f1610fe848 mode 2
Event: 3.904 Thread 0x000001f8d6b818c0 Uncommon trap: trap_request=0xffffffde fr.pc=0x000001f8c57d3f30 relative=0x0000000000000090
Event: 3.904 Thread 0x000001f8d6b818c0 Uncommon trap: reason=class_check action=maybe_recompile pc=0x000001f8c57d3f30 method=java.lang.Character.codePointAt(Ljava/lang/CharSequence;I)I @ 2 c2
Event: 3.904 Thread 0x000001f8d6b818c0 DEOPT PACKING pc=0x000001f8c57d3f30 sp=0x000000f1610fe8c0
Event: 3.904 Thread 0x000001f8d6b818c0 DEOPT UNPACKING pc=0x000001f8c4f566a3 sp=0x000000f1610fe848 mode 2
Event: 3.904 Thread 0x000001f8d6b818c0 Uncommon trap: trap_request=0xffffffde fr.pc=0x000001f8c57d3f30 relative=0x0000000000000090
Event: 3.904 Thread 0x000001f8d6b818c0 Uncommon trap: reason=class_check action=maybe_recompile pc=0x000001f8c57d3f30 method=java.lang.Character.codePointAt(Ljava/lang/CharSequence;I)I @ 2 c2
Event: 3.904 Thread 0x000001f8d6b818c0 DEOPT PACKING pc=0x000001f8c57d3f30 sp=0x000000f1610fe8c0
Event: 3.904 Thread 0x000001f8d6b818c0 DEOPT UNPACKING pc=0x000001f8c4f566a3 sp=0x000000f1610fe848 mode 2
Event: 3.927 Thread 0x000001f8d6b818c0 Uncommon trap: trap_request=0xffffff45 fr.pc=0x000001f8c5869710 relative=0x0000000000000a50
Event: 3.927 Thread 0x000001f8d6b818c0 Uncommon trap: reason=unstable_if action=reinterpret pc=0x000001f8c5869710 method=org.eclipse.osgi.internal.loader.classpath.ClasspathEntry.findEntry(Ljava/lang/String;)Lorg/eclipse/osgi/storage/bundlefile/BundleEntry; @ 32 c2
Event: 3.927 Thread 0x000001f8d6b818c0 DEOPT PACKING pc=0x000001f8c5869710 sp=0x000000f1610fbd20
Event: 3.927 Thread 0x000001f8d6b818c0 DEOPT UNPACKING pc=0x000001f8c4f566a3 sp=0x000000f1610fbcc8 mode 2

Classes unloaded (7 events):
Event: 3.506 Thread 0x000001f8baea63d0 Unloading class 0x0000000100250400 'java/lang/invoke/LambdaForm$MH+0x0000000100250400'
Event: 3.506 Thread 0x000001f8baea63d0 Unloading class 0x0000000100250000 'java/lang/invoke/LambdaForm$MH+0x0000000100250000'
Event: 3.506 Thread 0x000001f8baea63d0 Unloading class 0x000000010024fc00 'java/lang/invoke/LambdaForm$MH+0x000000010024fc00'
Event: 3.506 Thread 0x000001f8baea63d0 Unloading class 0x000000010024f800 'java/lang/invoke/LambdaForm$MH+0x000000010024f800'
Event: 3.506 Thread 0x000001f8baea63d0 Unloading class 0x000000010024f400 'java/lang/invoke/LambdaForm$BMH+0x000000010024f400'
Event: 3.506 Thread 0x000001f8baea63d0 Unloading class 0x000000010024f000 'java/lang/invoke/LambdaForm$DMH+0x000000010024f000'
Event: 3.506 Thread 0x000001f8baea63d0 Unloading class 0x000000010024c400 'java/lang/invoke/LambdaForm$DMH+0x000000010024c400'

Classes redefined (0 events):
No events

Internal exceptions (20 events):
Event: 3.203 Thread 0x000001f8d6833030 Exception <a 'java/lang/ClassNotFoundException'{0x00000000ec1076a0}: com/sun/org/apache/xerces/internal/impl/msg/spi/XMLSerializerMessagesProvider> (0x00000000ec1076a0) 
thrown [s\src\hotspot\share\classfile\systemDictionary.cpp, line 256]
Event: 3.204 Thread 0x000001f8d6833030 Exception <a 'java/lang/ClassNotFoundException'{0x00000000ec114928}: com/sun/org/apache/xerces/internal/impl/msg/spi/XMLMessagesProvider> (0x00000000ec114928) 
thrown [s\src\hotspot\share\classfile\systemDictionary.cpp, line 256]
Event: 3.218 Thread 0x000001f8d6833030 Exception <a 'java/lang/NoSuchMethodError'{0x00000000ec1e44f0}: 'void java.lang.invoke.DirectMethodHandle$Holder.invokeVirtual(java.lang.Object, java.lang.Object)'> (0x00000000ec1e44f0) 
thrown [s\src\hotspot\share\interpreter\linkResolver.cpp, line 759]
Event: 3.241 Thread 0x000001f8d6833030 Exception <a 'java/lang/NoSuchMethodError'{0x00000000eabf9270}: 'java.lang.Object java.lang.invoke.DirectMethodHandle$Holder.invokeStaticInit(java.lang.Object, int, int, int, int)'> (0x00000000eabf9270) 
thrown [s\src\hotspot\share\interpreter\linkResolver.cpp, line 759]
Event: 3.314 Thread 0x000001f8d6833030 Exception <a 'java/lang/NoSuchMethodError'{0x00000000ead4ed30}: 'java.lang.Object java.lang.invoke.DirectMethodHandle$Holder.invokeStaticInit(java.lang.Object, java.lang.Object, int, int, int, int)'> (0x00000000ead4ed30) 
thrown [s\src\hotspot\share\interpreter\linkResolver.cpp, line 759]
Event: 3.373 Thread 0x000001f8d6833030 Exception <a 'java/lang/ClassNotFoundException'{0x00000000eb0dede0}: com/sun/org/apache/xml/internal/serializer/spi/XMLEntitiesProvider> (0x00000000eb0dede0) 
thrown [s\src\hotspot\share\classfile\systemDictionary.cpp, line 256]
Event: 3.450 Thread 0x000001f8d6833030 Exception <a 'java/io/FileNotFoundException'{0x00000000eb4d2110}> (0x00000000eb4d2110) 
thrown [s\src\hotspot\share\prims\jni.cpp, line 516]
Event: 3.549 Thread 0x000001f8d6833030 Exception <a 'java/lang/UnsatisfiedLinkError'{0x00000000eabcc768}: The specified procedure could not be found.
> (0x00000000eabcc768) 
thrown [s\src\hotspot\share\prims\jni.cpp, line 535]
Event: 3.554 Thread 0x000001f8d6833030 Exception <a 'java/io/FileNotFoundException'{0x00000000eabf20b8}> (0x00000000eabf20b8) 
thrown [s\src\hotspot\share\prims\jni.cpp, line 516]
Event: 3.563 Thread 0x000001f8d6833030 Exception <a 'java/io/FileNotFoundException'{0x00000000eac75910}> (0x00000000eac75910) 
thrown [s\src\hotspot\share\prims\jni.cpp, line 516]
Event: 3.574 Thread 0x000001f8d6833030 Exception <a 'java/lang/UnsatisfiedLinkError'{0x00000000ead06cf0}: The specified procedure could not be found.
> (0x00000000ead06cf0) 
thrown [s\src\hotspot\share\prims\jni.cpp, line 535]
Event: 3.619 Thread 0x000001f8bae20a80 Exception <a 'sun/nio/fs/WindowsException'{0x00000000eaf270a0}> (0x00000000eaf270a0) 
thrown [s\src\hotspot\share\prims\jni.cpp, line 516]
Event: 3.678 Thread 0x000001f8bae20a80 Exception <a 'java/lang/NoSuchMethodError'{0x00000000eb3af830}: 'java.lang.Object java.lang.invoke.DirectMethodHandle$Holder.invokeStatic(java.lang.Object, java.lang.Object, long, java.lang.Object)'> (0x00000000eb3af830) 
thrown [s\src\hotspot\share\interpreter\linkResolver.cpp, line 759]
Event: 3.679 Thread 0x000001f8bae20a80 Exception <a 'java/lang/NoSuchMethodError'{0x00000000eb3b3508}: 'java.lang.Object java.lang.invoke.DirectMethodHandle$Holder.invokeStaticInit(java.lang.Object, java.lang.Object, long, java.lang.Object)'> (0x00000000eb3b3508) 
thrown [s\src\hotspot\share\interpreter\linkResolver.cpp, line 759]
Event: 3.679 Thread 0x000001f8bae20a80 Exception <a 'java/lang/NoSuchMethodError'{0x00000000eb3b9d80}: 'java.lang.Object java.lang.invoke.DirectMethodHandle$Holder.newInvokeSpecial(java.lang.Object, java.lang.Object, long)'> (0x00000000eb3b9d80) 
thrown [s\src\hotspot\share\interpreter\linkResolver.cpp, line 759]
Event: 3.718 Thread 0x000001f8bae20a80 Exception <a 'java/lang/NoSuchMethodError'{0x00000000eb576f88}: 'void java.lang.invoke.DirectMethodHandle$Holder.invokeStatic(java.lang.Object, java.lang.Object, java.lang.Object, java.lang.Object)'> (0x00000000eb576f88) 
thrown [s\src\hotspot\share\interpreter\linkResolver.cpp, line 759]
Event: 3.834 Thread 0x000001f8bae20a80 Exception <a 'java/lang/NoSuchMethodError'{0x00000000ebff2fc8}: 'void java.lang.invoke.DirectMethodHandle$Holder.invokeSpecial(java.lang.Object, java.lang.Object, java.lang.Object, java.lang.Object, java.lang.Object, java.lang.Object)'> (0x00000000ebff2fc8) 
thrown [s\src\hotspot\share\interpreter\linkResolver.cpp, line 759]
Event: 3.835 Thread 0x000001f8bae20a80 Exception <a 'java/lang/IncompatibleClassChangeError'{0x00000000ebffcd00}: Found class java.lang.Object, but interface was expected> (0x00000000ebffcd00) 
thrown [s\src\hotspot\share\interpreter\linkResolver.cpp, line 826]
Event: 3.937 Thread 0x000001f8d6b818c0 Exception <a 'java/lang/NoSuchMethodError'{0x00000000eafd5e78}: 'java.lang.Object java.lang.invoke.DirectMethodHandle$Holder.invokeSpecialIFC(java.lang.Object, java.lang.Object, java.lang.Object, java.lang.Object)'> (0x00000000eafd5e78) 
thrown [s\src\hotspot\share\interpreter\linkResolver.cpp, line 759]
Event: 4.094 Thread 0x000001f8d6b818c0 Exception <a 'java/lang/NoSuchMethodError'{0x00000000ebaaa958}: 'int java.lang.invoke.DirectMethodHandle$Holder.invokeSpecialIFC(java.lang.Object, java.lang.Object, java.lang.Object, java.lang.Object, java.lang.Object)'> (0x00000000ebaaa958) 
thrown [s\src\hotspot\share\interpreter\linkResolver.cpp, line 759]

VM Operations (20 events):
Event: 3.306 Executing VM operation: HandshakeAllThreads
Event: 3.306 Executing VM operation: HandshakeAllThreads done
Event: 3.345 Executing VM operation: HandshakeAllThreads
Event: 3.345 Executing VM operation: HandshakeAllThreads done
Event: 3.372 Executing VM operation: HandshakeAllThreads
Event: 3.372 Executing VM operation: HandshakeAllThreads done
Event: 3.375 Executing VM operation: HandshakeAllThreads
Event: 3.375 Executing VM operation: HandshakeAllThreads done
Event: 3.400 Executing VM operation: HandshakeAllThreads
Event: 3.401 Executing VM operation: HandshakeAllThreads done
Event: 3.501 Executing VM operation: HandshakeAllThreads
Event: 3.501 Executing VM operation: HandshakeAllThreads done
Event: 3.501 Executing VM operation: CollectForMetadataAllocation
Event: 3.530 Executing VM operation: CollectForMetadataAllocation done
Event: 3.867 Executing VM operation: ParallelGCFailedAllocation
Event: 3.869 Executing VM operation: ParallelGCFailedAllocation done
Event: 3.893 Executing VM operation: HandshakeAllThreads
Event: 3.893 Executing VM operation: HandshakeAllThreads done
Event: 3.953 Executing VM operation: HandshakeAllThreads
Event: 3.953 Executing VM operation: HandshakeAllThreads done

Events (20 events):
Event: 4.056 loading class sun/reflect/annotation/TypeAnnotation$TypeAnnotationTarget
Event: 4.056 loading class sun/reflect/annotation/TypeAnnotation$TypeAnnotationTarget done
Event: 4.056 loading class sun/reflect/annotation/TypeAnnotation$LocationInfo
Event: 4.056 loading class sun/reflect/annotation/TypeAnnotation$LocationInfo done
Event: 4.056 loading class sun/reflect/annotation/TypeAnnotation$LocationInfo$Location
Event: 4.056 loading class sun/reflect/annotation/TypeAnnotation$LocationInfo$Location done
Event: 4.056 loading class sun/reflect/annotation/AnnotatedTypeFactory
Event: 4.056 loading class sun/reflect/annotation/AnnotatedTypeFactory done
Event: 4.056 loading class sun/reflect/annotation/AnnotatedTypeFactory$AnnotatedTypeBaseImpl
Event: 4.057 loading class sun/reflect/annotation/AnnotatedTypeFactory$AnnotatedTypeBaseImpl done
Event: 4.057 loading class java/util/stream/Streams$ConcatSpliterator$OfRef
Event: 4.057 loading class java/util/stream/Streams$ConcatSpliterator
Event: 4.057 loading class java/util/stream/Streams$ConcatSpliterator done
Event: 4.057 loading class java/util/stream/Streams$ConcatSpliterator$OfRef done
Event: 4.057 loading class java/util/stream/Streams$2
Event: 4.057 loading class java/util/stream/Streams$2 done
Event: 4.104 loading class java/util/stream/SortedOps$SizedRefSortingSink
Event: 4.104 loading class java/util/stream/SortedOps$SizedRefSortingSink done
Event: 4.137 loading class java/lang/annotation/ElementType
Event: 4.137 loading class java/lang/annotation/ElementType done


Dynamic libraries:
0x00007ff6931a0000 - 0x00007ff6931ae000 	c:\Users\ASUS\.vscode\extensions\redhat.java-1.25.1-win32-x64\jre\17.0.9-win32-x86_64\bin\java.exe
0x00007ff8a4a10000 - 0x00007ff8a4c27000 	C:\WINDOWS\SYSTEM32\ntdll.dll
0x00007ff8a3220000 - 0x00007ff8a32e4000 	C:\WINDOWS\System32\KERNEL32.DLL
0x00007ff8a2080000 - 0x00007ff8a2426000 	C:\WINDOWS\System32\KERNELBASE.dll
0x00007ff8a2640000 - 0x00007ff8a2751000 	C:\WINDOWS\System32\ucrtbase.dll
0x00007ff89ec00000 - 0x00007ff89ec17000 	c:\Users\ASUS\.vscode\extensions\redhat.java-1.25.1-win32-x64\jre\17.0.9-win32-x86_64\bin\jli.dll
0x00007ff89e080000 - 0x00007ff89e09b000 	c:\Users\ASUS\.vscode\extensions\redhat.java-1.25.1-win32-x64\jre\17.0.9-win32-x86_64\bin\VCRUNTIME140.dll
0x00007ff8a4420000 - 0x00007ff8a45ce000 	C:\WINDOWS\System32\USER32.dll
0x00007ff8a2610000 - 0x00007ff8a2636000 	C:\WINDOWS\System32\win32u.dll
0x00007ff8a4200000 - 0x00007ff8a4229000 	C:\WINDOWS\System32\GDI32.dll
0x00007ff89a580000 - 0x00007ff89a813000 	C:\WINDOWS\WinSxS\amd64_microsoft.windows.common-controls_6595b64144ccf1df_6.0.22621.2506_none_270c5ae97388e100\COMCTL32.dll
0x00007ff8a1df0000 - 0x00007ff8a1f08000 	C:\WINDOWS\System32\gdi32full.dll
0x00007ff8a45d0000 - 0x00007ff8a4677000 	C:\WINDOWS\System32\msvcrt.dll
0x00007ff8a2570000 - 0x00007ff8a260a000 	C:\WINDOWS\System32\msvcp_win.dll
0x00007ff8a29e0000 - 0x00007ff8a2a11000 	C:\WINDOWS\System32\IMM32.DLL
0x00007ff89ec80000 - 0x00007ff89ec8c000 	c:\Users\ASUS\.vscode\extensions\redhat.java-1.25.1-win32-x64\jre\17.0.9-win32-x86_64\bin\vcruntime140_1.dll
0x00007ff885530000 - 0x00007ff8855bd000 	c:\Users\ASUS\.vscode\extensions\redhat.java-1.25.1-win32-x64\jre\17.0.9-win32-x86_64\bin\msvcp140.dll
0x00007ff85ada0000 - 0x00007ff85ba01000 	c:\Users\ASUS\.vscode\extensions\redhat.java-1.25.1-win32-x64\jre\17.0.9-win32-x86_64\bin\server\jvm.dll
0x00007ff8a46a0000 - 0x00007ff8a4751000 	C:\WINDOWS\System32\ADVAPI32.dll
0x00007ff8a3170000 - 0x00007ff8a3215000 	C:\WINDOWS\System32\sechost.dll
0x00007ff8a4760000 - 0x00007ff8a4877000 	C:\WINDOWS\System32\RPCRT4.dll
0x00007ff899e90000 - 0x00007ff899e9a000 	C:\WINDOWS\SYSTEM32\VERSION.dll
0x00007ff8a1830000 - 0x00007ff8a187d000 	C:\WINDOWS\SYSTEM32\POWRPROF.dll
0x00007ff89a220000 - 0x00007ff89a229000 	C:\WINDOWS\SYSTEM32\WSOCK32.dll
0x00007ff897ff0000 - 0x00007ff898024000 	C:\WINDOWS\SYSTEM32\WINMM.dll
0x00007ff8a2b00000 - 0x00007ff8a2b71000 	C:\WINDOWS\System32\WS2_32.dll
0x00007ff8a16d0000 - 0x00007ff8a16e3000 	C:\WINDOWS\SYSTEM32\UMPDC.dll
0x00007ff8a0d40000 - 0x00007ff8a0d58000 	C:\WINDOWS\SYSTEM32\kernel.appcore.dll
0x00007ff89a2e0000 - 0x00007ff89a2ea000 	c:\Users\ASUS\.vscode\extensions\redhat.java-1.25.1-win32-x64\jre\17.0.9-win32-x86_64\bin\jimage.dll
0x00007ff89f680000 - 0x00007ff89f8b3000 	C:\WINDOWS\SYSTEM32\DBGHELP.DLL
0x00007ff8a2de0000 - 0x00007ff8a3169000 	C:\WINDOWS\System32\combase.dll
0x00007ff8a2760000 - 0x00007ff8a2837000 	C:\WINDOWS\System32\OLEAUT32.dll
0x00007ff8989f0000 - 0x00007ff898a22000 	C:\WINDOWS\SYSTEM32\dbgcore.DLL
0x00007ff8a24f0000 - 0x00007ff8a256a000 	C:\WINDOWS\System32\bcryptPrimitives.dll
0x00007ff89a2d0000 - 0x00007ff89a2de000 	c:\Users\ASUS\.vscode\extensions\redhat.java-1.25.1-win32-x64\jre\17.0.9-win32-x86_64\bin\instrument.dll
0x00007ff88f040000 - 0x00007ff88f065000 	c:\Users\ASUS\.vscode\extensions\redhat.java-1.25.1-win32-x64\jre\17.0.9-win32-x86_64\bin\java.dll
0x00007ff899dc0000 - 0x00007ff899dd8000 	c:\Users\ASUS\.vscode\extensions\redhat.java-1.25.1-win32-x64\jre\17.0.9-win32-x86_64\bin\zip.dll
0x00007ff8a3940000 - 0x00007ff8a419a000 	C:\WINDOWS\System32\SHELL32.dll
0x00007ff89fc50000 - 0x00007ff8a0546000 	C:\WINDOWS\SYSTEM32\windows.storage.dll
0x00007ff89fb10000 - 0x00007ff89fc4e000 	C:\WINDOWS\SYSTEM32\wintypes.dll
0x00007ff8a3840000 - 0x00007ff8a3933000 	C:\WINDOWS\System32\SHCORE.dll
0x00007ff8a2a20000 - 0x00007ff8a2a7e000 	C:\WINDOWS\System32\shlwapi.dll
0x00007ff8a1cb0000 - 0x00007ff8a1cd6000 	C:\WINDOWS\SYSTEM32\profapi.dll
0x00007ff897250000 - 0x00007ff897269000 	C:\Users\ASUS\.vscode\extensions\redhat.java-1.25.1-win32-x64\jre\17.0.9-win32-x86_64\bin\net.dll
0x00007ff89c3a0000 - 0x00007ff89c4d7000 	C:\WINDOWS\SYSTEM32\WINHTTP.dll
0x00007ff8a11b0000 - 0x00007ff8a1219000 	C:\WINDOWS\system32\mswsock.dll
0x00007ff8971e0000 - 0x00007ff8971f6000 	C:\Users\ASUS\.vscode\extensions\redhat.java-1.25.1-win32-x64\jre\17.0.9-win32-x86_64\bin\nio.dll
0x00007ff896c50000 - 0x00007ff896c60000 	c:\Users\ASUS\.vscode\extensions\redhat.java-1.25.1-win32-x64\jre\17.0.9-win32-x86_64\bin\verify.dll
0x00007ff885490000 - 0x00007ff8854ce000 	C:\Users\ASUS\AppData\Roaming\Code\User\globalStorage\redhat.java\1.25.1\config_win\org.eclipse.equinox.launcher\org.eclipse.equinox.launcher.win32.win32.x86_64_1.2.800.v20231003-1442\eclipse_11802.dll
0x00007ff8a4280000 - 0x00007ff8a4420000 	C:\WINDOWS\System32\ole32.dll
0x00007ff8a1500000 - 0x00007ff8a151b000 	C:\WINDOWS\SYSTEM32\CRYPTSP.dll
0x00007ff8a0ca0000 - 0x00007ff8a0cd5000 	C:\WINDOWS\system32\rsaenh.dll
0x00007ff8a1250000 - 0x00007ff8a127c000 	C:\WINDOWS\SYSTEM32\USERENV.dll
0x00007ff8a1690000 - 0x00007ff8a16b8000 	C:\WINDOWS\SYSTEM32\bcrypt.dll
0x00007ff8a14e0000 - 0x00007ff8a14ec000 	C:\WINDOWS\SYSTEM32\CRYPTBASE.dll
0x00007ff8a07b0000 - 0x00007ff8a07dd000 	C:\WINDOWS\SYSTEM32\IPHLPAPI.DLL
0x00007ff8a33a0000 - 0x00007ff8a33a9000 	C:\WINDOWS\System32\NSI.dll
0x00007ff89c1e0000 - 0x00007ff89c1f9000 	C:\WINDOWS\SYSTEM32\dhcpcsvc6.DLL
0x00007ff89c1c0000 - 0x00007ff89c1df000 	C:\WINDOWS\SYSTEM32\dhcpcsvc.DLL
0x00007ff8a07e0000 - 0x00007ff8a08d9000 	C:\WINDOWS\SYSTEM32\DNSAPI.dll
0x00007ff861540000 - 0x00007ff861585000 	C:\Users\ASUS\AppData\Local\Temp\jna-2018896\jna13752868597214854729.dll
0x00007ff8a28d0000 - 0x00007ff8a28d8000 	C:\WINDOWS\System32\PSAPI.DLL

dbghelp: loaded successfully - version: 4.0.5 - missing functions: none
symbol engine: initialized successfully - sym options: 0x614 - pdb path: .;c:\Users\ASUS\.vscode\extensions\redhat.java-1.25.1-win32-x64\jre\17.0.9-win32-x86_64\bin;C:\WINDOWS\SYSTEM32;C:\WINDOWS\WinSxS\amd64_microsoft.windows.common-controls_6595b64144ccf1df_6.0.22621.2506_none_270c5ae97388e100;c:\Users\ASUS\.vscode\extensions\redhat.java-1.25.1-win32-x64\jre\17.0.9-win32-x86_64\bin\server;C:\Users\ASUS\AppData\Roaming\Code\User\globalStorage\redhat.java\1.25.1\config_win\org.eclipse.equinox.launcher\org.eclipse.equinox.launcher.win32.win32.x86_64_1.2.800.v20231003-1442;C:\Users\ASUS\AppData\Local\Temp\jna-2018896

VM Arguments:
jvm_args: --add-modules=ALL-SYSTEM --add-opens=java.base/java.util=ALL-UNNAMED --add-opens=java.base/java.lang=ALL-UNNAMED --add-opens=java.base/sun.nio.fs=ALL-UNNAMED -Declipse.application=org.eclipse.jdt.ls.core.id1 -Dosgi.bundles.defaultStartLevel=4 -Declipse.product=org.eclipse.jdt.ls.core.product -Djava.import.generatesMetadataFilesAtProjectRoot=false -DDetectVMInstallationsJob.disabled=true -Dfile.encoding=utf8 -XX:+UseParallelGC -XX:GCTimeRatio=4 -XX:AdaptiveSizePolicyWeight=90 -Dsun.zip.disableMemoryMapping=true -Xmx1G -Xms100m -Xlog:disable -javaagent:c:\Users\ASUS\.vscode\extensions\redhat.java-1.25.1-win32-x64\lombok\lombok-1.18.30.jar -XX:+HeapDumpOnOutOfMemoryError -XX:HeapDumpPath=c:\Users\ASUS\AppData\Roaming\Code\User\workspaceStorage\12d0023a93ece6fc33ff234e2b806396\redhat.java -Daether.dependencyCollector.impl=bf 
java_command: c:\Users\ASUS\.vscode\extensions\redhat.java-1.25.1-win32-x64\server\plugins\org.eclipse.equinox.launcher_1.6.600.v20231106-1826.jar -configuration c:\Users\ASUS\AppData\Roaming\Code\User\globalStorage\redhat.java\1.25.1\config_win -data c:\Users\ASUS\AppData\Roaming\Code\User\workspaceStorage\12d0023a93ece6fc33ff234e2b806396\redhat.java\jdt_ws --stdio
java_class_path (initial): c:\Users\ASUS\.vscode\extensions\redhat.java-1.25.1-win32-x64\server\plugins\org.eclipse.equinox.launcher_1.6.600.v20231106-1826.jar
Launcher Type: SUN_STANDARD

[Global flags]
    uintx AdaptiveSizePolicyWeight                 = 90                                        {product} {command line}
     intx CICompilerCount                          = 12                                        {product} {ergonomic}
    uintx GCTimeRatio                              = 4                                         {product} {command line}
     bool HeapDumpOnOutOfMemoryError               = true                                   {manageable} {command line}
    ccstr HeapDumpPath                             = c:\Users\ASUS\AppData\Roaming\Code\User\workspaceStorage\12d0023a93ece6fc33ff234e2b806396\redhat.java         {manageable} {command line}
   size_t InitialHeapSize                          = 104857600                                 {product} {command line}
   size_t MaxHeapSize                              = 1073741824                                {product} {command line}
   size_t MaxNewSize                               = 357564416                                 {product} {ergonomic}
   size_t MinHeapDeltaBytes                        = 524288                                    {product} {ergonomic}
   size_t MinHeapSize                              = 104857600                                 {product} {command line}
   size_t NewSize                                  = 34603008                                  {product} {ergonomic}
    uintx NonNMethodCodeHeapSize                   = 7602480                                {pd product} {ergonomic}
    uintx NonProfiledCodeHeapSize                  = 122027880                              {pd product} {ergonomic}
   size_t OldSize                                  = 70254592                                  {product} {ergonomic}
    uintx ProfiledCodeHeapSize                     = 122027880                              {pd product} {ergonomic}
    uintx ReservedCodeCacheSize                    = 251658240                              {pd product} {ergonomic}
     bool SegmentedCodeCache                       = true                                      {product} {ergonomic}
   size_t SoftMaxHeapSize                          = 1073741824                             {manageable} {ergonomic}
     bool UseCompressedClassPointers               = true                           {product lp64_product} {ergonomic}
     bool UseCompressedOops                        = true                           {product lp64_product} {ergonomic}
     bool UseLargePagesIndividualAllocation        = false                                  {pd product} {ergonomic}
     bool UseParallelGC                            = true                                      {product} {command line}

Logging:
Log output configuration:
 #0: stdout all=off uptime,level,tags
 #1: stderr all=off uptime,level,tags

Environment Variables:
JAVA_HOME=C:\Program Files\Java\jdk1.8.0_202\bin
PATH=F:\oracle19c\app\oracle\product\11.2.0\server\bin;F:\downloads\WINDOWS.X64_193000_db_home\bin;C:\WINDOWS\system32;C:\WINDOWS;C:\WINDOWS\System32\Wbem;C:\WINDOWS\System32\WindowsPowerShell\v1.0\;C:\WINDOWS\System32\OpenSSH\;C:\ProgramData\chocolatey\bin;C:\Program Files\Git\cmd;C:\Program Files\dotnet\;C:\Program Files\MySQL\MySQL Server 8.0\bin;C:\Program Files\nodejs\;C:\Program Files\Java\jdk1.8.0_202\bin;C:\Program Files\Python311;C:\Program Files\MongoDB\Server\7.0\bin;;C:\Program Files\Docker\Docker\resources\bin;C:\Program Files\MySQL\MySQL Shell 8.0\bin\;C:\Program Files\JetBrains\PyCharm Community Edition 2022.3.2\bin;;C:\Program Files\Java\jdk1.8.0_202\bin\bin;C:\Users\ASUS\AppData\Local\Microsoft\WindowsApps;F:\Program Files\;C:\Program Files\nodejs\;C:\Users\ASUS\AppData\Local\GitHubDesktop\bin;C:\Program Files\JetBrains\IntelliJ IDEA 2023.1.4\bin;;C:\Users\ASUS\AppData\Roaming\npm;C:\Program Files\heroku\bin;C:\Program Files\MongoDB\Server\7.0\bin;C:\Users\ASUS\AppData\Local\Programs\mongosh\;F:\Program Files\Microsoft VS Code\bin
USERNAME=ASUS
OS=Windows_NT
PROCESSOR_IDENTIFIER=AMD64 Family 23 Model 96 Stepping 1, AuthenticAMD
TMP=C:\Users\ASUS\AppData\Local\Temp
TEMP=C:\Users\ASUS\AppData\Local\Temp



Periodic native trim disabled


---------------  S Y S T E M  ---------------

OS:
 Windows 11 , 64 bit Build 22621 (10.0.22621.2506)
OS uptime: 0 days 9:26 hours
Hyper-V role detected

CPU: total 16 (initial active 16) (16 cores per cpu, 2 threads per core) family 23 model 96 stepping 1 microcode 0x0, cx8, cmov, fxsr, ht, mmx, 3dnowpref, sse, sse2, sse3, ssse3, sse4a, sse4.1, sse4.2, popcnt, lzcnt, tsc, tscinvbit, avx, avx2, aes, clmul, bmi1, bmi2, adx, sha, fma, vzeroupper, clflush, clflushopt, hv
Processor Information for all 16 processors :
  Max Mhz: 2901, Current Mhz: 2901, Mhz Limit: 2901

Memory: 4k page, system-wide physical 15791M (5274M free)
TotalPageFile size 17791M (AvailPageFile size 5M)
current process WorkingSet (physical memory assigned to process): 196M, peak: 196M
current process commit charge ("private bytes"): 311M, peak: 311M

vm_info: OpenJDK 64-Bit Server VM (17.0.9+9) for windows-amd64 JRE (17.0.9+9), built on Oct 26 2023 14:01:42 by "admin" with MS VC++ 16.10 / 16.11 (VS2019)

END.
