#
# There is insufficient memory for the Java Runtime Environment to continue.
# Native memory allocation (malloc) failed to allocate 252416 bytes for Chunk::new
# Possible reasons:
#   The system is out of physical RAM or swap space
#   The process is running with CompressedOops enabled, and the Java Heap may be blocking the growth of the native heap
# Possible solutions:
#   Reduce memory load on the system
#   Increase physical memory or swap space
#   Check if swap backing store is full
#   Decrease Java heap size (-Xmx/-Xms)
#   Decrease number of Java threads
#   Decrease Java thread stack sizes (-Xss)
#   Set larger code cache with -XX:ReservedCodeCacheSize=
#   JVM is running with Unscaled Compressed Oops mode in which the Java heap is
#     placed in the first 4GB address space. The Java Heap base address is the
#     maximum limit for the native heap growth. Please use -XX:HeapBaseMinAddress
#     to set the Java Heap base and to place the Java Heap above 4GB virtual address.
# This output file may be truncated or incomplete.
#
#  Out of Memory Error (arena.cpp:191), pid=5920, tid=16268
#
# JRE version: OpenJDK Runtime Environment Temurin-17.0.9+9 (17.0.9+9) (build 17.0.9+9)
# Java VM: OpenJDK 64-Bit Server VM Temurin-17.0.9+9 (17.0.9+9, mixed mode, tiered, compressed oops, compressed class ptrs, parallel gc, windows-amd64)
# No core dump will be written. Minidumps are not enabled by default on client versions of Windows
#

---------------  S U M M A R Y ------------

Command Line: --add-modules=ALL-SYSTEM --add-opens=java.base/java.util=ALL-UNNAMED --add-opens=java.base/java.lang=ALL-UNNAMED --add-opens=java.base/sun.nio.fs=ALL-UNNAMED -Declipse.application=org.eclipse.jdt.ls.core.id1 -Dosgi.bundles.defaultStartLevel=4 -Declipse.product=org.eclipse.jdt.ls.core.product -Djava.import.generatesMetadataFilesAtProjectRoot=false -DDetectVMInstallationsJob.disabled=true -Dfile.encoding=utf8 -XX:+UseParallelGC -XX:GCTimeRatio=4 -XX:AdaptiveSizePolicyWeight=90 -Dsun.zip.disableMemoryMapping=true -Xmx1G -Xms100m -Xlog:disable -javaagent:c:\Users\ASUS\.vscode\extensions\redhat.java-1.25.1-win32-x64\lombok\lombok-1.18.30.jar -XX:+HeapDumpOnOutOfMemoryError -XX:HeapDumpPath=c:\Users\ASUS\AppData\Roaming\Code\User\workspaceStorage\12d0023a93ece6fc33ff234e2b806396\redhat.java -Daether.dependencyCollector.impl=bf c:\Users\ASUS\.vscode\extensions\redhat.java-1.25.1-win32-x64\server\plugins\org.eclipse.equinox.launcher_1.6.600.v20231106-1826.jar -configuration c:\Users\ASUS\AppData\Roaming\Code\User\globalStorage\redhat.java\1.25.1\config_win -data c:\Users\ASUS\AppData\Roaming\Code\User\workspaceStorage\12d0023a93ece6fc33ff234e2b806396\redhat.java\jdt_ws --stdio

Host: AMD Ryzen 7 4800H with Radeon Graphics         , 16 cores, 15G,  Windows 11 , 64 bit Build 22621 (10.0.22621.2506)
Time: Thu Jan  4 19:48:45 2024 India Standard Time elapsed time: 35.409007 seconds (0d 0h 0m 35s)

---------------  T H R E A D  ---------------

Current thread (0x0000022356364b50):  JavaThread "C2 CompilerThread1" daemon [_thread_in_native, id=16268, stack(0x000000eefc300000,0x000000eefc400000)]


Current CompileTask:
C2:  35409 7970       4       org.eclipse.jdt.internal.core.AbstractClassFile::hashCode (18 bytes)

Stack: [0x000000eefc300000,0x000000eefc400000]
Native frames: (J=compiled Java code, j=interpreted, Vv=VM code, C=native code)
V  [jvm.dll+0x67cf49]
V  [jvm.dll+0x83478a]
V  [jvm.dll+0x83624e]
V  [jvm.dll+0x8368b3]
V  [jvm.dll+0x247f1f]
V  [jvm.dll+0xac43c]
V  [jvm.dll+0xaca8c]
V  [jvm.dll+0x2af45f]
V  [jvm.dll+0x5853f7]
V  [jvm.dll+0x222f62]
V  [jvm.dll+0x22334f]
V  [jvm.dll+0x21c476]
V  [jvm.dll+0x2198c1]
V  [jvm.dll+0x1a57cd]
V  [jvm.dll+0x2297ae]
V  [jvm.dll+0x22797c]
V  [jvm.dll+0x7e9877]
V  [jvm.dll+0x7e3c3a]
V  [jvm.dll+0x67be35]
C  [ucrtbase.dll+0x29363]
C  [KERNEL32.DLL+0x1257d]
C  [ntdll.dll+0x5aa58]


---------------  P R O C E S S  ---------------

Threads class SMR info:
_java_thread_list=0x00000223575b52b0, length=42, elements={
0x0000022336b00c90, 0x000002234fa88dc0, 0x000002234a98d270, 0x0000022336badec0,
0x000002234fac2010, 0x000002234fac3150, 0x000002234fac5df0, 0x000002234facac10,
0x000002234fad1280, 0x000002234fadc7b0, 0x000002234fbadb80, 0x0000022351ca0ab0,
0x00000223527d2c20, 0x00000223527e8d10, 0x0000022352c19ac0, 0x00000223525eac90,
0x00000223525deee0, 0x0000022352cfe2e0, 0x0000022352cfed00, 0x0000022352cfd3b0,
0x0000022352cfd8c0, 0x0000022352cfddd0, 0x0000022352cff210, 0x0000022352cfe7f0,
0x0000022352cffc30, 0x0000022352cfc480, 0x0000022354fc63d0, 0x0000022354fc5ec0,
0x0000022354fc3640, 0x0000022354fc8740, 0x0000022354fc4f90, 0x0000022354fc4a80,
0x0000022354fc54a0, 0x0000022354fc59b0, 0x0000022354fc6df0, 0x0000022354fc9b80,
0x0000022354fc7300, 0x0000022354fc7810, 0x0000022354fc7d20, 0x0000022356366b30,
0x0000022354fc8c50, 0x0000022356364b50
}

Java Threads: ( => current thread )
  0x0000022336b00c90 JavaThread "main" [_thread_blocked, id=14740, stack(0x000000eefb400000,0x000000eefb500000)]
  0x000002234fa88dc0 JavaThread "Reference Handler" daemon [_thread_blocked, id=6632, stack(0x000000eefb700000,0x000000eefb800000)]
  0x000002234a98d270 JavaThread "Finalizer" daemon [_thread_blocked, id=13676, stack(0x000000eefb800000,0x000000eefb900000)]
  0x0000022336badec0 JavaThread "Signal Dispatcher" daemon [_thread_blocked, id=12884, stack(0x000000eefb900000,0x000000eefba00000)]
  0x000002234fac2010 JavaThread "Attach Listener" daemon [_thread_blocked, id=12596, stack(0x000000eefba00000,0x000000eefbb00000)]
  0x000002234fac3150 JavaThread "Service Thread" daemon [_thread_blocked, id=2512, stack(0x000000eefbb00000,0x000000eefbc00000)]
  0x000002234fac5df0 JavaThread "Monitor Deflation Thread" daemon [_thread_blocked, id=22592, stack(0x000000eefbc00000,0x000000eefbd00000)]
  0x000002234facac10 JavaThread "C2 CompilerThread0" daemon [_thread_in_native, id=17244, stack(0x000000eefbd00000,0x000000eefbe00000)]
  0x000002234fad1280 JavaThread "C1 CompilerThread0" daemon [_thread_blocked, id=23296, stack(0x000000eefbe00000,0x000000eefbf00000)]
  0x000002234fadc7b0 JavaThread "Sweeper thread" daemon [_thread_blocked, id=9504, stack(0x000000eefbf00000,0x000000eefc000000)]
  0x000002234fbadb80 JavaThread "Common-Cleaner" daemon [_thread_blocked, id=16664, stack(0x000000eefc000000,0x000000eefc100000)]
  0x0000022351ca0ab0 JavaThread "Notification Thread" daemon [_thread_blocked, id=1160, stack(0x000000eefc500000,0x000000eefc600000)]
  0x00000223527d2c20 JavaThread "Active Thread: Equinox Container: f05ecb81-b35c-4c62-88f6-64b6813d744b" [_thread_blocked, id=19424, stack(0x000000eefca00000,0x000000eefcb00000)]
  0x00000223527e8d10 JavaThread "Framework Event Dispatcher: Equinox Container: f05ecb81-b35c-4c62-88f6-64b6813d744b" daemon [_thread_blocked, id=11280, stack(0x000000eefcb00000,0x000000eefcc00000)]
  0x0000022352c19ac0 JavaThread "Start Level: Equinox Container: f05ecb81-b35c-4c62-88f6-64b6813d744b" daemon [_thread_blocked, id=23856, stack(0x000000eefcc00000,0x000000eefcd00000)]
  0x00000223525eac90 JavaThread "Bundle File Closer" daemon [_thread_blocked, id=14076, stack(0x000000eefd400000,0x000000eefd500000)]
  0x00000223525deee0 JavaThread "SCR Component Actor" daemon [_thread_blocked, id=15260, stack(0x000000eefd500000,0x000000eefd600000)]
  0x0000022352cfe2e0 JavaThread "Worker-JM" [_thread_blocked, id=10016, stack(0x000000eefc800000,0x000000eefc900000)]
  0x0000022352cfed00 JavaThread "Worker-0" [_thread_blocked, id=17484, stack(0x000000eefda00000,0x000000eefdb00000)]
  0x0000022352cfd3b0 JavaThread "Worker-1" [_thread_blocked, id=12340, stack(0x000000eefdb00000,0x000000eefdc00000)]
  0x0000022352cfd8c0 JavaThread "Java indexing" daemon [_thread_blocked, id=18308, stack(0x000000eefdd00000,0x000000eefde00000)]
  0x0000022352cfddd0 JavaThread "JNA Cleaner" daemon [_thread_blocked, id=2728, stack(0x000000eefde00000,0x000000eefdf00000)]
  0x0000022352cff210 JavaThread "pool-2-thread-1" [_thread_blocked, id=3704, stack(0x000000eefe100000,0x000000eefe200000)]
  0x0000022352cfe7f0 JavaThread "WorkspaceEventsHandler" [_thread_blocked, id=23100, stack(0x000000eefe200000,0x000000eefe300000)]
  0x0000022352cffc30 JavaThread "pool-1-thread-1" [_thread_in_native, id=3832, stack(0x000000eefe300000,0x000000eefe400000)]
  0x0000022352cfc480 JavaThread "Worker-2" [_thread_blocked, id=1164, stack(0x000000eefe400000,0x000000eefe500000)]
  0x0000022354fc63d0 JavaThread "Worker-3" [_thread_blocked, id=24372, stack(0x000000eefe500000,0x000000eefe600000)]
  0x0000022354fc5ec0 JavaThread "ForkJoinPool.commonPool-worker-1" daemon [_thread_blocked, id=18352, stack(0x000000eefea00000,0x000000eefeb00000)]
  0x0000022354fc3640 JavaThread "ForkJoinPool.commonPool-worker-2" daemon [_thread_blocked, id=19000, stack(0x000000eefeb00000,0x000000eefec00000)]
  0x0000022354fc8740 JavaThread "ForkJoinPool.commonPool-worker-3" daemon [_thread_blocked, id=24260, stack(0x000000eefec00000,0x000000eefed00000)]
  0x0000022354fc4f90 JavaThread "ForkJoinPool.commonPool-worker-4" daemon [_thread_blocked, id=7832, stack(0x000000eefed00000,0x000000eefee00000)]
  0x0000022354fc4a80 JavaThread "ForkJoinPool.commonPool-worker-5" daemon [_thread_blocked, id=24192, stack(0x000000eefee00000,0x000000eefef00000)]
  0x0000022354fc54a0 JavaThread "ForkJoinPool.commonPool-worker-6" daemon [_thread_blocked, id=10396, stack(0x000000eefef00000,0x000000eeff000000)]
  0x0000022354fc59b0 JavaThread "ForkJoinPool.commonPool-worker-7" daemon [_thread_blocked, id=15268, stack(0x000000eeff000000,0x000000eeff100000)]
  0x0000022354fc6df0 JavaThread "ForkJoinPool.commonPool-worker-8" daemon [_thread_blocked, id=22996, stack(0x000000eeff100000,0x000000eeff200000)]
  0x0000022354fc9b80 JavaThread "ForkJoinPool.commonPool-worker-9" daemon [_thread_blocked, id=22612, stack(0x000000eeff200000,0x000000eeff300000)]
  0x0000022354fc7300 JavaThread "ForkJoinPool.commonPool-worker-10" daemon [_thread_blocked, id=15060, stack(0x000000eeff300000,0x000000eeff400000)]
  0x0000022354fc7810 JavaThread "ForkJoinPool.commonPool-worker-11" daemon [_thread_blocked, id=2456, stack(0x000000eeff400000,0x000000eeff500000)]
  0x0000022354fc7d20 JavaThread "ForkJoinPool.commonPool-worker-12" daemon [_thread_blocked, id=20232, stack(0x000000eefd800000,0x000000eefd900000)]
  0x0000022356366b30 JavaThread "C1 CompilerThread1" daemon [_thread_blocked, id=10392, stack(0x000000eefc100000,0x000000eefc200000)]
  0x0000022354fc8c50 JavaThread "ForkJoinPool.commonPool-worker-13" daemon [_thread_blocked, id=18112, stack(0x000000eefc200000,0x000000eefc300000)]
=>0x0000022356364b50 JavaThread "C2 CompilerThread1" daemon [_thread_in_native, id=16268, stack(0x000000eefc300000,0x000000eefc400000)]

Other Threads:
  0x0000022336b8a740 VMThread "VM Thread" [stack: 0x000000eefb600000,0x000000eefb700000] [id=12720]
  0x0000022351cb1060 WatcherThread [stack: 0x000000eefc600000,0x000000eefc700000] [id=16440]
  0x0000022336b16330 GCTaskThread "GC Thread#0" [stack: 0x000000eefb500000,0x000000eefb600000] [id=5736]
  0x00000223524b8dd0 GCTaskThread "GC Thread#1" [stack: 0x000000eefcd00000,0x000000eefce00000] [id=24052]
  0x00000223526645c0 GCTaskThread "GC Thread#2" [stack: 0x000000eefce00000,0x000000eefcf00000] [id=11396]
  0x0000022352664a90 GCTaskThread "GC Thread#3" [stack: 0x000000eefcf00000,0x000000eefd000000] [id=22044]
  0x0000022352664d50 GCTaskThread "GC Thread#4" [stack: 0x000000eefd000000,0x000000eefd100000] [id=20264]
  0x0000022352665010 GCTaskThread "GC Thread#5" [stack: 0x000000eefd100000,0x000000eefd200000] [id=23104]
  0x00000223528a3340 GCTaskThread "GC Thread#6" [stack: 0x000000eefd200000,0x000000eefd300000] [id=21812]
  0x00000223528a38c0 GCTaskThread "GC Thread#7" [stack: 0x000000eefd300000,0x000000eefd400000] [id=21776]
  0x00000223528a4680 GCTaskThread "GC Thread#8" [stack: 0x000000eefd600000,0x000000eefd700000] [id=23180]
  0x00000223528a3600 GCTaskThread "GC Thread#9" [stack: 0x000000eefd700000,0x000000eefd800000] [id=6940]
  0x00000223528a43c0 GCTaskThread "GC Thread#10" [stack: 0x000000eefc900000,0x000000eefca00000] [id=22080]
  0x00000223528a3b80 GCTaskThread "GC Thread#11" [stack: 0x000000eefd900000,0x000000eefda00000] [id=12876]
  0x00000223528a4c00 GCTaskThread "GC Thread#12" [stack: 0x000000eefc700000,0x000000eefc800000] [id=18968]

Threads with active compile tasks:
C2 CompilerThread0    35425 8021       4       java.lang.Class::getField0 (99 bytes)
C2 CompilerThread1    35425 7970       4       org.eclipse.jdt.internal.core.AbstractClassFile::hashCode (18 bytes)

VM state: not at safepoint (normal execution)

VM Mutex/Monitor currently owned by a thread: None

Heap address: 0x00000000c0000000, size: 1024 MB, Compressed Oops mode: 32-bit

CDS archive(s) not mapped
Compressed class space mapped at: 0x0000000100000000-0x0000000140000000, reserved size: 1073741824
Narrow klass base: 0x0000000000000000, Narrow klass shift: 3, Narrow klass range: 0x140000000

GC Precious Log:
 CPUs: 16 total, 16 available
 Memory: 15791M
 Large Page Support: Disabled
 NUMA Support: Disabled
 Compressed Oops: Enabled (32-bit)
 Alignments: Space 512K, Generation 512K, Heap 2M
 Heap Min Capacity: 100M
 Heap Initial Capacity: 100M
 Heap Max Capacity: 1G
 Pre-touch: Disabled
 Parallel Workers: 13

Heap:
 PSYoungGen      total 10240K, used 6555K [0x00000000eab00000, 0x00000000eba00000, 0x0000000100000000)
  eden space 6144K, 40% used [0x00000000eab00000,0x00000000ead6adb8,0x00000000eb100000)
  from space 4096K, 99% used [0x00000000eb180000,0x00000000eb57c020,0x00000000eb580000)
  to   space 4608K, 0% used [0x00000000eb580000,0x00000000eb580000,0x00000000eba00000)
 ParOldGen       total 80384K, used 75908K [0x00000000c0000000, 0x00000000c4e80000, 0x00000000eab00000)
  object space 80384K, 94% used [0x00000000c0000000,0x00000000c4a21028,0x00000000c4e80000)
 Metaspace       used 67303K, committed 68480K, reserved 1114112K
  class space    used 7102K, committed 7616K, reserved 1048576K

Card table byte_map: [0x0000022336490000,0x00000223366a0000] _byte_map_base: 0x0000022335e90000

Marking Bits: (ParMarkBitMap*) 0x00007ff85b93d0b0
 Begin Bits: [0x0000022348790000, 0x0000022349790000)
 End Bits:   [0x0000022349790000, 0x000002234a790000)

Polling page: 0x0000022334a50000

Metaspace:

Usage:
  Non-class:     58.79 MB used.
      Class:      6.94 MB used.
       Both:     65.73 MB used.

Virtual space:
  Non-class space:       64.00 MB reserved,      59.44 MB ( 93%) committed,  1 nodes.
      Class space:        1.00 GB reserved,       7.44 MB ( <1%) committed,  1 nodes.
             Both:        1.06 GB reserved,      66.88 MB (  6%) committed. 

Chunk freelists:
   Non-Class:  3.84 MB
       Class:  8.60 MB
        Both:  12.45 MB

MaxMetaspaceSize: unlimited
CompressedClassSpaceSize: 1.00 GB
Initial GC threshold: 21.00 MB
Current GC threshold: 111.38 MB
CDS: off
MetaspaceReclaimPolicy: balanced
 - commit_granule_bytes: 65536.
 - commit_granule_words: 8192.
 - virtual_space_node_default_size: 8388608.
 - enlarge_chunks_in_place: 1.
 - new_chunks_are_fully_committed: 0.
 - uncommit_free_chunks: 1.
 - use_allocation_guard: 0.
 - handle_deallocations: 1.


Internal statistics:

num_allocs_failed_limit: 9.
num_arena_births: 572.
num_arena_deaths: 14.
num_vsnodes_births: 2.
num_vsnodes_deaths: 0.
num_space_committed: 1070.
num_space_uncommitted: 0.
num_chunks_returned_to_freelist: 23.
num_chunks_taken_from_freelist: 3149.
num_chunk_merges: 7.
num_chunk_splits: 2054.
num_chunks_enlarged: 1360.
num_inconsistent_stats: 0.

CodeHeap 'non-profiled nmethods': size=119168Kb used=4048Kb max_used=4631Kb free=115119Kb
 bounds [0x0000022341330000, 0x00000223417c0000, 0x0000022348790000]
CodeHeap 'profiled nmethods': size=119104Kb used=14651Kb max_used=15871Kb free=104452Kb
 bounds [0x0000022339790000, 0x000002233a710000, 0x0000022340be0000]
CodeHeap 'non-nmethods': size=7488Kb used=1913Kb max_used=3126Kb free=5574Kb
 bounds [0x0000022340be0000, 0x0000022340f00000, 0x0000022341330000]
 total_blobs=7450 nmethods=6758 adapters=605
 compilation: enabled
              stopped_count=0, restarted_count=0
 full_count=0

Compilation events (20 events):
Event: 35.405 Thread 0x000002234fad1280 nmethod 8018 0x000002233a054e10 code [0x000002233a055020, 0x000002233a055528]
Event: 35.405 Thread 0x000002234fad1280 8020       3       org.eclipse.jdt.core.dom.Block::accept0 (25 bytes)
Event: 35.405 Thread 0x000002234fad1280 nmethod 8020 0x0000022339bec890 code [0x0000022339beca60, 0x0000022339becd68]
Event: 35.405 Thread 0x000002234fad1280 8026       3       org.eclipse.lsp4j.jsonrpc.json.adapters.CollectionTypeAdapter::write (123 bytes)
Event: 35.405 Thread 0x0000022356366b30 nmethod 8010 0x0000022339cf2410 code [0x0000022339cf2940, 0x0000022339cf5b58]
Event: 35.405 Thread 0x0000022356366b30 8022       1       org.eclipse.lsp4j.CodeAction::getKind (5 bytes)
Event: 35.406 Thread 0x0000022356366b30 nmethod 8022 0x000002234149db10 code [0x000002234149dca0, 0x000002234149dd78]
Event: 35.406 Thread 0x0000022356366b30 8024       3       org.eclipse.lsp4j.jsonrpc.messages.Either::isRight (13 bytes)
Event: 35.406 Thread 0x0000022356366b30 nmethod 8024 0x000002233a462c90 code [0x000002233a462e20, 0x000002233a462f98]
Event: 35.406 Thread 0x0000022356366b30 8023       1       org.eclipse.lsp4j.CodeAction::getData (5 bytes)
Event: 35.406 Thread 0x000002234facac10 nmethod 7976 0x00000223413daf90 code [0x00000223413db160, 0x00000223413db998]
Event: 35.406 Thread 0x0000022356366b30 nmethod 8023 0x000002234149d810 code [0x000002234149d9a0, 0x000002234149da78]
Event: 35.406 Thread 0x0000022356366b30 8025       3       org.eclipse.lsp4j.jsonrpc.json.adapters.CollectionTypeAdapter::write (10 bytes)
Event: 35.406 Thread 0x000002234facac10 8021       4       java.lang.Class::getField0 (99 bytes)
Event: 35.406 Thread 0x0000022356366b30 nmethod 8025 0x000002233a16af90 code [0x000002233a16b140, 0x000002233a16b388]
Event: 35.406 Thread 0x0000022356366b30 8019       1       org.eclipse.jdt.core.dom.ASTVisitor::visit (2 bytes)
Event: 35.406 Thread 0x0000022356366b30 nmethod 8019 0x000002234149d510 code [0x000002234149d6a0, 0x000002234149d778]
Event: 35.406 Thread 0x0000022356366b30 8027   !   3       com.google.gson.Gson::toJson (148 bytes)
Event: 35.407 Thread 0x000002234fad1280 nmethod 8026 0x00000223399d1c90 code [0x00000223399d1f60, 0x00000223399d2f78]
Event: 35.407 Thread 0x0000022356366b30 nmethod 8027 0x000002233a36aa90 code [0x000002233a36ad40, 0x000002233a36b9e8]

GC Heap History (20 events):
Event: 8.551 GC heap before
{Heap before GC invocations=33 (full 3):
 PSYoungGen      total 22528K, used 15216K [0x00000000eab00000, 0x00000000ec280000, 0x0000000100000000)
  eden space 20992K, 67% used [0x00000000eab00000,0x00000000eb8e4240,0x00000000ebf80000)
  from space 1536K, 64% used [0x00000000ebf80000,0x00000000ec078000,0x00000000ec100000)
  to   space 1536K, 0% used [0x00000000ec100000,0x00000000ec100000,0x00000000ec280000)
 ParOldGen       total 68608K, used 29819K [0x00000000c0000000, 0x00000000c4300000, 0x00000000eab00000)
  object space 68608K, 43% used [0x00000000c0000000,0x00000000c1d1eca8,0x00000000c4300000)
 Metaspace       used 67178K, committed 68352K, reserved 1114112K
  class space    used 7101K, committed 7616K, reserved 1048576K
}
Event: 8.554 GC heap after
{Heap after GC invocations=33 (full 3):
 PSYoungGen      total 22016K, used 672K [0x00000000eab00000, 0x00000000ec200000, 0x0000000100000000)
  eden space 20992K, 0% used [0x00000000eab00000,0x00000000eab00000,0x00000000ebf80000)
  from space 1024K, 65% used [0x00000000ec100000,0x00000000ec1a8000,0x00000000ec200000)
  to   space 1024K, 0% used [0x00000000ec000000,0x00000000ec000000,0x00000000ec100000)
 ParOldGen       total 68608K, used 40843K [0x00000000c0000000, 0x00000000c4300000, 0x00000000eab00000)
  object space 68608K, 59% used [0x00000000c0000000,0x00000000c27e2f08,0x00000000c4300000)
 Metaspace       used 67178K, committed 68352K, reserved 1114112K
  class space    used 7101K, committed 7616K, reserved 1048576K
}
Event: 8.594 GC heap before
{Heap before GC invocations=34 (full 4):
 PSYoungGen      total 22016K, used 21664K [0x00000000eab00000, 0x00000000ec200000, 0x0000000100000000)
  eden space 20992K, 100% used [0x00000000eab00000,0x00000000ebf80000,0x00000000ebf80000)
  from space 1024K, 65% used [0x00000000ec100000,0x00000000ec1a8000,0x00000000ec200000)
  to   space 1024K, 0% used [0x00000000ec000000,0x00000000ec000000,0x00000000ec100000)
 ParOldGen       total 68608K, used 67173K [0x00000000c0000000, 0x00000000c4300000, 0x00000000eab00000)
  object space 68608K, 97% used [0x00000000c0000000,0x00000000c41994b8,0x00000000c4300000)
 Metaspace       used 67184K, committed 68416K, reserved 1114112K
  class space    used 7102K, committed 7616K, reserved 1048576K
}
Event: 8.626 GC heap after
{Heap after GC invocations=34 (full 4):
 PSYoungGen      total 21504K, used 0K [0x00000000eab00000, 0x00000000ec180000, 0x0000000100000000)
  eden space 20992K, 0% used [0x00000000eab00000,0x00000000eab00000,0x00000000ebf80000)
  from space 512K, 0% used [0x00000000ec000000,0x00000000ec000000,0x00000000ec080000)
  to   space 1024K, 0% used [0x00000000ec080000,0x00000000ec080000,0x00000000ec180000)
 ParOldGen       total 80384K, used 42212K [0x00000000c0000000, 0x00000000c4e80000, 0x00000000eab00000)
  object space 80384K, 52% used [0x00000000c0000000,0x00000000c2939028,0x00000000c4e80000)
 Metaspace       used 67184K, committed 68416K, reserved 1114112K
  class space    used 7102K, committed 7616K, reserved 1048576K
}
Event: 8.665 GC heap before
{Heap before GC invocations=35 (full 4):
 PSYoungGen      total 21504K, used 20992K [0x00000000eab00000, 0x00000000ec180000, 0x0000000100000000)
  eden space 20992K, 100% used [0x00000000eab00000,0x00000000ebf80000,0x00000000ebf80000)
  from space 512K, 0% used [0x00000000ec000000,0x00000000ec000000,0x00000000ec080000)
  to   space 1024K, 0% used [0x00000000ec080000,0x00000000ec080000,0x00000000ec180000)
 ParOldGen       total 80384K, used 42212K [0x00000000c0000000, 0x00000000c4e80000, 0x00000000eab00000)
  object space 80384K, 52% used [0x00000000c0000000,0x00000000c2939028,0x00000000c4e80000)
 Metaspace       used 67184K, committed 68416K, reserved 1114112K
  class space    used 7102K, committed 7616K, reserved 1048576K
}
Event: 8.672 GC heap after
{Heap after GC invocations=35 (full 4):
 PSYoungGen      total 4608K, used 1024K [0x00000000eab00000, 0x00000000ee380000, 0x0000000100000000)
  eden space 3584K, 0% used [0x00000000eab00000,0x00000000eab00000,0x00000000eae80000)
  from space 1024K, 100% used [0x00000000ec080000,0x00000000ec180000,0x00000000ec180000)
  to   space 18432K, 0% used [0x00000000eae80000,0x00000000eae80000,0x00000000ec080000)
 ParOldGen       total 80384K, used 56644K [0x00000000c0000000, 0x00000000c4e80000, 0x00000000eab00000)
  object space 80384K, 70% used [0x00000000c0000000,0x00000000c3751028,0x00000000c4e80000)
 Metaspace       used 67184K, committed 68416K, reserved 1114112K
  class space    used 7102K, committed 7616K, reserved 1048576K
}
Event: 8.678 GC heap before
{Heap before GC invocations=36 (full 4):
 PSYoungGen      total 4608K, used 4608K [0x00000000eab00000, 0x00000000ee380000, 0x0000000100000000)
  eden space 3584K, 100% used [0x00000000eab00000,0x00000000eae80000,0x00000000eae80000)
  from space 1024K, 100% used [0x00000000ec080000,0x00000000ec180000,0x00000000ec180000)
  to   space 18432K, 0% used [0x00000000eae80000,0x00000000eae80000,0x00000000ec080000)
 ParOldGen       total 80384K, used 56644K [0x00000000c0000000, 0x00000000c4e80000, 0x00000000eab00000)
  object space 80384K, 70% used [0x00000000c0000000,0x00000000c3751028,0x00000000c4e80000)
 Metaspace       used 67184K, committed 68416K, reserved 1114112K
  class space    used 7102K, committed 7616K, reserved 1048576K
}
Event: 8.680 GC heap after
{Heap after GC invocations=36 (full 4):
 PSYoungGen      total 6656K, used 2880K [0x00000000eab00000, 0x00000000ec100000, 0x0000000100000000)
  eden space 3584K, 0% used [0x00000000eab00000,0x00000000eab00000,0x00000000eae80000)
  from space 3072K, 93% used [0x00000000eae80000,0x00000000eb150000,0x00000000eb180000)
  to   space 7680K, 0% used [0x00000000eb980000,0x00000000eb980000,0x00000000ec100000)
 ParOldGen       total 80384K, used 57716K [0x00000000c0000000, 0x00000000c4e80000, 0x00000000eab00000)
  object space 80384K, 71% used [0x00000000c0000000,0x00000000c385d028,0x00000000c4e80000)
 Metaspace       used 67184K, committed 68416K, reserved 1114112K
  class space    used 7102K, committed 7616K, reserved 1048576K
}
Event: 8.685 GC heap before
{Heap before GC invocations=37 (full 4):
 PSYoungGen      total 6656K, used 6464K [0x00000000eab00000, 0x00000000ec100000, 0x0000000100000000)
  eden space 3584K, 100% used [0x00000000eab00000,0x00000000eae80000,0x00000000eae80000)
  from space 3072K, 93% used [0x00000000eae80000,0x00000000eb150000,0x00000000eb180000)
  to   space 7680K, 0% used [0x00000000eb980000,0x00000000eb980000,0x00000000ec100000)
 ParOldGen       total 80384K, used 57716K [0x00000000c0000000, 0x00000000c4e80000, 0x00000000eab00000)
  object space 80384K, 71% used [0x00000000c0000000,0x00000000c385d028,0x00000000c4e80000)
 Metaspace       used 67184K, committed 68416K, reserved 1114112K
  class space    used 7102K, committed 7616K, reserved 1048576K
}
Event: 8.688 GC heap after
{Heap after GC invocations=37 (full 4):
 PSYoungGen      total 6656K, used 2944K [0x00000000eab00000, 0x00000000ebc80000, 0x0000000100000000)
  eden space 3584K, 0% used [0x00000000eab00000,0x00000000eab00000,0x00000000eae80000)
  from space 3072K, 95% used [0x00000000eb980000,0x00000000ebc60000,0x00000000ebc80000)
  to   space 4096K, 0% used [0x00000000eb480000,0x00000000eb480000,0x00000000eb880000)
 ParOldGen       total 80384K, used 60516K [0x00000000c0000000, 0x00000000c4e80000, 0x00000000eab00000)
  object space 80384K, 75% used [0x00000000c0000000,0x00000000c3b19028,0x00000000c4e80000)
 Metaspace       used 67184K, committed 68416K, reserved 1114112K
  class space    used 7102K, committed 7616K, reserved 1048576K
}
Event: 8.694 GC heap before
{Heap before GC invocations=38 (full 4):
 PSYoungGen      total 6656K, used 6528K [0x00000000eab00000, 0x00000000ebc80000, 0x0000000100000000)
  eden space 3584K, 100% used [0x00000000eab00000,0x00000000eae80000,0x00000000eae80000)
  from space 3072K, 95% used [0x00000000eb980000,0x00000000ebc60000,0x00000000ebc80000)
  to   space 4096K, 0% used [0x00000000eb480000,0x00000000eb480000,0x00000000eb880000)
 ParOldGen       total 80384K, used 60516K [0x00000000c0000000, 0x00000000c4e80000, 0x00000000eab00000)
  object space 80384K, 75% used [0x00000000c0000000,0x00000000c3b19028,0x00000000c4e80000)
 Metaspace       used 67184K, committed 68416K, reserved 1114112K
  class space    used 7102K, committed 7616K, reserved 1048576K
}
Event: 8.696 GC heap after
{Heap after GC invocations=38 (full 4):
 PSYoungGen      total 6656K, used 2880K [0x00000000eab00000, 0x00000000eba00000, 0x0000000100000000)
  eden space 3584K, 0% used [0x00000000eab00000,0x00000000eab00000,0x00000000eae80000)
  from space 3072K, 93% used [0x00000000eb480000,0x00000000eb750000,0x00000000eb780000)
  to   space 2560K, 0% used [0x00000000eb780000,0x00000000eb780000,0x00000000eba00000)
 ParOldGen       total 80384K, used 63300K [0x00000000c0000000, 0x00000000c4e80000, 0x00000000eab00000)
  object space 80384K, 78% used [0x00000000c0000000,0x00000000c3dd1028,0x00000000c4e80000)
 Metaspace       used 67184K, committed 68416K, reserved 1114112K
  class space    used 7102K, committed 7616K, reserved 1048576K
}
Event: 8.701 GC heap before
{Heap before GC invocations=39 (full 4):
 PSYoungGen      total 6656K, used 6464K [0x00000000eab00000, 0x00000000eba00000, 0x0000000100000000)
  eden space 3584K, 100% used [0x00000000eab00000,0x00000000eae80000,0x00000000eae80000)
  from space 3072K, 93% used [0x00000000eb480000,0x00000000eb750000,0x00000000eb780000)
  to   space 2560K, 0% used [0x00000000eb780000,0x00000000eb780000,0x00000000eba00000)
 ParOldGen       total 80384K, used 63300K [0x00000000c0000000, 0x00000000c4e80000, 0x00000000eab00000)
  object space 80384K, 78% used [0x00000000c0000000,0x00000000c3dd1028,0x00000000c4e80000)
 Metaspace       used 67184K, committed 68416K, reserved 1114112K
  class space    used 7102K, committed 7616K, reserved 1048576K
}
Event: 8.704 GC heap after
{Heap after GC invocations=39 (full 4):
 PSYoungGen      total 7168K, used 2560K [0x00000000eab00000, 0x00000000ebb80000, 0x0000000100000000)
  eden space 4608K, 0% used [0x00000000eab00000,0x00000000eab00000,0x00000000eaf80000)
  from space 2560K, 100% used [0x00000000eb780000,0x00000000eba00000,0x00000000eba00000)
  to   space 6144K, 0% used [0x00000000eaf80000,0x00000000eaf80000,0x00000000eb580000)
 ParOldGen       total 80384K, used 66196K [0x00000000c0000000, 0x00000000c4e80000, 0x00000000eab00000)
  object space 80384K, 82% used [0x00000000c0000000,0x00000000c40a5028,0x00000000c4e80000)
 Metaspace       used 67184K, committed 68416K, reserved 1114112K
  class space    used 7102K, committed 7616K, reserved 1048576K
}
Event: 8.711 GC heap before
{Heap before GC invocations=40 (full 4):
 PSYoungGen      total 7168K, used 7168K [0x00000000eab00000, 0x00000000ebb80000, 0x0000000100000000)
  eden space 4608K, 100% used [0x00000000eab00000,0x00000000eaf80000,0x00000000eaf80000)
  from space 2560K, 100% used [0x00000000eb780000,0x00000000eba00000,0x00000000eba00000)
  to   space 6144K, 0% used [0x00000000eaf80000,0x00000000eaf80000,0x00000000eb580000)
 ParOldGen       total 80384K, used 66196K [0x00000000c0000000, 0x00000000c4e80000, 0x00000000eab00000)
  object space 80384K, 82% used [0x00000000c0000000,0x00000000c40a5028,0x00000000c4e80000)
 Metaspace       used 67184K, committed 68416K, reserved 1114112K
  class space    used 7102K, committed 7616K, reserved 1048576K
}
Event: 8.713 GC heap after
{Heap after GC invocations=40 (full 4):
 PSYoungGen      total 10752K, used 3712K [0x00000000eab00000, 0x00000000eba00000, 0x0000000100000000)
  eden space 4608K, 0% used [0x00000000eab00000,0x00000000eab00000,0x00000000eaf80000)
  from space 6144K, 60% used [0x00000000eaf80000,0x00000000eb320000,0x00000000eb580000)
  to   space 4608K, 0% used [0x00000000eb580000,0x00000000eb580000,0x00000000eba00000)
 ParOldGen       total 80384K, used 68804K [0x00000000c0000000, 0x00000000c4e80000, 0x00000000eab00000)
  object space 80384K, 85% used [0x00000000c0000000,0x00000000c4331028,0x00000000c4e80000)
 Metaspace       used 67184K, committed 68416K, reserved 1114112K
  class space    used 7102K, committed 7616K, reserved 1048576K
}
Event: 8.719 GC heap before
{Heap before GC invocations=41 (full 4):
 PSYoungGen      total 10752K, used 8320K [0x00000000eab00000, 0x00000000eba00000, 0x0000000100000000)
  eden space 4608K, 100% used [0x00000000eab00000,0x00000000eaf80000,0x00000000eaf80000)
  from space 6144K, 60% used [0x00000000eaf80000,0x00000000eb320000,0x00000000eb580000)
  to   space 4608K, 0% used [0x00000000eb580000,0x00000000eb580000,0x00000000eba00000)
 ParOldGen       total 80384K, used 68804K [0x00000000c0000000, 0x00000000c4e80000, 0x00000000eab00000)
  object space 80384K, 85% used [0x00000000c0000000,0x00000000c4331028,0x00000000c4e80000)
 Metaspace       used 67184K, committed 68416K, reserved 1114112K
  class space    used 7102K, committed 7616K, reserved 1048576K
}
Event: 8.722 GC heap after
{Heap after GC invocations=41 (full 4):
 PSYoungGen      total 10240K, used 3648K [0x00000000eab00000, 0x00000000eb980000, 0x0000000100000000)
  eden space 6144K, 0% used [0x00000000eab00000,0x00000000eab00000,0x00000000eb100000)
  from space 4096K, 89% used [0x00000000eb580000,0x00000000eb910000,0x00000000eb980000)
  to   space 4096K, 0% used [0x00000000eb180000,0x00000000eb180000,0x00000000eb580000)
 ParOldGen       total 80384K, used 72380K [0x00000000c0000000, 0x00000000c4e80000, 0x00000000eab00000)
  object space 80384K, 90% used [0x00000000c0000000,0x00000000c46af028,0x00000000c4e80000)
 Metaspace       used 67184K, committed 68416K, reserved 1114112K
  class space    used 7102K, committed 7616K, reserved 1048576K
}
Event: 31.001 GC heap before
{Heap before GC invocations=42 (full 4):
 PSYoungGen      total 10240K, used 9772K [0x00000000eab00000, 0x00000000eb980000, 0x0000000100000000)
  eden space 6144K, 99% used [0x00000000eab00000,0x00000000eb0fb260,0x00000000eb100000)
  from space 4096K, 89% used [0x00000000eb580000,0x00000000eb910000,0x00000000eb980000)
  to   space 4096K, 0% used [0x00000000eb180000,0x00000000eb180000,0x00000000eb580000)
 ParOldGen       total 80384K, used 72380K [0x00000000c0000000, 0x00000000c4e80000, 0x00000000eab00000)
  object space 80384K, 90% used [0x00000000c0000000,0x00000000c46af028,0x00000000c4e80000)
 Metaspace       used 67226K, committed 68416K, reserved 1114112K
  class space    used 7102K, committed 7616K, reserved 1048576K
}
Event: 31.006 GC heap after
{Heap after GC invocations=42 (full 4):
 PSYoungGen      total 10240K, used 4080K [0x00000000eab00000, 0x00000000eba00000, 0x0000000100000000)
  eden space 6144K, 0% used [0x00000000eab00000,0x00000000eab00000,0x00000000eb100000)
  from space 4096K, 99% used [0x00000000eb180000,0x00000000eb57c020,0x00000000eb580000)
  to   space 4608K, 0% used [0x00000000eb580000,0x00000000eb580000,0x00000000eba00000)
 ParOldGen       total 80384K, used 75908K [0x00000000c0000000, 0x00000000c4e80000, 0x00000000eab00000)
  object space 80384K, 94% used [0x00000000c0000000,0x00000000c4a21028,0x00000000c4e80000)
 Metaspace       used 67226K, committed 68416K, reserved 1114112K
  class space    used 7102K, committed 7616K, reserved 1048576K
}

Dll operation events (11 events):
Event: 0.009 Loaded shared library c:\Users\ASUS\.vscode\extensions\redhat.java-1.25.1-win32-x64\jre\17.0.9-win32-x86_64\bin\java.dll
Event: 0.146 Loaded shared library c:\Users\ASUS\.vscode\extensions\redhat.java-1.25.1-win32-x64\jre\17.0.9-win32-x86_64\bin\zip.dll
Event: 0.150 Loaded shared library C:\Users\ASUS\.vscode\extensions\redhat.java-1.25.1-win32-x64\jre\17.0.9-win32-x86_64\bin\instrument.dll
Event: 0.163 Loaded shared library C:\Users\ASUS\.vscode\extensions\redhat.java-1.25.1-win32-x64\jre\17.0.9-win32-x86_64\bin\net.dll
Event: 0.165 Loaded shared library C:\Users\ASUS\.vscode\extensions\redhat.java-1.25.1-win32-x64\jre\17.0.9-win32-x86_64\bin\nio.dll
Event: 0.170 Loaded shared library C:\Users\ASUS\.vscode\extensions\redhat.java-1.25.1-win32-x64\jre\17.0.9-win32-x86_64\bin\zip.dll
Event: 0.183 Loaded shared library C:\Users\ASUS\.vscode\extensions\redhat.java-1.25.1-win32-x64\jre\17.0.9-win32-x86_64\bin\jimage.dll
Event: 0.232 Loaded shared library c:\Users\ASUS\.vscode\extensions\redhat.java-1.25.1-win32-x64\jre\17.0.9-win32-x86_64\bin\verify.dll
Event: 1.120 Loaded shared library C:\Users\ASUS\AppData\Roaming\Code\User\globalStorage\redhat.java\1.25.1\config_win\org.eclipse.equinox.launcher\org.eclipse.equinox.launcher.win32.win32.x86_64_1.2.800.v20231003-1442\eclipse_11802.dll
Event: 3.367 Loaded shared library C:\Users\ASUS\AppData\Local\Temp\jna-2018896\jna6380094185720630401.dll
Event: 8.512 Loaded shared library C:\Users\ASUS\.vscode\extensions\redhat.java-1.25.1-win32-x64\jre\17.0.9-win32-x86_64\bin\sunmscapi.dll

Deoptimization events (20 events):
Event: 30.978 Thread 0x00000223527d2c20 DEOPT PACKING pc=0x0000022339d44f42 sp=0x000000eefcafe9a0
Event: 30.978 Thread 0x00000223527d2c20 DEOPT UNPACKING pc=0x0000022340c36e43 sp=0x000000eefcafdee8 mode 0
Event: 30.978 Thread 0x00000223527d2c20 DEOPT PACKING pc=0x0000022339d44f42 sp=0x000000eefcafe9a0
Event: 30.978 Thread 0x00000223527d2c20 DEOPT UNPACKING pc=0x0000022340c36e43 sp=0x000000eefcafdee8 mode 0
Event: 30.981 Thread 0x00000223527d2c20 DEOPT PACKING pc=0x0000022339d44f42 sp=0x000000eefcafe9a0
Event: 30.981 Thread 0x00000223527d2c20 DEOPT UNPACKING pc=0x0000022340c36e43 sp=0x000000eefcafdee8 mode 0
Event: 30.981 Thread 0x00000223527d2c20 DEOPT PACKING pc=0x0000022339d44f42 sp=0x000000eefcafe9a0
Event: 30.981 Thread 0x00000223527d2c20 DEOPT UNPACKING pc=0x0000022340c36e43 sp=0x000000eefcafdee8 mode 0
Event: 30.982 Thread 0x00000223527d2c20 DEOPT PACKING pc=0x0000022339d44f42 sp=0x000000eefcafe9a0
Event: 30.983 Thread 0x00000223527d2c20 DEOPT UNPACKING pc=0x0000022340c36e43 sp=0x000000eefcafdee8 mode 0
Event: 30.983 Thread 0x00000223527d2c20 DEOPT PACKING pc=0x0000022339d44f42 sp=0x000000eefcafe9a0
Event: 30.983 Thread 0x00000223527d2c20 DEOPT UNPACKING pc=0x0000022340c36e43 sp=0x000000eefcafdee8 mode 0
Event: 35.376 Thread 0x0000022354fc4f90 Uncommon trap: trap_request=0xffffffcc fr.pc=0x000002234179b5c4 relative=0x0000000000009e64
Event: 35.376 Thread 0x0000022354fc4f90 Uncommon trap: reason=intrinsic_or_type_checked_inlining action=make_not_entrant pc=0x000002234179b5c4 method=java.util.ArrayList.toArray([Ljava/lang/Object;)[Ljava/lang/Object; @ 36 c2
Event: 35.376 Thread 0x0000022354fc4f90 DEOPT PACKING pc=0x000002234179b5c4 sp=0x000000eefedfdc70
Event: 35.376 Thread 0x0000022354fc4f90 DEOPT UNPACKING pc=0x0000022340c366a3 sp=0x000000eefedfdbb8 mode 2
Event: 35.405 Thread 0x0000022354fc4f90 Uncommon trap: trap_request=0xffffffde fr.pc=0x00000223416e44e8 relative=0x0000000000000068
Event: 35.405 Thread 0x0000022354fc4f90 Uncommon trap: reason=class_check action=maybe_recompile pc=0x00000223416e44e8 method=java.util.LinkedHashMap.afterNodeInsertion(Z)V @ 15 c2
Event: 35.405 Thread 0x0000022354fc4f90 DEOPT PACKING pc=0x00000223416e44e8 sp=0x000000eefedfee80
Event: 35.405 Thread 0x0000022354fc4f90 DEOPT UNPACKING pc=0x0000022340c366a3 sp=0x000000eefedfedf8 mode 2

Classes unloaded (7 events):
Event: 2.067 Thread 0x0000022336b8a740 Unloading class 0x000000010024c000 'java/lang/invoke/LambdaForm$MH+0x000000010024c000'
Event: 2.067 Thread 0x0000022336b8a740 Unloading class 0x000000010024bc00 'java/lang/invoke/LambdaForm$MH+0x000000010024bc00'
Event: 2.067 Thread 0x0000022336b8a740 Unloading class 0x000000010024b800 'java/lang/invoke/LambdaForm$MH+0x000000010024b800'
Event: 2.067 Thread 0x0000022336b8a740 Unloading class 0x000000010024b400 'java/lang/invoke/LambdaForm$MH+0x000000010024b400'
Event: 2.067 Thread 0x0000022336b8a740 Unloading class 0x000000010024b000 'java/lang/invoke/LambdaForm$BMH+0x000000010024b000'
Event: 2.067 Thread 0x0000022336b8a740 Unloading class 0x000000010024ac00 'java/lang/invoke/LambdaForm$DMH+0x000000010024ac00'
Event: 2.067 Thread 0x0000022336b8a740 Unloading class 0x0000000100248000 'java/lang/invoke/LambdaForm$DMH+0x0000000100248000'

Classes redefined (0 events):
No events

Internal exceptions (20 events):
Event: 6.672 Thread 0x0000022354fc63d0 Exception <a 'java/io/FileNotFoundException'{0x00000000eb53f7a0}> (0x00000000eb53f7a0) 
thrown [s\src\hotspot\share\prims\jni.cpp, line 516]
Event: 6.910 Thread 0x0000022352cffc30 Exception <a 'java/io/FileNotFoundException'{0x00000000eae97928}> (0x00000000eae97928) 
thrown [s\src\hotspot\share\prims\jni.cpp, line 516]
Event: 7.015 Thread 0x0000022352cffc30 Exception <a 'java/lang/NoSuchMethodError'{0x00000000eaec0f50}: 'int java.lang.invoke.DirectMethodHandle$Holder.invokeSpecialIFC(java.lang.Object, java.lang.Object, java.lang.Object)'> (0x00000000eaec0f50) 
thrown [s\src\hotspot\share\interpreter\linkResolver.cpp, line 759]
Event: 7.043 Thread 0x0000022352cffc30 Exception <a 'java/io/FileNotFoundException'{0x00000000eb07faf0}> (0x00000000eb07faf0) 
thrown [s\src\hotspot\share\prims\jni.cpp, line 516]
Event: 7.049 Thread 0x0000022352cffc30 Exception <a 'java/io/FileNotFoundException'{0x00000000eb0e7b60}> (0x00000000eb0e7b60) 
thrown [s\src\hotspot\share\prims\jni.cpp, line 516]
Event: 7.292 Thread 0x0000022352cffc30 Exception <a 'sun/nio/fs/WindowsException'{0x00000000ebf6fa78}> (0x00000000ebf6fa78) 
thrown [s\src\hotspot\share\prims\jni.cpp, line 516]
Event: 7.304 Thread 0x0000022352cffc30 Exception <a 'sun/nio/fs/WindowsException'{0x00000000eab89898}> (0x00000000eab89898) 
thrown [s\src\hotspot\share\prims\jni.cpp, line 516]
Event: 7.306 Thread 0x0000022352cffc30 Exception <a 'java/lang/NoSuchMethodError'{0x00000000eab93010}: 'java.lang.Object java.lang.invoke.DirectMethodHandle$Holder.invokeStatic(java.lang.Object, java.lang.Object, int, java.lang.Object)'> (0x00000000eab93010) 
thrown [s\src\hotspot\share\interpreter\linkResolver.cpp, line 759]
Event: 7.307 Thread 0x0000022352cffc30 Exception <a 'java/lang/NoSuchMethodError'{0x00000000eab9a950}: 'java.lang.Object java.lang.invoke.DirectMethodHandle$Holder.newInvokeSpecial(java.lang.Object, java.lang.Object, int)'> (0x00000000eab9a950) 
thrown [s\src\hotspot\share\interpreter\linkResolver.cpp, line 759]
Event: 7.318 Thread 0x0000022354fc5ec0 Exception <a 'java/lang/NoSuchMethodError'{0x00000000ead45220}: 'java.lang.Object java.lang.invoke.DirectMethodHandle$Holder.newInvokeSpecial(java.lang.Object, java.lang.Object, java.lang.Object, java.lang.Object, java.lang.Object, java.lang.Object)'> (0x00000000ead45220) 
thrown [s\src\hotspot\share\interpreter\linkResolver.cpp, line 759]
Event: 7.323 Thread 0x0000022354fc5ec0 Exception <a 'java/lang/NoSuchMethodError'{0x00000000ead8a728}: 'int java.lang.invoke.DirectMethodHandle$Holder.invokeStatic(java.lang.Object)'> (0x00000000ead8a728) 
thrown [s\src\hotspot\share\interpreter\linkResolver.cpp, line 759]
Event: 7.395 Thread 0x0000022354fc5ec0 Exception <a 'java/io/FileNotFoundException'{0x00000000eb230a60}> (0x00000000eb230a60) 
thrown [s\src\hotspot\share\prims\jni.cpp, line 516]
Event: 7.396 Thread 0x0000022354fc5ec0 Exception <a 'java/io/FileNotFoundException'{0x00000000eb231d28}> (0x00000000eb231d28) 
thrown [s\src\hotspot\share\prims\jni.cpp, line 516]
Event: 7.564 Thread 0x0000022352cfd3b0 Exception <a 'java/io/FileNotFoundException'{0x00000000eaf5f348}> (0x00000000eaf5f348) 
thrown [s\src\hotspot\share\prims\jni.cpp, line 516]
Event: 7.601 Thread 0x0000022354fc63d0 Exception <a 'sun/nio/fs/WindowsException'{0x00000000eb19f028}> (0x00000000eb19f028) 
thrown [s\src\hotspot\share\prims\jni.cpp, line 516]
Event: 7.601 Thread 0x0000022354fc63d0 Exception <a 'sun/nio/fs/WindowsException'{0x00000000eb19f670}> (0x00000000eb19f670) 
thrown [s\src\hotspot\share\prims\jni.cpp, line 516]
Event: 7.632 Thread 0x0000022354fc4a80 Exception <a 'java/lang/ArrayIndexOutOfBoundsException'{0x00000000eb6bd7d0}> (0x00000000eb6bd7d0) 
thrown [s\src\hotspot\share\runtime\sharedRuntime.cpp, line 631]
Event: 8.031 Thread 0x0000022354fc4f90 Exception <a 'java/lang/NoSuchMethodError'{0x00000000ebb889d0}: 'java.lang.Object java.lang.invoke.DirectMethodHandle$Holder.invokeStatic(java.lang.Object, int, java.lang.Object, java.lang.Object, java.lang.Object, java.lang.Object)'> (0x00000000ebb889d0) 
thrown [s\src\hotspot\share\interpreter\linkResolver.cpp, line 759]
Event: 8.519 Thread 0x0000022354fc3b50 Exception <a 'sun/nio/fs/WindowsException'{0x00000000eae52500}> (0x00000000eae52500) 
thrown [s\src\hotspot\share\prims\jni.cpp, line 516]
Event: 30.968 Thread 0x00000223527d2c20 Implicit null exception at 0x000002234171750a to 0x0000022341717884

VM Operations (20 events):
Event: 8.594 Executing VM operation: ParallelGCFailedAllocation
Event: 8.626 Executing VM operation: ParallelGCFailedAllocation done
Event: 8.665 Executing VM operation: ParallelGCFailedAllocation
Event: 8.672 Executing VM operation: ParallelGCFailedAllocation done
Event: 8.678 Executing VM operation: ParallelGCFailedAllocation
Event: 8.680 Executing VM operation: ParallelGCFailedAllocation done
Event: 8.685 Executing VM operation: ParallelGCFailedAllocation
Event: 8.688 Executing VM operation: ParallelGCFailedAllocation done
Event: 8.693 Executing VM operation: ParallelGCFailedAllocation
Event: 8.696 Executing VM operation: ParallelGCFailedAllocation done
Event: 8.701 Executing VM operation: ParallelGCFailedAllocation
Event: 8.704 Executing VM operation: ParallelGCFailedAllocation done
Event: 8.711 Executing VM operation: ParallelGCFailedAllocation
Event: 8.713 Executing VM operation: ParallelGCFailedAllocation done
Event: 8.719 Executing VM operation: ParallelGCFailedAllocation
Event: 8.722 Executing VM operation: ParallelGCFailedAllocation done
Event: 31.001 Executing VM operation: ParallelGCFailedAllocation
Event: 31.006 Executing VM operation: ParallelGCFailedAllocation done
Event: 32.018 Executing VM operation: Cleanup
Event: 32.018 Executing VM operation: Cleanup done

Events (20 events):
Event: 8.574 Thread 0x0000022356364b50 Thread added: 0x0000022356364b50
Event: 8.574 Thread 0x0000022356366090 Thread added: 0x0000022356366090
Event: 8.576 loading class java/util/zip/GZIPInputStream$1
Event: 8.576 loading class java/util/zip/GZIPInputStream$1 done
Event: 8.729 Thread 0x0000022354fc3b50 Thread exited: 0x0000022354fc3b50
Event: 13.729 Thread 0x000002234fd735c0 Thread exited: 0x000002234fd735c0
Event: 13.729 Thread 0x000002234fd73070 Thread exited: 0x000002234fd73070
Event: 13.729 Thread 0x0000022356366090 Thread exited: 0x0000022356366090
Event: 18.734 Thread 0x0000022356364b50 Thread exited: 0x0000022356364b50
Event: 18.734 Thread 0x0000022356363610 Thread exited: 0x0000022356363610
Event: 18.734 Thread 0x000002233497a380 Thread exited: 0x000002233497a380
Event: 30.951 Thread 0x0000022356366b30 Thread added: 0x0000022356366b30
Event: 30.965 Thread 0x0000022356363610 Thread added: 0x0000022356363610
Event: 30.968 Thread 0x00000223563685c0 Thread added: 0x00000223563685c0
Event: 30.990 Thread 0x0000022356368b10 Thread added: 0x0000022356368b10
Event: 35.360 Thread 0x0000022356368b10 Thread exited: 0x0000022356368b10
Event: 35.360 Thread 0x00000223563685c0 Thread exited: 0x00000223563685c0
Event: 35.360 Thread 0x0000022356363610 Thread exited: 0x0000022356363610
Event: 35.361 Thread 0x0000022354fc8c50 Thread added: 0x0000022354fc8c50
Event: 35.390 Thread 0x0000022356364b50 Thread added: 0x0000022356364b50


Dynamic libraries:
0x00007ff6931a0000 - 0x00007ff6931ae000 	c:\Users\ASUS\.vscode\extensions\redhat.java-1.25.1-win32-x64\jre\17.0.9-win32-x86_64\bin\java.exe
0x00007ff8a4a10000 - 0x00007ff8a4c27000 	C:\WINDOWS\SYSTEM32\ntdll.dll
0x00007ff8a3220000 - 0x00007ff8a32e4000 	C:\WINDOWS\System32\KERNEL32.DLL
0x00007ff8a2080000 - 0x00007ff8a2426000 	C:\WINDOWS\System32\KERNELBASE.dll
0x00007ff8a2640000 - 0x00007ff8a2751000 	C:\WINDOWS\System32\ucrtbase.dll
0x00007ff89e080000 - 0x00007ff89e09b000 	c:\Users\ASUS\.vscode\extensions\redhat.java-1.25.1-win32-x64\jre\17.0.9-win32-x86_64\bin\VCRUNTIME140.dll
0x00007ff89ec00000 - 0x00007ff89ec17000 	c:\Users\ASUS\.vscode\extensions\redhat.java-1.25.1-win32-x64\jre\17.0.9-win32-x86_64\bin\jli.dll
0x00007ff8a4420000 - 0x00007ff8a45ce000 	C:\WINDOWS\System32\USER32.dll
0x00007ff8a2610000 - 0x00007ff8a2636000 	C:\WINDOWS\System32\win32u.dll
0x00007ff89a580000 - 0x00007ff89a813000 	C:\WINDOWS\WinSxS\amd64_microsoft.windows.common-controls_6595b64144ccf1df_6.0.22621.2506_none_270c5ae97388e100\COMCTL32.dll
0x00007ff8a4200000 - 0x00007ff8a4229000 	C:\WINDOWS\System32\GDI32.dll
0x00007ff8a45d0000 - 0x00007ff8a4677000 	C:\WINDOWS\System32\msvcrt.dll
0x00007ff8a1df0000 - 0x00007ff8a1f08000 	C:\WINDOWS\System32\gdi32full.dll
0x00007ff8a2570000 - 0x00007ff8a260a000 	C:\WINDOWS\System32\msvcp_win.dll
0x00007ff8a29e0000 - 0x00007ff8a2a11000 	C:\WINDOWS\System32\IMM32.DLL
0x00007ff89ec80000 - 0x00007ff89ec8c000 	c:\Users\ASUS\.vscode\extensions\redhat.java-1.25.1-win32-x64\jre\17.0.9-win32-x86_64\bin\vcruntime140_1.dll
0x00007ff885530000 - 0x00007ff8855bd000 	c:\Users\ASUS\.vscode\extensions\redhat.java-1.25.1-win32-x64\jre\17.0.9-win32-x86_64\bin\msvcp140.dll
0x00007ff85ada0000 - 0x00007ff85ba01000 	c:\Users\ASUS\.vscode\extensions\redhat.java-1.25.1-win32-x64\jre\17.0.9-win32-x86_64\bin\server\jvm.dll
0x00007ff8a46a0000 - 0x00007ff8a4751000 	C:\WINDOWS\System32\ADVAPI32.dll
0x00007ff8a3170000 - 0x00007ff8a3215000 	C:\WINDOWS\System32\sechost.dll
0x00007ff8a4760000 - 0x00007ff8a4877000 	C:\WINDOWS\System32\RPCRT4.dll
0x00007ff89a220000 - 0x00007ff89a229000 	C:\WINDOWS\SYSTEM32\WSOCK32.dll
0x00007ff8a1830000 - 0x00007ff8a187d000 	C:\WINDOWS\SYSTEM32\POWRPROF.dll
0x00007ff897ff0000 - 0x00007ff898024000 	C:\WINDOWS\SYSTEM32\WINMM.dll
0x00007ff8a2b00000 - 0x00007ff8a2b71000 	C:\WINDOWS\System32\WS2_32.dll
0x00007ff899e90000 - 0x00007ff899e9a000 	C:\WINDOWS\SYSTEM32\VERSION.dll
0x00007ff8a16d0000 - 0x00007ff8a16e3000 	C:\WINDOWS\SYSTEM32\UMPDC.dll
0x00007ff8a0d40000 - 0x00007ff8a0d58000 	C:\WINDOWS\SYSTEM32\kernel.appcore.dll
0x00007ff89a2e0000 - 0x00007ff89a2ea000 	c:\Users\ASUS\.vscode\extensions\redhat.java-1.25.1-win32-x64\jre\17.0.9-win32-x86_64\bin\jimage.dll
0x00007ff89f680000 - 0x00007ff89f8b3000 	C:\WINDOWS\SYSTEM32\DBGHELP.DLL
0x00007ff8a2de0000 - 0x00007ff8a3169000 	C:\WINDOWS\System32\combase.dll
0x00007ff8a2760000 - 0x00007ff8a2837000 	C:\WINDOWS\System32\OLEAUT32.dll
0x00007ff8989f0000 - 0x00007ff898a22000 	C:\WINDOWS\SYSTEM32\dbgcore.DLL
0x00007ff8a24f0000 - 0x00007ff8a256a000 	C:\WINDOWS\System32\bcryptPrimitives.dll
0x00007ff89a2d0000 - 0x00007ff89a2de000 	c:\Users\ASUS\.vscode\extensions\redhat.java-1.25.1-win32-x64\jre\17.0.9-win32-x86_64\bin\instrument.dll
0x00007ff88f040000 - 0x00007ff88f065000 	c:\Users\ASUS\.vscode\extensions\redhat.java-1.25.1-win32-x64\jre\17.0.9-win32-x86_64\bin\java.dll
0x00007ff899dc0000 - 0x00007ff899dd8000 	c:\Users\ASUS\.vscode\extensions\redhat.java-1.25.1-win32-x64\jre\17.0.9-win32-x86_64\bin\zip.dll
0x00007ff8a3940000 - 0x00007ff8a419a000 	C:\WINDOWS\System32\SHELL32.dll
0x00007ff89fc50000 - 0x00007ff8a0546000 	C:\WINDOWS\SYSTEM32\windows.storage.dll
0x00007ff89fb10000 - 0x00007ff89fc4e000 	C:\WINDOWS\SYSTEM32\wintypes.dll
0x00007ff8a3840000 - 0x00007ff8a3933000 	C:\WINDOWS\System32\SHCORE.dll
0x00007ff8a2a20000 - 0x00007ff8a2a7e000 	C:\WINDOWS\System32\shlwapi.dll
0x00007ff8a1cb0000 - 0x00007ff8a1cd6000 	C:\WINDOWS\SYSTEM32\profapi.dll
0x00007ff897250000 - 0x00007ff897269000 	C:\Users\ASUS\.vscode\extensions\redhat.java-1.25.1-win32-x64\jre\17.0.9-win32-x86_64\bin\net.dll
0x00007ff89c3a0000 - 0x00007ff89c4d7000 	C:\WINDOWS\SYSTEM32\WINHTTP.dll
0x00007ff8a11b0000 - 0x00007ff8a1219000 	C:\WINDOWS\system32\mswsock.dll
0x00007ff8971e0000 - 0x00007ff8971f6000 	C:\Users\ASUS\.vscode\extensions\redhat.java-1.25.1-win32-x64\jre\17.0.9-win32-x86_64\bin\nio.dll
0x00007ff896c50000 - 0x00007ff896c60000 	c:\Users\ASUS\.vscode\extensions\redhat.java-1.25.1-win32-x64\jre\17.0.9-win32-x86_64\bin\verify.dll
0x00007ff885490000 - 0x00007ff8854ce000 	C:\Users\ASUS\AppData\Roaming\Code\User\globalStorage\redhat.java\1.25.1\config_win\org.eclipse.equinox.launcher\org.eclipse.equinox.launcher.win32.win32.x86_64_1.2.800.v20231003-1442\eclipse_11802.dll
0x00007ff8a4280000 - 0x00007ff8a4420000 	C:\WINDOWS\System32\ole32.dll
0x00007ff8a1500000 - 0x00007ff8a151b000 	C:\WINDOWS\SYSTEM32\CRYPTSP.dll
0x00007ff8a0ca0000 - 0x00007ff8a0cd5000 	C:\WINDOWS\system32\rsaenh.dll
0x00007ff8a1250000 - 0x00007ff8a127c000 	C:\WINDOWS\SYSTEM32\USERENV.dll
0x00007ff8a1690000 - 0x00007ff8a16b8000 	C:\WINDOWS\SYSTEM32\bcrypt.dll
0x00007ff8a14e0000 - 0x00007ff8a14ec000 	C:\WINDOWS\SYSTEM32\CRYPTBASE.dll
0x00007ff8a07b0000 - 0x00007ff8a07dd000 	C:\WINDOWS\SYSTEM32\IPHLPAPI.DLL
0x00007ff8a33a0000 - 0x00007ff8a33a9000 	C:\WINDOWS\System32\NSI.dll
0x00007ff89c1e0000 - 0x00007ff89c1f9000 	C:\WINDOWS\SYSTEM32\dhcpcsvc6.DLL
0x00007ff89c1c0000 - 0x00007ff89c1df000 	C:\WINDOWS\SYSTEM32\dhcpcsvc.DLL
0x00007ff8a07e0000 - 0x00007ff8a08d9000 	C:\WINDOWS\SYSTEM32\DNSAPI.dll
0x00007ff8764c0000 - 0x00007ff876505000 	C:\Users\ASUS\AppData\Local\Temp\jna-2018896\jna6380094185720630401.dll
0x00007ff8a28d0000 - 0x00007ff8a28d8000 	C:\WINDOWS\System32\PSAPI.DLL
0x00007ff896c40000 - 0x00007ff896c4e000 	C:\Users\ASUS\.vscode\extensions\redhat.java-1.25.1-win32-x64\jre\17.0.9-win32-x86_64\bin\sunmscapi.dll
0x00007ff8a1f10000 - 0x00007ff8a2076000 	C:\WINDOWS\System32\CRYPT32.dll
0x00007ff8a1660000 - 0x00007ff8a168d000 	C:\WINDOWS\SYSTEM32\ncrypt.dll
0x00007ff8a1620000 - 0x00007ff8a1657000 	C:\WINDOWS\SYSTEM32\NTASN1.dll

dbghelp: loaded successfully - version: 4.0.5 - missing functions: none
symbol engine: initialized successfully - sym options: 0x614 - pdb path: .;c:\Users\ASUS\.vscode\extensions\redhat.java-1.25.1-win32-x64\jre\17.0.9-win32-x86_64\bin;C:\WINDOWS\SYSTEM32;C:\WINDOWS\WinSxS\amd64_microsoft.windows.common-controls_6595b64144ccf1df_6.0.22621.2506_none_270c5ae97388e100;c:\Users\ASUS\.vscode\extensions\redhat.java-1.25.1-win32-x64\jre\17.0.9-win32-x86_64\bin\server;C:\Users\ASUS\AppData\Roaming\Code\User\globalStorage\redhat.java\1.25.1\config_win\org.eclipse.equinox.launcher\org.eclipse.equinox.launcher.win32.win32.x86_64_1.2.800.v20231003-1442;C:\Users\ASUS\AppData\Local\Temp\jna-2018896

VM Arguments:
jvm_args: --add-modules=ALL-SYSTEM --add-opens=java.base/java.util=ALL-UNNAMED --add-opens=java.base/java.lang=ALL-UNNAMED --add-opens=java.base/sun.nio.fs=ALL-UNNAMED -Declipse.application=org.eclipse.jdt.ls.core.id1 -Dosgi.bundles.defaultStartLevel=4 -Declipse.product=org.eclipse.jdt.ls.core.product -Djava.import.generatesMetadataFilesAtProjectRoot=false -DDetectVMInstallationsJob.disabled=true -Dfile.encoding=utf8 -XX:+UseParallelGC -XX:GCTimeRatio=4 -XX:AdaptiveSizePolicyWeight=90 -Dsun.zip.disableMemoryMapping=true -Xmx1G -Xms100m -Xlog:disable -javaagent:c:\Users\ASUS\.vscode\extensions\redhat.java-1.25.1-win32-x64\lombok\lombok-1.18.30.jar -XX:+HeapDumpOnOutOfMemoryError -XX:HeapDumpPath=c:\Users\ASUS\AppData\Roaming\Code\User\workspaceStorage\12d0023a93ece6fc33ff234e2b806396\redhat.java -Daether.dependencyCollector.impl=bf 
java_command: c:\Users\ASUS\.vscode\extensions\redhat.java-1.25.1-win32-x64\server\plugins\org.eclipse.equinox.launcher_1.6.600.v20231106-1826.jar -configuration c:\Users\ASUS\AppData\Roaming\Code\User\globalStorage\redhat.java\1.25.1\config_win -data c:\Users\ASUS\AppData\Roaming\Code\User\workspaceStorage\12d0023a93ece6fc33ff234e2b806396\redhat.java\jdt_ws --stdio
java_class_path (initial): c:\Users\ASUS\.vscode\extensions\redhat.java-1.25.1-win32-x64\server\plugins\org.eclipse.equinox.launcher_1.6.600.v20231106-1826.jar
Launcher Type: SUN_STANDARD

[Global flags]
    uintx AdaptiveSizePolicyWeight                 = 90                                        {product} {command line}
     intx CICompilerCount                          = 12                                        {product} {ergonomic}
    uintx GCTimeRatio                              = 4                                         {product} {command line}
     bool HeapDumpOnOutOfMemoryError               = true                                   {manageable} {command line}
    ccstr HeapDumpPath                             = c:\Users\ASUS\AppData\Roaming\Code\User\workspaceStorage\12d0023a93ece6fc33ff234e2b806396\redhat.java         {manageable} {command line}
   size_t InitialHeapSize                          = 104857600                                 {product} {command line}
   size_t MaxHeapSize                              = 1073741824                                {product} {command line}
   size_t MaxNewSize                               = 357564416                                 {product} {ergonomic}
   size_t MinHeapDeltaBytes                        = 524288                                    {product} {ergonomic}
   size_t MinHeapSize                              = 104857600                                 {product} {command line}
   size_t NewSize                                  = 34603008                                  {product} {ergonomic}
    uintx NonNMethodCodeHeapSize                   = 7602480                                {pd product} {ergonomic}
    uintx NonProfiledCodeHeapSize                  = 122027880                              {pd product} {ergonomic}
   size_t OldSize                                  = 70254592                                  {product} {ergonomic}
    uintx ProfiledCodeHeapSize                     = 122027880                              {pd product} {ergonomic}
    uintx ReservedCodeCacheSize                    = 251658240                              {pd product} {ergonomic}
     bool SegmentedCodeCache                       = true                                      {product} {ergonomic}
   size_t SoftMaxHeapSize                          = 1073741824                             {manageable} {ergonomic}
     bool UseCompressedClassPointers               = true                           {product lp64_product} {ergonomic}
     bool UseCompressedOops                        = true                           {product lp64_product} {ergonomic}
     bool UseLargePagesIndividualAllocation        = false                                  {pd product} {ergonomic}
     bool UseParallelGC                            = true                                      {product} {command line}

Logging:
Log output configuration:
 #0: stdout all=off uptime,level,tags
 #1: stderr all=off uptime,level,tags

Environment Variables:
JAVA_HOME=C:\Program Files\Java\jdk1.8.0_202\bin
PATH=F:\oracle19c\app\oracle\product\11.2.0\server\bin;F:\downloads\WINDOWS.X64_193000_db_home\bin;C:\WINDOWS\system32;C:\WINDOWS;C:\WINDOWS\System32\Wbem;C:\WINDOWS\System32\WindowsPowerShell\v1.0\;C:\WINDOWS\System32\OpenSSH\;C:\ProgramData\chocolatey\bin;C:\Program Files\Git\cmd;C:\Program Files\dotnet\;C:\Program Files\MySQL\MySQL Server 8.0\bin;C:\Program Files\nodejs\;C:\Program Files\Java\jdk1.8.0_202\bin;C:\Program Files\Python311;C:\Program Files\MongoDB\Server\7.0\bin;;C:\Program Files\Docker\Docker\resources\bin;C:\Program Files\MySQL\MySQL Shell 8.0\bin\;C:\Program Files\JetBrains\PyCharm Community Edition 2022.3.2\bin;;C:\Program Files\Java\jdk1.8.0_202\bin\bin;C:\Users\ASUS\AppData\Local\Microsoft\WindowsApps;F:\Program Files\;C:\Program Files\nodejs\;C:\Users\ASUS\AppData\Local\GitHubDesktop\bin;C:\Program Files\JetBrains\IntelliJ IDEA 2023.1.4\bin;;C:\Users\ASUS\AppData\Roaming\npm;C:\Program Files\heroku\bin;C:\Program Files\MongoDB\Server\7.0\bin;C:\Users\ASUS\AppData\Local\Programs\mongosh\;F:\Program Files\Microsoft VS Code\bin
USERNAME=ASUS
OS=Windows_NT
PROCESSOR_IDENTIFIER=AMD64 Family 23 Model 96 Stepping 1, AuthenticAMD
TMP=C:\Users\ASUS\AppData\Local\Temp
TEMP=C:\Users\ASUS\AppData\Local\Temp



Periodic native trim disabled


---------------  S Y S T E M  ---------------

OS:
 Windows 11 , 64 bit Build 22621 (10.0.22621.2506)
OS uptime: 0 days 9:26 hours
Hyper-V role detected

CPU: total 16 (initial active 16) (16 cores per cpu, 2 threads per core) family 23 model 96 stepping 1 microcode 0x0, cx8, cmov, fxsr, ht, mmx, 3dnowpref, sse, sse2, sse3, ssse3, sse4a, sse4.1, sse4.2, popcnt, lzcnt, tsc, tscinvbit, avx, avx2, aes, clmul, bmi1, bmi2, adx, sha, fma, vzeroupper, clflush, clflushopt, hv
Processor Information for all 16 processors :
  Max Mhz: 2901, Current Mhz: 2901, Mhz Limit: 2901

Memory: 4k page, system-wide physical 15791M (5270M free)
TotalPageFile size 17791M (AvailPageFile size 192M)
current process WorkingSet (physical memory assigned to process): 264M, peak: 333M
current process commit charge ("private bytes"): 338M, peak: 436M

vm_info: OpenJDK 64-Bit Server VM (17.0.9+9) for windows-amd64 JRE (17.0.9+9), built on Oct 26 2023 14:01:42 by "admin" with MS VC++ 16.10 / 16.11 (VS2019)

END.
