#
# There is insufficient memory for the Java Runtime Environment to continue.
# Native memory allocation (mmap) failed to map 65536 bytes for Failed to commit metaspace.
# Possible reasons:
#   The system is out of physical RAM or swap space
#   The process is running with CompressedOops enabled, and the Java Heap may be blocking the growth of the native heap
# Possible solutions:
#   Reduce memory load on the system
#   Increase physical memory or swap space
#   Check if swap backing store is full
#   Decrease Java heap size (-Xmx/-Xms)
#   Decrease number of Java threads
#   Decrease Java thread stack sizes (-Xss)
#   Set larger code cache with -XX:ReservedCodeCacheSize=
#   JVM is running with Unscaled Compressed Oops mode in which the Java heap is
#     placed in the first 4GB address space. The Java Heap base address is the
#     maximum limit for the native heap growth. Please use -XX:HeapBaseMinAddress
#     to set the Java Heap base and to place the Java Heap above 4GB virtual address.
# This output file may be truncated or incomplete.
#
#  Out of Memory Error (virtualSpaceNode.cpp:110), pid=13836, tid=24428
#
# JRE version: OpenJDK Runtime Environment Temurin-17.0.9+9 (17.0.9+9) (build 17.0.9+9)
# Java VM: OpenJDK 64-Bit Server VM Temurin-17.0.9+9 (17.0.9+9, mixed mode, tiered, compressed oops, compressed class ptrs, parallel gc, windows-amd64)
# No core dump will be written. Minidumps are not enabled by default on client versions of Windows
#

---------------  S U M M A R Y ------------

Command Line: --add-modules=ALL-SYSTEM --add-opens=java.base/java.util=ALL-UNNAMED --add-opens=java.base/java.lang=ALL-UNNAMED --add-opens=java.base/sun.nio.fs=ALL-UNNAMED -Declipse.application=org.eclipse.jdt.ls.core.id1 -Dosgi.bundles.defaultStartLevel=4 -Declipse.product=org.eclipse.jdt.ls.core.product -Djava.import.generatesMetadataFilesAtProjectRoot=false -DDetectVMInstallationsJob.disabled=true -Dfile.encoding=utf8 -XX:+UseParallelGC -XX:GCTimeRatio=4 -XX:AdaptiveSizePolicyWeight=90 -Dsun.zip.disableMemoryMapping=true -Xmx1G -Xms100m -Xlog:disable -javaagent:c:\Users\ASUS\.vscode\extensions\redhat.java-1.25.1-win32-x64\lombok\lombok-1.18.30.jar c:\Users\ASUS\.vscode\extensions\redhat.java-1.25.1-win32-x64\server\plugins\org.eclipse.equinox.launcher_1.6.600.v20231106-1826.jar -configuration c:\Users\ASUS\AppData\Roaming\Code\User\globalStorage\redhat.java\1.25.1\config_ss_win -data c:\Users\ASUS\AppData\Roaming\Code\User\workspaceStorage\4974bcb92a49e75efca7130a946347a7\redhat.java\ss_ws --stdio

Host: AMD Ryzen 7 4800H with Radeon Graphics         , 16 cores, 15G,  Windows 11 , 64 bit Build 22621 (10.0.22621.2506)
Time: Thu Jan  4 19:48:45 2024 India Standard Time elapsed time: 0.369893 seconds (0d 0h 0m 0s)

---------------  T H R E A D  ---------------

Current thread (0x0000023dd6bc8090):  JavaThread "main" [_thread_in_vm, id=24428, stack(0x000000fd75400000,0x000000fd75500000)]

Stack: [0x000000fd75400000,0x000000fd75500000]
Native frames: (J=compiled Java code, j=interpreted, Vv=VM code, C=native code)
V  [jvm.dll+0x67cf49]
V  [jvm.dll+0x83478a]
V  [jvm.dll+0x83624e]
V  [jvm.dll+0x8368b3]
V  [jvm.dll+0x247f1f]
V  [jvm.dll+0x83044b]
V  [jvm.dll+0x621776]
V  [jvm.dll+0x6217da]
V  [jvm.dll+0x62400a]
V  [jvm.dll+0x622116]
V  [jvm.dll+0x24588c]
V  [jvm.dll+0x6d3dfd]
V  [jvm.dll+0x6d483f]
V  [jvm.dll+0x373e84]
V  [jvm.dll+0x372f04]
V  [jvm.dll+0x372ea8]
V  [jvm.dll+0x56369f]
V  [jvm.dll+0x563748]
V  [jvm.dll+0x386a5b]
V  [jvm.dll+0x386512]
C  0x0000023de0cc8695

The last pc belongs to getstatic (printed below).
Java frames: (J=compiled Java code, j=interpreted, Vv=VM code)
j  jdk.internal.event.EventHelper.<clinit>()V+50 java.base@17.0.9
v  ~StubRoutines::call_stub
j  sun.security.jca.JCAUtil.tryCommitCertEvent(Ljava/security/cert/Certificate;)V+6 java.base@17.0.9
j  java.security.cert.CertificateFactory.generateCertificate(Ljava/io/InputStream;)Ljava/security/cert/Certificate;+10 java.base@17.0.9
j  sun.security.pkcs.PKCS7.parseSignedData(Lsun/security/util/DerValue;)V+264 java.base@17.0.9
j  sun.security.pkcs.PKCS7.parse(Lsun/security/util/DerInputStream;Z)V+40 java.base@17.0.9
j  sun.security.pkcs.PKCS7.parse(Lsun/security/util/DerInputStream;)V+11 java.base@17.0.9
j  sun.security.pkcs.PKCS7.<init>([B)V+50 java.base@17.0.9
j  sun.security.util.SignatureFileVerifier.<init>(Ljava/util/ArrayList;Lsun/security/util/ManifestDigester;Ljava/lang/String;[B)V+40 java.base@17.0.9
j  java.util.jar.JarVerifier.processEntry(Lsun/security/util/ManifestEntryVerifier;)V+322 java.base@17.0.9
j  java.util.jar.JarVerifier.update(I[BIILsun/security/util/ManifestEntryVerifier;)V+39 java.base@17.0.9
j  java.util.jar.JarFile.initializeVerifier()V+163 java.base@17.0.9
j  java.util.jar.JarFile.ensureInitialization()V+41 java.base@17.0.9
j  java.util.jar.JavaUtilJarAccessImpl.ensureInitialization(Ljava/util/jar/JarFile;)V+1 java.base@17.0.9
j  jdk.internal.loader.URLClassPath$JarLoader$2.getManifest()Ljava/util/jar/Manifest;+10 java.base@17.0.9
j  jdk.internal.loader.BuiltinClassLoader.defineClass(Ljava/lang/String;Ljdk/internal/loader/Resource;)Ljava/lang/Class;+29 java.base@17.0.9
j  jdk.internal.loader.BuiltinClassLoader.findClassOnClassPathOrNull(Ljava/lang/String;)Ljava/lang/Class;+37 java.base@17.0.9
j  jdk.internal.loader.BuiltinClassLoader.loadClassOrNull(Ljava/lang/String;Z)Ljava/lang/Class;+111 java.base@17.0.9
j  jdk.internal.loader.BuiltinClassLoader.loadClass(Ljava/lang/String;Z)Ljava/lang/Class;+3 java.base@17.0.9
j  jdk.internal.loader.ClassLoaders$AppClassLoader.loadClass(Ljava/lang/String;Z)Ljava/lang/Class;+36 java.base@17.0.9
j  java.lang.ClassLoader.loadClass(Ljava/lang/String;)Ljava/lang/Class;+3 java.base@17.0.9
v  ~StubRoutines::call_stub
j  java.lang.Class.forName0(Ljava/lang/String;ZLjava/lang/ClassLoader;Ljava/lang/Class;)Ljava/lang/Class;+0 java.base@17.0.9
j  java.lang.Class.forName(Ljava/lang/String;ZLjava/lang/ClassLoader;)Ljava/lang/Class;+43 java.base@17.0.9
j  sun.launcher.LauncherHelper.loadMainClass(ILjava/lang/String;)Ljava/lang/Class;+95 java.base@17.0.9
j  sun.launcher.LauncherHelper.checkAndLoadMain(ZILjava/lang/String;)Ljava/lang/Class;+42 java.base@17.0.9
v  ~StubRoutines::call_stub
getstatic  178 getstatic  [0x0000023de0cc85e0, 0x0000023de0cc87e0]  512 bytes
[MachCode]
  0x0000023de0cc85e0: 4883 ec08 | c5fa 1104 | 24eb 1f48 | 83ec 10c5 | fb11 0424 | eb14 4883 | ec10 4889 | 0424 48c7 
  0x0000023de0cc8600: 4424 0800 | 0000 00eb | 0150 410f | b755 0148 | 8b4d d0c1 | e202 8b5c | d120 c1eb | 1081 e3ff 
  0x0000023de0cc8620: 0000 0081 | fbb2 0000 | 000f 84b6 | 0000 00bb | b200 0000 | e805 0000 | 00e9 9b00 | 0000 488b 
  0x0000023de0cc8640: d348 8d44 | 2408 4c89 | 6dc0 498b | cfc5 f877 | 4989 afa8 | 0200 0049 | 8987 9802 | 0000 4883 
  0x0000023de0cc8660: ec20 f7c4 | 0f00 0000 | 0f84 1a00 | 0000 4883 | ec08 49ba | b064 125b | f87f 0000 | 41ff d248 
  0x0000023de0cc8680: 83c4 08e9 | 0d00 0000 | 49ba b064 | 125b f87f | 0000 41ff | d248 83c4 | 2049 c787 | 9802 0000 
  0x0000023de0cc86a0: 0000 0000 | 49c7 87a8 | 0200 0000 | 0000 0049 | c787 a002 | 0000 0000 | 0000 c5f8 | 7749 817f 
  0x0000023de0cc86c0: 0800 0000 | 000f 8405 | 0000 00e9 | 3088 feff | 4c8b 6dc0 | 4c8b 75c8 | c341 0fb7 | 5501 488b 
  0x0000023de0cc86e0: 4dd0 c1e2 | 0248 8b5c | d130 8b44 | d138 4c8b | 4cd1 284d | 8b49 704d | 8b09 c1e8 | 1c83 e00f 
  0x0000023de0cc8700: 0f85 0b00 | 0000 410f | be04 1950 | e9b1 0000 | 0083 f801 | 0f85 0b00 | 0000 410f | b604 1950 
  0x0000023de0cc8720: e99d 0000 | 0083 f808 | 0f85 0a00 | 0000 418b | 0419 50e9 | 8a00 0000 | 83f8 040f | 850a 0000 
  0x0000023de0cc8740: 0041 8b04 | 1950 e977 | 0000 0083 | f802 0f85 | 0b00 0000 | 410f b704 | 1950 e963 | 0000 0083 
  0x0000023de0cc8760: f803 0f85 | 0b00 0000 | 410f bf04 | 1950 e94f | 0000 0083 | f805 0f85 | 1a00 0000 | 498b 0419 
  0x0000023de0cc8780: 4883 ec10 | 4889 0424 | 48c7 4424 | 0800 0000 | 00e9 2c00 | 0000 83f8 | 060f 8514 | 0000 00c4 
  0x0000023de0cc87a0: c17a 1004 | 1948 83ec | 08c5 fa11 | 0424 e90f | 0000 00c4 | c17b 1004 | 1948 83ec | 10c5 fb11 
  0x0000023de0cc87c0: 0424 410f | b65d 0349 | 83c5 0349 | ba90 a294 | 5bf8 7f00 | 0041 ff24 | da0f 1f80 | 0000 0000 
[/MachCode]

---------------  P R O C E S S  ---------------

Threads class SMR info:
_java_thread_list=0x0000023df1d5d960, length=17, elements={
0x0000023dd6bc8090, 0x0000023deaa59d90, 0x0000023deaa5aa20, 0x0000023defdc0330,
0x0000023defdc0fc0, 0x0000023defdc3c00, 0x0000023defdc7fe0, 0x0000023defdcca20,
0x0000023defdce410, 0x0000023defdcf5f0, 0x0000023dd6c28eb0, 0x0000023defec5e70,
0x0000023deff094e0, 0x0000023deff544a0, 0x0000023df1c9a830, 0x0000023df1c9ad50,
0x0000023df1d771a0
}

Java Threads: ( => current thread )
=>0x0000023dd6bc8090 JavaThread "main" [_thread_in_vm, id=24428, stack(0x000000fd75400000,0x000000fd75500000)]
  0x0000023deaa59d90 JavaThread "Reference Handler" daemon [_thread_blocked, id=20488, stack(0x000000fd75700000,0x000000fd75800000)]
  0x0000023deaa5aa20 JavaThread "Finalizer" daemon [_thread_blocked, id=10796, stack(0x000000fd75800000,0x000000fd75900000)]
  0x0000023defdc0330 JavaThread "Signal Dispatcher" daemon [_thread_blocked, id=22884, stack(0x000000fd75900000,0x000000fd75a00000)]
  0x0000023defdc0fc0 JavaThread "Attach Listener" daemon [_thread_blocked, id=21512, stack(0x000000fd75a00000,0x000000fd75b00000)]
  0x0000023defdc3c00 JavaThread "Service Thread" daemon [_thread_blocked, id=24504, stack(0x000000fd75b00000,0x000000fd75c00000)]
  0x0000023defdc7fe0 JavaThread "Monitor Deflation Thread" daemon [_thread_blocked, id=6536, stack(0x000000fd75c00000,0x000000fd75d00000)]
  0x0000023defdcca20 JavaThread "C2 CompilerThread0" daemon [_thread_blocked, id=10700, stack(0x000000fd75d00000,0x000000fd75e00000)]
  0x0000023defdce410 JavaThread "C1 CompilerThread0" daemon [_thread_blocked, id=7132, stack(0x000000fd75e00000,0x000000fd75f00000)]
  0x0000023defdcf5f0 JavaThread "Sweeper thread" daemon [_thread_blocked, id=15384, stack(0x000000fd75f00000,0x000000fd76000000)]
  0x0000023dd6c28eb0 JavaThread "Common-Cleaner" daemon [_thread_blocked, id=20020, stack(0x000000fd76000000,0x000000fd76100000)]
  0x0000023defec5e70 JavaThread "C1 CompilerThread1" daemon [_thread_blocked, id=15728, stack(0x000000fd76100000,0x000000fd76200000)]
  0x0000023deff094e0 JavaThread "C2 CompilerThread1" daemon [_thread_blocked, id=19512, stack(0x000000fd76200000,0x000000fd76300000)]
  0x0000023deff544a0 JavaThread "C2 CompilerThread2" daemon [_thread_blocked, id=15336, stack(0x000000fd76300000,0x000000fd76400000)]
  0x0000023df1c9a830 JavaThread "C1 CompilerThread2" daemon [_thread_blocked, id=12836, stack(0x000000fd76400000,0x000000fd76500000)]
  0x0000023df1c9ad50 JavaThread "C1 CompilerThread3" daemon [_thread_blocked, id=8816, stack(0x000000fd76500000,0x000000fd76600000)]
  0x0000023df1d771a0 JavaThread "Notification Thread" daemon [_thread_blocked, id=6628, stack(0x000000fd76600000,0x000000fd76700000)]

Other Threads:
  0x0000023dd6c7d8f0 VMThread "VM Thread" [stack: 0x000000fd75600000,0x000000fd75700000] [id=856]
  0x0000023df1d58100 WatcherThread [stack: 0x000000fd76700000,0x000000fd76800000] [id=21272]
  0x0000023dd6bde480 GCTaskThread "GC Thread#0" [stack: 0x000000fd75500000,0x000000fd75600000] [id=10432]

Threads with active compile tasks:

VM state: not at safepoint (normal execution)

VM Mutex/Monitor currently owned by a thread:  ([mutex/lock_event])
[0x0000023dd49d7750] Metaspace_lock - owner thread: 0x0000023dd6bc8090

Heap address: 0x00000000c0000000, size: 1024 MB, Compressed Oops mode: 32-bit

CDS archive(s) not mapped
Compressed class space mapped at: 0x0000000100000000-0x0000000140000000, reserved size: 1073741824
Narrow klass base: 0x0000000000000000, Narrow klass shift: 3, Narrow klass range: 0x140000000

GC Precious Log:
 CPUs: 16 total, 16 available
 Memory: 15791M
 Large Page Support: Disabled
 NUMA Support: Disabled
 Compressed Oops: Enabled (32-bit)
 Alignments: Space 512K, Generation 512K, Heap 2M
 Heap Min Capacity: 100M
 Heap Initial Capacity: 100M
 Heap Max Capacity: 1G
 Pre-touch: Disabled
 Parallel Workers: 13

Heap:
 PSYoungGen      total 29696K, used 11946K [0x00000000eab00000, 0x00000000ecc00000, 0x0000000100000000)
  eden space 25600K, 46% used [0x00000000eab00000,0x00000000eb6aa908,0x00000000ec400000)
  from space 4096K, 0% used [0x00000000ec800000,0x00000000ec800000,0x00000000ecc00000)
  to   space 4096K, 0% used [0x00000000ec400000,0x00000000ec400000,0x00000000ec800000)
 ParOldGen       total 68608K, used 0K [0x00000000c0000000, 0x00000000c4300000, 0x00000000eab00000)
  object space 68608K, 0% used [0x00000000c0000000,0x00000000c0000000,0x00000000c4300000)
 Metaspace       used 7500K, committed 7616K, reserved 1114112K
  class space    used 733K, committed 832K, reserved 1048576K

Card table byte_map: [0x0000023dd6570000,0x0000023dd6780000] _byte_map_base: 0x0000023dd5f70000

Marking Bits: (ParMarkBitMap*) 0x00007ff85b93d0b0
 Begin Bits: [0x0000023de8860000, 0x0000023de9860000)
 End Bits:   [0x0000023de9860000, 0x0000023dea860000)

Polling page: 0x0000023dd4bb0000

Metaspace:

Usage:
  Non-class:      6.61 MB used.
      Class:    733.87 KB used.
       Both:      7.32 MB used.

Virtual space:
  Non-class space:       64.00 MB reserved,       6.62 MB ( 10%) committed,  1 nodes.
      Class space:        1.00 GB reserved,     832.00 KB ( <1%) committed,  1 nodes.
             Both:        1.06 GB reserved,       7.44 MB ( <1%) committed. 

Chunk freelists:
   Non-Class:  9.00 MB
       Class:  15.21 MB
        Both:  24.21 MB

MaxMetaspaceSize: unlimited
CompressedClassSpaceSize: 1.00 GB
Initial GC threshold: 21.00 MB
Current GC threshold: 21.00 MB
CDS: off
MetaspaceReclaimPolicy: balanced
 - commit_granule_bytes: 65536.
 - commit_granule_words: 8192.
 - virtual_space_node_default_size: 8388608.
 - enlarge_chunks_in_place: 1.
 - new_chunks_are_fully_committed: 0.
 - uncommit_free_chunks: 1.
 - use_allocation_guard: 0.
 - handle_deallocations: 1.


Internal statistics:

num_allocs_failed_limit: 0.
num_arena_births: 10.
num_arena_deaths: 0.
num_vsnodes_births: 2.
num_vsnodes_deaths: 0.
num_space_committed: 119.
num_space_uncommitted: 0.
num_chunks_returned_to_freelist: 0.
num_chunks_taken_from_freelist: 40.
num_chunk_merges: 0.
num_chunk_splits: 23.
num_chunks_enlarged: 21.
num_inconsistent_stats: 0.

CodeHeap 'non-profiled nmethods': size=119168Kb used=170Kb max_used=170Kb free=118998Kb
 bounds [0x0000023de1400000, 0x0000023de1670000, 0x0000023de8860000]
CodeHeap 'profiled nmethods': size=119104Kb used=700Kb max_used=700Kb free=118403Kb
 bounds [0x0000023dd9860000, 0x0000023dd9ad0000, 0x0000023de0cb0000]
CodeHeap 'non-nmethods': size=7488Kb used=2809Kb max_used=2839Kb free=4678Kb
 bounds [0x0000023de0cb0000, 0x0000023de0f80000, 0x0000023de1400000]
 total_blobs=920 nmethods=512 adapters=320
 compilation: enabled
              stopped_count=0, restarted_count=0
 full_count=0

Compilation events (20 events):
Event: 0.356 Thread 0x0000023deff094e0 nmethod 497 0x0000023de1426710 code [0x0000023de14268a0, 0x0000023de1426b98]
Event: 0.357 Thread 0x0000023defdcca20  502       4       java.util.ArrayList$Itr::next (66 bytes)
Event: 0.358 Thread 0x0000023defdcca20 nmethod 502 0x0000023de1426d10 code [0x0000023de1426ea0, 0x0000023de1426fd8]
Event: 0.359 Thread 0x0000023df1c9a830  503       1       sun.security.util.KnownOIDs::value (5 bytes)
Event: 0.359 Thread 0x0000023df1c9a830 nmethod 503 0x0000023de1427110 code [0x0000023de14272a0, 0x0000023de1427378]
Event: 0.359 Thread 0x0000023df1c9ad50  505       1       java.security.Provider$Service::getType (5 bytes)
Event: 0.359 Thread 0x0000023defdce410  506       1       java.security.Provider$Service::getAlgorithm (5 bytes)
Event: 0.359 Thread 0x0000023df1c9a830  507       1       java.security.Provider$Service::getAliases (5 bytes)
Event: 0.359 Thread 0x0000023defec5e70  508       3       java.security.Provider$ServiceKey::hashCode (19 bytes)
Event: 0.359 Thread 0x0000023df1c9ad50 nmethod 505 0x0000023de1427810 code [0x0000023de14279a0, 0x0000023de1427a78]
Event: 0.359 Thread 0x0000023defdce410 nmethod 506 0x0000023de1427b10 code [0x0000023de1427ca0, 0x0000023de1427d78]
Event: 0.360 Thread 0x0000023df1c9a830 nmethod 507 0x0000023de1427e10 code [0x0000023de1427fa0, 0x0000023de1428078]
Event: 0.360 Thread 0x0000023defec5e70 nmethod 508 0x0000023dd990e310 code [0x0000023dd990e4c0, 0x0000023dd990e658]
Event: 0.360 Thread 0x0000023defdcca20  509   !   4       java.lang.String::replace (258 bytes)
Event: 0.363 Thread 0x0000023deff094e0  510       4       java.util.HashMap$KeyIterator::next (8 bytes)
Event: 0.364 Thread 0x0000023df1c9ad50  511       3       sun.security.util.ObjectIdentifier::checkOtherComponent (41 bytes)
Event: 0.364 Thread 0x0000023df1c9ad50 nmethod 511 0x0000023dd990e790 code [0x0000023dd990e9c0, 0x0000023dd990f0a8]
Event: 0.365 Thread 0x0000023deff544a0 nmethod 501 0x0000023de1428110 code [0x0000023de14282a0, 0x0000023de1428798]
Event: 0.367 Thread 0x0000023deff094e0 nmethod 510 0x0000023de1428a90 code [0x0000023de1428c20, 0x0000023de1428e98]
Event: 0.368 Thread 0x0000023deff544a0  512       4       java.util.Collections$UnmodifiableCollection$1::next (10 bytes)

GC Heap History (0 events):
No events

Dll operation events (8 events):
Event: 0.008 Loaded shared library c:\Users\ASUS\.vscode\extensions\redhat.java-1.25.1-win32-x64\jre\17.0.9-win32-x86_64\bin\java.dll
Event: 0.143 Loaded shared library c:\Users\ASUS\.vscode\extensions\redhat.java-1.25.1-win32-x64\jre\17.0.9-win32-x86_64\bin\zip.dll
Event: 0.146 Loaded shared library C:\Users\ASUS\.vscode\extensions\redhat.java-1.25.1-win32-x64\jre\17.0.9-win32-x86_64\bin\instrument.dll
Event: 0.157 Loaded shared library C:\Users\ASUS\.vscode\extensions\redhat.java-1.25.1-win32-x64\jre\17.0.9-win32-x86_64\bin\net.dll
Event: 0.159 Loaded shared library C:\Users\ASUS\.vscode\extensions\redhat.java-1.25.1-win32-x64\jre\17.0.9-win32-x86_64\bin\nio.dll
Event: 0.164 Loaded shared library C:\Users\ASUS\.vscode\extensions\redhat.java-1.25.1-win32-x64\jre\17.0.9-win32-x86_64\bin\zip.dll
Event: 0.177 Loaded shared library C:\Users\ASUS\.vscode\extensions\redhat.java-1.25.1-win32-x64\jre\17.0.9-win32-x86_64\bin\jimage.dll
Event: 0.234 Loaded shared library c:\Users\ASUS\.vscode\extensions\redhat.java-1.25.1-win32-x64\jre\17.0.9-win32-x86_64\bin\verify.dll

Deoptimization events (20 events):
Event: 0.320 Thread 0x0000023dd6bc8090 Uncommon trap: trap_request=0xffffff45 fr.pc=0x0000023de14130dc relative=0x000000000000005c
Event: 0.320 Thread 0x0000023dd6bc8090 Uncommon trap: reason=unstable_if action=reinterpret pc=0x0000023de14130dc method=java.lang.String.isLatin1()Z @ 10 c2
Event: 0.320 Thread 0x0000023dd6bc8090 DEOPT PACKING pc=0x0000023de14130dc sp=0x000000fd754fe780
Event: 0.320 Thread 0x0000023dd6bc8090 DEOPT UNPACKING pc=0x0000023de0d066a3 sp=0x000000fd754fe710 mode 2
Event: 0.321 Thread 0x0000023dd6bc8090 Uncommon trap: trap_request=0xffffff45 fr.pc=0x0000023de140f774 relative=0x0000000000000074
Event: 0.321 Thread 0x0000023dd6bc8090 Uncommon trap: reason=unstable_if action=reinterpret pc=0x0000023de140f774 method=java.lang.String.isLatin1()Z @ 10 c2
Event: 0.321 Thread 0x0000023dd6bc8090 DEOPT PACKING pc=0x0000023de140f774 sp=0x000000fd754ff190
Event: 0.321 Thread 0x0000023dd6bc8090 DEOPT UNPACKING pc=0x0000023de0d066a3 sp=0x000000fd754ff0d0 mode 2
Event: 0.333 Thread 0x0000023dd6bc8090 DEOPT PACKING pc=0x0000023dd987c580 sp=0x000000fd754faf30
Event: 0.333 Thread 0x0000023dd6bc8090 DEOPT UNPACKING pc=0x0000023de0d06e43 sp=0x000000fd754fa3f0 mode 0
Event: 0.334 Thread 0x0000023dd6bc8090 DEOPT PACKING pc=0x0000023dd987c539 sp=0x000000fd754fbd50
Event: 0.334 Thread 0x0000023dd6bc8090 DEOPT UNPACKING pc=0x0000023de0d06e43 sp=0x000000fd754fb210 mode 0
Event: 0.335 Thread 0x0000023dd6bc8090 DEOPT PACKING pc=0x0000023dd987c580 sp=0x000000fd754fc500
Event: 0.335 Thread 0x0000023dd6bc8090 DEOPT UNPACKING pc=0x0000023de0d06e43 sp=0x000000fd754fb9c0 mode 0
Event: 0.336 Thread 0x0000023dd6bc8090 DEOPT PACKING pc=0x0000023dd987c539 sp=0x000000fd754fb010
Event: 0.336 Thread 0x0000023dd6bc8090 DEOPT UNPACKING pc=0x0000023de0d06e43 sp=0x000000fd754fa4d0 mode 0
Event: 0.338 Thread 0x0000023dd6bc8090 DEOPT PACKING pc=0x0000023dd987c539 sp=0x000000fd754fb020
Event: 0.338 Thread 0x0000023dd6bc8090 DEOPT UNPACKING pc=0x0000023de0d06e43 sp=0x000000fd754fa4e0 mode 0
Event: 0.342 Thread 0x0000023dd6bc8090 DEOPT PACKING pc=0x0000023dd987c580 sp=0x000000fd754fbe40
Event: 0.342 Thread 0x0000023dd6bc8090 DEOPT UNPACKING pc=0x0000023de0d06e43 sp=0x000000fd754fb300 mode 0

Classes unloaded (0 events):
No events

Classes redefined (0 events):
No events

Internal exceptions (2 events):
Event: 0.119 Thread 0x0000023dd6bc8090 Exception <a 'java/lang/NoSuchMethodError'{0x00000000eacb3690}: 'void java.lang.invoke.DirectMethodHandle$Holder.invokeStatic(java.lang.Object, java.lang.Object, java.lang.Object)'> (0x00000000eacb3690) 
thrown [s\src\hotspot\share\interpreter\linkResolver.cpp, line 759]
Event: 0.257 Thread 0x0000023dd6bc8090 Exception <a 'java/lang/reflect/InvocationTargetException'{0x00000000eb142a80}> (0x00000000eb142a80) 
thrown [s\src\hotspot\share\runtime\reflection.cpp, line 1121]

VM Operations (4 events):
Event: 0.124 Executing VM operation: HandshakeAllThreads
Event: 0.124 Executing VM operation: HandshakeAllThreads done
Event: 0.191 Executing VM operation: HandshakeAllThreads
Event: 0.191 Executing VM operation: HandshakeAllThreads done

Events (20 events):
Event: 0.367 loading class java/lang/ClassValue$Entry
Event: 0.367 loading class java/lang/ClassValue$Entry done
Event: 0.367 loading class java/lang/ClassValue$Identity
Event: 0.367 loading class java/lang/ClassValue$Identity done
Event: 0.367 loading class java/lang/ClassValue$Version
Event: 0.367 loading class java/lang/ClassValue$Version done
Event: 0.367 loading class java/lang/invoke/VarHandleReferences$FieldStaticReadWrite
Event: 0.367 loading class java/lang/invoke/VarHandleReferences$FieldStaticReadOnly
Event: 0.368 loading class java/lang/invoke/VarHandleReferences$FieldStaticReadOnly done
Event: 0.368 loading class java/lang/invoke/VarHandleReferences$FieldStaticReadWrite done
Event: 0.368 loading class java/lang/invoke/VarHandle$1
Event: 0.368 loading class java/lang/invoke/VarHandle$1 done
Event: 0.368 loading class jdk/internal/util/Preconditions$1
Event: 0.368 loading class jdk/internal/util/Preconditions$1 done
Event: 0.368 loading class java/lang/invoke/VarHandleGuards
Event: 0.368 loading class java/lang/invoke/VarHandleGuards done
Event: 0.369 loading class java/lang/invoke/VarForm
Event: 0.369 loading class java/lang/invoke/VarForm done
Event: 0.369 loading class java/lang/System$Logger$Level
Event: 0.369 loading class java/lang/System$Logger$Level done


Dynamic libraries:
0x00007ff6931a0000 - 0x00007ff6931ae000 	c:\Users\ASUS\.vscode\extensions\redhat.java-1.25.1-win32-x64\jre\17.0.9-win32-x86_64\bin\java.exe
0x00007ff8a4a10000 - 0x00007ff8a4c27000 	C:\WINDOWS\SYSTEM32\ntdll.dll
0x00007ff8a3220000 - 0x00007ff8a32e4000 	C:\WINDOWS\System32\KERNEL32.DLL
0x00007ff8a2080000 - 0x00007ff8a2426000 	C:\WINDOWS\System32\KERNELBASE.dll
0x00007ff8a2640000 - 0x00007ff8a2751000 	C:\WINDOWS\System32\ucrtbase.dll
0x00007ff89e080000 - 0x00007ff89e09b000 	c:\Users\ASUS\.vscode\extensions\redhat.java-1.25.1-win32-x64\jre\17.0.9-win32-x86_64\bin\VCRUNTIME140.dll
0x00007ff89ec00000 - 0x00007ff89ec17000 	c:\Users\ASUS\.vscode\extensions\redhat.java-1.25.1-win32-x64\jre\17.0.9-win32-x86_64\bin\jli.dll
0x00007ff8a4420000 - 0x00007ff8a45ce000 	C:\WINDOWS\System32\USER32.dll
0x00007ff89a580000 - 0x00007ff89a813000 	C:\WINDOWS\WinSxS\amd64_microsoft.windows.common-controls_6595b64144ccf1df_6.0.22621.2506_none_270c5ae97388e100\COMCTL32.dll
0x00007ff8a2610000 - 0x00007ff8a2636000 	C:\WINDOWS\System32\win32u.dll
0x00007ff8a45d0000 - 0x00007ff8a4677000 	C:\WINDOWS\System32\msvcrt.dll
0x00007ff8a4200000 - 0x00007ff8a4229000 	C:\WINDOWS\System32\GDI32.dll
0x00007ff8a1df0000 - 0x00007ff8a1f08000 	C:\WINDOWS\System32\gdi32full.dll
0x00007ff8a2570000 - 0x00007ff8a260a000 	C:\WINDOWS\System32\msvcp_win.dll
0x00007ff8a29e0000 - 0x00007ff8a2a11000 	C:\WINDOWS\System32\IMM32.DLL
0x00007ff89ec80000 - 0x00007ff89ec8c000 	c:\Users\ASUS\.vscode\extensions\redhat.java-1.25.1-win32-x64\jre\17.0.9-win32-x86_64\bin\vcruntime140_1.dll
0x00007ff885530000 - 0x00007ff8855bd000 	c:\Users\ASUS\.vscode\extensions\redhat.java-1.25.1-win32-x64\jre\17.0.9-win32-x86_64\bin\msvcp140.dll
0x00007ff85ada0000 - 0x00007ff85ba01000 	c:\Users\ASUS\.vscode\extensions\redhat.java-1.25.1-win32-x64\jre\17.0.9-win32-x86_64\bin\server\jvm.dll
0x00007ff8a46a0000 - 0x00007ff8a4751000 	C:\WINDOWS\System32\ADVAPI32.dll
0x00007ff8a3170000 - 0x00007ff8a3215000 	C:\WINDOWS\System32\sechost.dll
0x00007ff8a4760000 - 0x00007ff8a4877000 	C:\WINDOWS\System32\RPCRT4.dll
0x00007ff89a220000 - 0x00007ff89a229000 	C:\WINDOWS\SYSTEM32\WSOCK32.dll
0x00007ff897ff0000 - 0x00007ff898024000 	C:\WINDOWS\SYSTEM32\WINMM.dll
0x00007ff8a2b00000 - 0x00007ff8a2b71000 	C:\WINDOWS\System32\WS2_32.dll
0x00007ff8a1830000 - 0x00007ff8a187d000 	C:\WINDOWS\SYSTEM32\POWRPROF.dll
0x00007ff899e90000 - 0x00007ff899e9a000 	C:\WINDOWS\SYSTEM32\VERSION.dll
0x00007ff8a16d0000 - 0x00007ff8a16e3000 	C:\WINDOWS\SYSTEM32\UMPDC.dll
0x00007ff8a0d40000 - 0x00007ff8a0d58000 	C:\WINDOWS\SYSTEM32\kernel.appcore.dll
0x00007ff89a2e0000 - 0x00007ff89a2ea000 	c:\Users\ASUS\.vscode\extensions\redhat.java-1.25.1-win32-x64\jre\17.0.9-win32-x86_64\bin\jimage.dll
0x00007ff89f680000 - 0x00007ff89f8b3000 	C:\WINDOWS\SYSTEM32\DBGHELP.DLL
0x00007ff8a2de0000 - 0x00007ff8a3169000 	C:\WINDOWS\System32\combase.dll
0x00007ff8a2760000 - 0x00007ff8a2837000 	C:\WINDOWS\System32\OLEAUT32.dll
0x00007ff8989f0000 - 0x00007ff898a22000 	C:\WINDOWS\SYSTEM32\dbgcore.DLL
0x00007ff8a24f0000 - 0x00007ff8a256a000 	C:\WINDOWS\System32\bcryptPrimitives.dll
0x00007ff89a2d0000 - 0x00007ff89a2de000 	c:\Users\ASUS\.vscode\extensions\redhat.java-1.25.1-win32-x64\jre\17.0.9-win32-x86_64\bin\instrument.dll
0x00007ff88f040000 - 0x00007ff88f065000 	c:\Users\ASUS\.vscode\extensions\redhat.java-1.25.1-win32-x64\jre\17.0.9-win32-x86_64\bin\java.dll
0x00007ff899dc0000 - 0x00007ff899dd8000 	c:\Users\ASUS\.vscode\extensions\redhat.java-1.25.1-win32-x64\jre\17.0.9-win32-x86_64\bin\zip.dll
0x00007ff8a3940000 - 0x00007ff8a419a000 	C:\WINDOWS\System32\SHELL32.dll
0x00007ff89fc50000 - 0x00007ff8a0546000 	C:\WINDOWS\SYSTEM32\windows.storage.dll
0x00007ff89fb10000 - 0x00007ff89fc4e000 	C:\WINDOWS\SYSTEM32\wintypes.dll
0x00007ff8a3840000 - 0x00007ff8a3933000 	C:\WINDOWS\System32\SHCORE.dll
0x00007ff8a2a20000 - 0x00007ff8a2a7e000 	C:\WINDOWS\System32\shlwapi.dll
0x00007ff8a1cb0000 - 0x00007ff8a1cd6000 	C:\WINDOWS\SYSTEM32\profapi.dll
0x00007ff897250000 - 0x00007ff897269000 	C:\Users\ASUS\.vscode\extensions\redhat.java-1.25.1-win32-x64\jre\17.0.9-win32-x86_64\bin\net.dll
0x00007ff89c3a0000 - 0x00007ff89c4d7000 	C:\WINDOWS\SYSTEM32\WINHTTP.dll
0x00007ff8a11b0000 - 0x00007ff8a1219000 	C:\WINDOWS\system32\mswsock.dll
0x00007ff8971e0000 - 0x00007ff8971f6000 	C:\Users\ASUS\.vscode\extensions\redhat.java-1.25.1-win32-x64\jre\17.0.9-win32-x86_64\bin\nio.dll
0x00007ff896c50000 - 0x00007ff896c60000 	c:\Users\ASUS\.vscode\extensions\redhat.java-1.25.1-win32-x64\jre\17.0.9-win32-x86_64\bin\verify.dll

dbghelp: loaded successfully - version: 4.0.5 - missing functions: none
symbol engine: initialized successfully - sym options: 0x614 - pdb path: .;c:\Users\ASUS\.vscode\extensions\redhat.java-1.25.1-win32-x64\jre\17.0.9-win32-x86_64\bin;C:\WINDOWS\SYSTEM32;C:\WINDOWS\WinSxS\amd64_microsoft.windows.common-controls_6595b64144ccf1df_6.0.22621.2506_none_270c5ae97388e100;c:\Users\ASUS\.vscode\extensions\redhat.java-1.25.1-win32-x64\jre\17.0.9-win32-x86_64\bin\server

VM Arguments:
jvm_args: --add-modules=ALL-SYSTEM --add-opens=java.base/java.util=ALL-UNNAMED --add-opens=java.base/java.lang=ALL-UNNAMED --add-opens=java.base/sun.nio.fs=ALL-UNNAMED -Declipse.application=org.eclipse.jdt.ls.core.id1 -Dosgi.bundles.defaultStartLevel=4 -Declipse.product=org.eclipse.jdt.ls.core.product -Djava.import.generatesMetadataFilesAtProjectRoot=false -DDetectVMInstallationsJob.disabled=true -Dfile.encoding=utf8 -XX:+UseParallelGC -XX:GCTimeRatio=4 -XX:AdaptiveSizePolicyWeight=90 -Dsun.zip.disableMemoryMapping=true -Xmx1G -Xms100m -Xlog:disable -javaagent:c:\Users\ASUS\.vscode\extensions\redhat.java-1.25.1-win32-x64\lombok\lombok-1.18.30.jar 
java_command: c:\Users\ASUS\.vscode\extensions\redhat.java-1.25.1-win32-x64\server\plugins\org.eclipse.equinox.launcher_1.6.600.v20231106-1826.jar -configuration c:\Users\ASUS\AppData\Roaming\Code\User\globalStorage\redhat.java\1.25.1\config_ss_win -data c:\Users\ASUS\AppData\Roaming\Code\User\workspaceStorage\4974bcb92a49e75efca7130a946347a7\redhat.java\ss_ws --stdio
java_class_path (initial): c:\Users\ASUS\.vscode\extensions\redhat.java-1.25.1-win32-x64\server\plugins\org.eclipse.equinox.launcher_1.6.600.v20231106-1826.jar
Launcher Type: SUN_STANDARD

[Global flags]
    uintx AdaptiveSizePolicyWeight                 = 90                                        {product} {command line}
     intx CICompilerCount                          = 12                                        {product} {ergonomic}
    uintx GCTimeRatio                              = 4                                         {product} {command line}
   size_t InitialHeapSize                          = 104857600                                 {product} {command line}
   size_t MaxHeapSize                              = 1073741824                                {product} {command line}
   size_t MaxNewSize                               = 357564416                                 {product} {ergonomic}
   size_t MinHeapDeltaBytes                        = 524288                                    {product} {ergonomic}
   size_t MinHeapSize                              = 104857600                                 {product} {command line}
   size_t NewSize                                  = 34603008                                  {product} {ergonomic}
    uintx NonNMethodCodeHeapSize                   = 7602480                                {pd product} {ergonomic}
    uintx NonProfiledCodeHeapSize                  = 122027880                              {pd product} {ergonomic}
   size_t OldSize                                  = 70254592                                  {product} {ergonomic}
    uintx ProfiledCodeHeapSize                     = 122027880                              {pd product} {ergonomic}
    uintx ReservedCodeCacheSize                    = 251658240                              {pd product} {ergonomic}
     bool SegmentedCodeCache                       = true                                      {product} {ergonomic}
   size_t SoftMaxHeapSize                          = 1073741824                             {manageable} {ergonomic}
     bool UseCompressedClassPointers               = true                           {product lp64_product} {ergonomic}
     bool UseCompressedOops                        = true                           {product lp64_product} {ergonomic}
     bool UseLargePagesIndividualAllocation        = false                                  {pd product} {ergonomic}
     bool UseParallelGC                            = true                                      {product} {command line}

Logging:
Log output configuration:
 #0: stdout all=off uptime,level,tags
 #1: stderr all=off uptime,level,tags

Environment Variables:
JAVA_HOME=C:\Program Files\Java\jdk1.8.0_202\bin
PATH=F:\oracle19c\app\oracle\product\11.2.0\server\bin;F:\downloads\WINDOWS.X64_193000_db_home\bin;C:\WINDOWS\system32;C:\WINDOWS;C:\WINDOWS\System32\Wbem;C:\WINDOWS\System32\WindowsPowerShell\v1.0\;C:\WINDOWS\System32\OpenSSH\;C:\ProgramData\chocolatey\bin;C:\Program Files\Git\cmd;C:\Program Files\dotnet\;C:\Program Files\MySQL\MySQL Server 8.0\bin;C:\Program Files\nodejs\;C:\Program Files\Java\jdk1.8.0_202\bin;C:\Program Files\Python311;C:\Program Files\MongoDB\Server\7.0\bin;;C:\Program Files\Docker\Docker\resources\bin;C:\Program Files\MySQL\MySQL Shell 8.0\bin\;C:\Program Files\JetBrains\PyCharm Community Edition 2022.3.2\bin;;C:\Program Files\Java\jdk1.8.0_202\bin\bin;C:\Users\ASUS\AppData\Local\Microsoft\WindowsApps;F:\Program Files\;C:\Program Files\nodejs\;C:\Users\ASUS\AppData\Local\GitHubDesktop\bin;C:\Program Files\JetBrains\IntelliJ IDEA 2023.1.4\bin;;C:\Users\ASUS\AppData\Roaming\npm;C:\Program Files\heroku\bin;C:\Program Files\MongoDB\Server\7.0\bin;C:\Users\ASUS\AppData\Local\Programs\mongosh\;F:\Program Files\Microsoft VS Code\bin
USERNAME=ASUS
OS=Windows_NT
PROCESSOR_IDENTIFIER=AMD64 Family 23 Model 96 Stepping 1, AuthenticAMD
TMP=C:\Users\ASUS\AppData\Local\Temp
TEMP=C:\Users\ASUS\AppData\Local\Temp



Periodic native trim disabled


---------------  S Y S T E M  ---------------

OS:
 Windows 11 , 64 bit Build 22621 (10.0.22621.2506)
OS uptime: 0 days 9:26 hours
Hyper-V role detected

CPU: total 16 (initial active 16) (16 cores per cpu, 2 threads per core) family 23 model 96 stepping 1 microcode 0x0, cx8, cmov, fxsr, ht, mmx, 3dnowpref, sse, sse2, sse3, ssse3, sse4a, sse4.1, sse4.2, popcnt, lzcnt, tsc, tscinvbit, avx, avx2, aes, clmul, bmi1, bmi2, adx, sha, fma, vzeroupper, clflush, clflushopt, hv
Processor Information for all 16 processors :
  Max Mhz: 2901, Current Mhz: 2901, Mhz Limit: 2901

Memory: 4k page, system-wide physical 15791M (5256M free)
TotalPageFile size 17791M (AvailPageFile size 0M)
current process WorkingSet (physical memory assigned to process): 47M, peak: 47M
current process commit charge ("private bytes"): 206M, peak: 206M

vm_info: OpenJDK 64-Bit Server VM (17.0.9+9) for windows-amd64 JRE (17.0.9+9), built on Oct 26 2023 14:01:42 by "admin" with MS VC++ 16.10 / 16.11 (VS2019)

END.
