#
# There is insufficient memory for the Java Runtime Environment to continue.
# Native memory allocation (malloc) failed to allocate 1048576 bytes for AllocateHeap
# Possible reasons:
#   The system is out of physical RAM or swap space
#   The process is running with CompressedOops enabled, and the Java Heap may be blocking the growth of the native heap
# Possible solutions:
#   Reduce memory load on the system
#   Increase physical memory or swap space
#   Check if swap backing store is full
#   Decrease Java heap size (-Xmx/-Xms)
#   Decrease number of Java threads
#   Decrease Java thread stack sizes (-Xss)
#   Set larger code cache with -XX:ReservedCodeCacheSize=
#   JVM is running with Zero Based Compressed Oops mode in which the Java heap is
#     placed in the first 32GB address space. The Java Heap base address is the
#     maximum limit for the native heap growth. Please use -XX:HeapBaseMinAddress
#     to set the Java Heap base and to place the Java Heap above 32GB virtual address.
# This output file may be truncated or incomplete.
#
#  Out of Memory Error (memory/allocation.inline.hpp:61), pid=3532, tid=0x00000000000011a8
#
# JRE version:  (8.0_202-b08) (build )
# Java VM: Java HotSpot(TM) 64-Bit Server VM (25.202-b08 mixed mode windows-amd64 compressed oops)
# Failed to write core dump. Minidumps are not enabled by default on client versions of Windows
#

---------------  T H R E A D  ---------------

Current thread (0x0000000003452800):  JavaThread "Unknown thread" [_thread_in_vm, id=4520, stack(0x0000000003350000,0x0000000003450000)]

Stack: [0x0000000003350000,0x0000000003450000]
[error occurred during error reporting (printing stack bounds), id 0xc0000005]

Native frames: (J=compiled Java code, j=interpreted, Vv=VM code, C=native code)


---------------  P R O C E S S  ---------------

Java Threads: ( => current thread )

Other Threads:

=>0x0000000003452800 (exited) JavaThread "Unknown thread" [_thread_in_vm, id=4520, stack(0x0000000003350000,0x0000000003450000)]

VM state:not at safepoint (normal execution)

VM Mutex/Monitor currently owned by a thread: None

heap address: 0x00000006c9400000, size: 3948 MB, Compressed Oops mode: Zero based, Oop shift amount: 3
Narrow klass base: 0x0000000000000000, Narrow klass shift: 3
Compressed class space size: 1073741824 Address: 0x00000007c0000000

Heap:
 PSYoungGen      total 2048K, used 30K [0x000000076dc00000, 0x000000076de80000, 0x00000007c0000000)
  eden space 1536K, 2% used [0x000000076dc00000,0x000000076dc07af0,0x000000076dd80000)
  from space 512K, 0% used [0x000000076de00000,0x000000076de00000,0x000000076de80000)
  to   space 512K, 0% used [0x000000076dd80000,0x000000076dd80000,0x000000076de00000)
 ParOldGen       total 5632K, used 0K [0x00000006c9400000, 0x00000006c9980000, 0x000000076dc00000)
  object space 5632K, 0% used [0x00000006c9400000,0x00000006c9400000,0x00000006c9980000)
 Metaspace       used 775K, capacity 4480K, committed 4480K, reserved 1056768K
  class space    used 76K, capacity 384K, committed 384K, reserved 1048576K

Card table byte_map: [0x0000000012910000,0x00000000130d0000] byte_map_base: 0x000000000f2c6000

Marking Bits: (ParMarkBitMap*) 0x00000000716f5ce0
 Begin Bits: [0x0000000014300000, 0x00000000180b0000)
 End Bits:   [0x00000000180b0000, 0x000000001be60000)

Polling page: 0x0000000003070000

CodeCache: size=245760Kb used=327Kb max_used=327Kb free=245432Kb
 bounds [0x0000000003550000, 0x00000000037c0000, 0x0000000012550000]
 total_blobs=57 nmethods=0 adapters=38
 compilation: enabled

Compilation events (0 events):
No events

GC Heap History (0 events):
No events

Deoptimization events (0 events):
No events

Classes redefined (0 events):
No events

Internal exceptions (0 events):
No events

Events (10 events):
Event: 0.026 loading class java/lang/Short
Event: 0.026 loading class java/lang/Short done
Event: 0.026 loading class java/lang/Integer
Event: 0.026 loading class java/lang/Integer done
Event: 0.026 loading class java/lang/Long
Event: 0.026 loading class java/lang/Long done
Event: 0.027 loading class java/lang/NullPointerException
Event: 0.027 loading class java/lang/NullPointerException done
Event: 0.027 loading class java/lang/ArithmeticException
Event: 0.027 loading class java/lang/ArithmeticException done


Dynamic libraries:
0x00007ff7a6920000 - 0x00007ff7a6927000 	C:\Program Files\Java\jdk1.8.0_202\bin\javac.exe
0x00007fffb0690000 - 0x00007fffb08a7000 	C:\WINDOWS\SYSTEM32\ntdll.dll
0x00007fffaedb0000 - 0x00007fffaee74000 	C:\WINDOWS\System32\KERNEL32.DLL
0x00007fffadc80000 - 0x00007fffae026000 	C:\WINDOWS\System32\KERNELBASE.dll
0x00007fff96100000 - 0x00007fff9612f000 	C:\Program Files\Java\jdk1.8.0_202\bin\jli.dll
0x0000000072d40000 - 0x0000000072e12000 	C:\Program Files\Java\jdk1.8.0_202\bin\MSVCR100.dll
0x00007fffb0580000 - 0x00007fffb0631000 	C:\WINDOWS\System32\ADVAPI32.dll
0x00007fffafaf0000 - 0x00007fffafb97000 	C:\WINDOWS\System32\msvcrt.dll
0x00007fffafa40000 - 0x00007fffafae5000 	C:\WINDOWS\System32\sechost.dll
0x00007fffafba0000 - 0x00007fffafcb7000 	C:\WINDOWS\System32\RPCRT4.dll
0x00007fffaf430000 - 0x00007fffaf5de000 	C:\WINDOWS\System32\USER32.dll
0x00007fffae030000 - 0x00007fffae056000 	C:\WINDOWS\System32\win32u.dll
0x00007fffa6200000 - 0x00007fffa6493000 	C:\WINDOWS\WinSxS\amd64_microsoft.windows.common-controls_6595b64144ccf1df_6.0.22621.2506_none_270c5ae97388e100\COMCTL32.dll
0x00007fffaf670000 - 0x00007fffaf699000 	C:\WINDOWS\System32\GDI32.dll
0x00007fffae2c0000 - 0x00007fffae3d8000 	C:\WINDOWS\System32\gdi32full.dll
0x00007fffadb70000 - 0x00007fffadc0a000 	C:\WINDOWS\System32\msvcp_win.dll
0x00007fffae060000 - 0x00007fffae171000 	C:\WINDOWS\System32\ucrtbase.dll
0x00007fffaf5e0000 - 0x00007fffaf611000 	C:\WINDOWS\System32\IMM32.DLL
0x0000000072c60000 - 0x0000000072d32000 	C:\Program Files\Java\jdk1.8.0_202\jre\bin\msvcr100.dll
0x0000000070ed0000 - 0x0000000071775000 	C:\Program Files\Java\jdk1.8.0_202\jre\bin\server\jvm.dll
0x00007fffaf770000 - 0x00007fffaf778000 	C:\WINDOWS\System32\PSAPI.DLL
0x00007fffa60b0000 - 0x00007fffa60ba000 	C:\WINDOWS\SYSTEM32\VERSION.dll
0x00007fff900f0000 - 0x00007fff900f9000 	C:\WINDOWS\SYSTEM32\WSOCK32.dll
0x00007fffaf020000 - 0x00007fffaf091000 	C:\WINDOWS\System32\WS2_32.dll
0x00007fffa4df0000 - 0x00007fffa4e24000 	C:\WINDOWS\SYSTEM32\WINMM.dll
0x00007fff9e190000 - 0x00007fff9e19f000 	C:\Program Files\Java\jdk1.8.0_202\jre\bin\verify.dll
0x00007fff95de0000 - 0x00007fff95e09000 	C:\Program Files\Java\jdk1.8.0_202\jre\bin\java.dll
0x00007fff95dc0000 - 0x00007fff95dd6000 	C:\Program Files\Java\jdk1.8.0_202\jre\bin\zip.dll

VM Arguments:
jvm_args: -Dapplication.home=C:\Program Files\Java\jdk1.8.0_202 -Xms8m 
java_command: com.sun.tools.javac.Main -cp D:\HIBERNATE\required\mysql-connector-j-8.1.0.jar;D:\HIBERNATE\required\hibernate3.jar;D:\HIBERNATE\required\antlr-2.7.6.jar;D:\HIBERNATE\required\commons-collections-3.1.jar;D:\HIBERNATE\required\dom4j-1.6.1.jar;D:\HIBERNATE\required\javassist-3.12.0.GA.jar;D:\HIBERNATE\required\jta-1.1.jar;D:\HIBERNATE\required\slf4j-simple-1.7.36.jar;D:\HIBERNATE\required\slf4j-api-1.7.36.jar;D:\HIBERNATE\required\hibernate-jpa-2.0-api-1.0.0.Final.jar; Test.java
java_class_path (initial): C:\Program Files\Java\jdk1.8.0_202/lib/tools.jar;C:\Program Files\Java\jdk1.8.0_202/classes
Launcher Type: SUN_STANDARD

Environment Variables:
JAVA_HOME=C:\Program Files\Java\jdk1.8.0_202\bin
PATH=F:\oracle19c\app\oracle\product\11.2.0\server\bin;F:\downloads\WINDOWS.X64_193000_db_home\bin;C:\WINDOWS\system32;C:\WINDOWS;C:\WINDOWS\System32\Wbem;C:\WINDOWS\System32\WindowsPowerShell\v1.0\;C:\WINDOWS\System32\OpenSSH\;C:\ProgramData\chocolatey\bin;C:\Program Files\Git\cmd;C:\Program Files\dotnet\;C:\Program Files\MySQL\MySQL Server 8.0\bin;C:\Program Files\nodejs\;C:\Program Files\Java\jdk1.8.0_202\bin;C:\Program Files\Python311;C:\Program Files\MongoDB\Server\7.0\bin;;C:\Program Files\Docker\Docker\resources\bin;C:\Program Files\MySQL\MySQL Shell 8.0\bin\;C:\Program Files\JetBrains\PyCharm Community Edition 2022.3.2\bin;;C:\Program Files\Java\jdk1.8.0_202\bin\bin;C:\Users\ASUS\AppData\Local\Microsoft\WindowsApps;C:\Users\ASUS\AppData\Local\Programs\Microsoft VS Code\bin;F:\Program Files\;C:\Program Files\nodejs\;C:\Users\ASUS\AppData\Local\GitHubDesktop\bin;C:\Program Files\JetBrains\IntelliJ IDEA 2023.1.4\bin;;C:\Users\ASUS\AppData\Roaming\npm;C:\Program Files\heroku\bin;C:\Program Files\MongoDB\Server\7.0\bin;C:\Users\ASUS\AppData\Local\Programs\mongosh\;
USERNAME=ASUS
OS=Windows_NT
PROCESSOR_IDENTIFIER=AMD64 Family 23 Model 96 Stepping 1, AuthenticAMD



---------------  S Y S T E M  ---------------

OS: Windows 10.0 , 64 bit Build 22621 (10.0.22621.2506)

CPU:total 16 (initial active 16) (16 cores per cpu, 1 threads per core) family 23 model 96 stepping 1, cmov, cx8, fxsr, mmx, sse, sse2, sse3, ssse3, sse4.1, sse4.2, popcnt, avx, avx2, aes, clmul, mmxext, 3dnowpref, lzcnt, sse4a, tsc, tscinvbit, tscinv, bmi1

Memory: 4k page, physical 16170000k(4670916k free), swap 18218000k(4752k free)

vm_info: Java HotSpot(TM) 64-Bit Server VM (25.202-b08) for windows-amd64 JRE (1.8.0_202-b08), built on Dec 15 2018 19:54:30 by "java_re" with MS VC++ 10.0 (VS2010)

time: Tue Jan 02 23:16:14 2024
timezone: India Standard Time
elapsed time: 0 seconds (0d 0h 0m 0s)

