#
# There is insufficient memory for the Java Runtime Environment to continue.
# Native memory allocation (malloc) failed to allocate 231456 bytes for Chunk::new
# Possible reasons:
#   The system is out of physical RAM or swap space
#   The process is running with CompressedOops enabled, and the Java Heap may be blocking the growth of the native heap
# Possible solutions:
#   Reduce memory load on the system
#   Increase physical memory or swap space
#   Check if swap backing store is full
#   Decrease Java heap size (-Xmx/-Xms)
#   Decrease number of Java threads
#   Decrease Java thread stack sizes (-Xss)
#   Set larger code cache with -XX:ReservedCodeCacheSize=
#   JVM is running with Unscaled Compressed Oops mode in which the Java heap is
#     placed in the first 4GB address space. The Java Heap base address is the
#     maximum limit for the native heap growth. Please use -XX:HeapBaseMinAddress
#     to set the Java Heap base and to place the Java Heap above 4GB virtual address.
# This output file may be truncated or incomplete.
#
#  Out of Memory Error (arena.cpp:191), pid=20808, tid=2576
#
# JRE version: OpenJDK Runtime Environment Temurin-17.0.9+9 (17.0.9+9) (build 17.0.9+9)
# Java VM: OpenJDK 64-Bit Server VM Temurin-17.0.9+9 (17.0.9+9, mixed mode, tiered, compressed oops, compressed class ptrs, parallel gc, windows-amd64)
# No core dump will be written. Minidumps are not enabled by default on client versions of Windows
#

---------------  S U M M A R Y ------------

Command Line: --add-modules=ALL-SYSTEM --add-opens=java.base/java.util=ALL-UNNAMED --add-opens=java.base/java.lang=ALL-UNNAMED --add-opens=java.base/sun.nio.fs=ALL-UNNAMED -Declipse.application=org.eclipse.jdt.ls.core.id1 -Dosgi.bundles.defaultStartLevel=4 -Declipse.product=org.eclipse.jdt.ls.core.product -Djava.import.generatesMetadataFilesAtProjectRoot=false -DDetectVMInstallationsJob.disabled=true -Dfile.encoding=utf8 -XX:+UseParallelGC -XX:GCTimeRatio=4 -XX:AdaptiveSizePolicyWeight=90 -Dsun.zip.disableMemoryMapping=true -Xmx1G -Xms100m -Xlog:disable -javaagent:c:\Users\ASUS\.vscode\extensions\redhat.java-1.25.1-win32-x64\lombok\lombok-1.18.30.jar c:\Users\ASUS\.vscode\extensions\redhat.java-1.25.1-win32-x64\server\plugins\org.eclipse.equinox.launcher_1.6.600.v20231106-1826.jar -configuration c:\Users\ASUS\AppData\Roaming\Code\User\globalStorage\redhat.java\1.25.1\config_ss_win -data c:\Users\ASUS\AppData\Roaming\Code\User\workspaceStorage\17abc06766544926555abbba1c139458\redhat.java\ss_ws --stdio

Host: AMD Ryzen 7 4800H with Radeon Graphics         , 16 cores, 15G,  Windows 11 , 64 bit Build 22621 (10.0.22621.2506)
Time: Tue Jan  2 23:08:47 2024 India Standard Time elapsed time: 2.426745 seconds (0d 0h 0m 2s)

---------------  T H R E A D  ---------------

Current thread (0x000001f2e67b45b0):  JavaThread "C2 CompilerThread2" daemon [_thread_in_native, id=2576, stack(0x0000003b92600000,0x0000003b92700000)]


Current CompileTask:
C2:   2426 2475       4       org.lombokweb.asm.MethodWriter::<init> (232 bytes)

Stack: [0x0000003b92600000,0x0000003b92700000]
Native frames: (J=compiled Java code, j=interpreted, Vv=VM code, C=native code)
V  [jvm.dll+0x67cf49]
V  [jvm.dll+0x83478a]
V  [jvm.dll+0x83624e]
V  [jvm.dll+0x8368b3]
V  [jvm.dll+0x247f1f]
V  [jvm.dll+0xac43c]
V  [jvm.dll+0xaca8c]
V  [jvm.dll+0x2af45f]
V  [jvm.dll+0x5853f7]
V  [jvm.dll+0x222f62]
V  [jvm.dll+0x22334f]
V  [jvm.dll+0x21c476]
V  [jvm.dll+0x2198c1]
V  [jvm.dll+0x1a57cd]
V  [jvm.dll+0x2297ae]
V  [jvm.dll+0x22797c]
V  [jvm.dll+0x7e9877]
V  [jvm.dll+0x7e3c3a]
V  [jvm.dll+0x67be35]
C  [ucrtbase.dll+0x29363]
C  [KERNEL32.DLL+0x1257d]
C  [ntdll.dll+0x5aa58]


---------------  P R O C E S S  ---------------

Threads class SMR info:
_java_thread_list=0x000001f2e69df040, length=24, elements={
0x000001f2ca86e010, 0x000001f2de6f3030, 0x000001f2de6f4650, 0x000001f2de6fc3d0,
0x000001f2de6fd160, 0x000001f2de6fe780, 0x000001f2e388aac0, 0x000001f2e388fbf0,
0x000001f2e3890e40, 0x000001f2e38927c0, 0x000001f2e3993010, 0x000001f2e390a8d0,
0x000001f2e39ca440, 0x000001f2e3a14a10, 0x000001f2e59c7c90, 0x000001f2e5eb1440,
0x000001f2e6304070, 0x000001f2e6440510, 0x000001f2e65f0400, 0x000001f2e64fd340,
0x000001f2e68a69c0, 0x000001f2e68a64b0, 0x000001f2e68a6ed0, 0x000001f2e67b45b0
}

Java Threads: ( => current thread )
  0x000001f2ca86e010 JavaThread "main" [_thread_blocked, id=14832, stack(0x0000003b90200000,0x0000003b90300000)]
  0x000001f2de6f3030 JavaThread "Reference Handler" daemon [_thread_blocked, id=6724, stack(0x0000003b90500000,0x0000003b90600000)]
  0x000001f2de6f4650 JavaThread "Finalizer" daemon [_thread_blocked, id=19000, stack(0x0000003b90600000,0x0000003b90700000)]
  0x000001f2de6fc3d0 JavaThread "Signal Dispatcher" daemon [_thread_blocked, id=15500, stack(0x0000003b90700000,0x0000003b90800000)]
  0x000001f2de6fd160 JavaThread "Attach Listener" daemon [_thread_blocked, id=13964, stack(0x0000003b90800000,0x0000003b90900000)]
  0x000001f2de6fe780 JavaThread "Service Thread" daemon [_thread_blocked, id=11452, stack(0x0000003b90900000,0x0000003b90a00000)]
  0x000001f2e388aac0 JavaThread "Monitor Deflation Thread" daemon [_thread_blocked, id=22596, stack(0x0000003b90a00000,0x0000003b90b00000)]
  0x000001f2e388fbf0 JavaThread "C2 CompilerThread0" daemon [_thread_in_native, id=23464, stack(0x0000003b90b00000,0x0000003b90c00000)]
  0x000001f2e3890e40 JavaThread "C1 CompilerThread0" daemon [_thread_blocked, id=12520, stack(0x0000003b90c00000,0x0000003b90d00000)]
  0x000001f2e38927c0 JavaThread "Sweeper thread" daemon [_thread_blocked, id=9304, stack(0x0000003b90d00000,0x0000003b90e00000)]
  0x000001f2e3993010 JavaThread "Common-Cleaner" daemon [_thread_blocked, id=6380, stack(0x0000003b90e00000,0x0000003b90f00000)]
  0x000001f2e390a8d0 JavaThread "C1 CompilerThread1" daemon [_thread_blocked, id=16348, stack(0x0000003b90f00000,0x0000003b91000000)]
  0x000001f2e39ca440 JavaThread "C1 CompilerThread2" daemon [_thread_blocked, id=13604, stack(0x0000003b91000000,0x0000003b91100000)]
  0x000001f2e3a14a10 JavaThread "C2 CompilerThread1" daemon [_thread_in_native, id=3284, stack(0x0000003b91100000,0x0000003b91200000)]
  0x000001f2e59c7c90 JavaThread "Notification Thread" daemon [_thread_blocked, id=3504, stack(0x0000003b91200000,0x0000003b91300000)]
  0x000001f2e5eb1440 JavaThread "Active Thread: Equinox Container: 383e913b-19fd-4408-a69a-a20c3fee2242" [_thread_blocked, id=16660, stack(0x0000003b91d00000,0x0000003b91e00000)]
  0x000001f2e6304070 JavaThread "Framework Event Dispatcher: Equinox Container: 383e913b-19fd-4408-a69a-a20c3fee2242" daemon [_thread_blocked, id=14944, stack(0x0000003b91700000,0x0000003b91800000)]
  0x000001f2e6440510 JavaThread "Start Level: Equinox Container: 383e913b-19fd-4408-a69a-a20c3fee2242" daemon [_thread_in_vm, id=18500, stack(0x0000003b91e00000,0x0000003b91f00000)]
  0x000001f2e65f0400 JavaThread "SCR Component Actor" daemon [_thread_blocked, id=15324, stack(0x0000003b91f00000,0x0000003b92000000)]
  0x000001f2e64fd340 JavaThread "SCR Component Registry" daemon [_thread_blocked, id=17596, stack(0x0000003b92100000,0x0000003b92200000)]
  0x000001f2e68a69c0 JavaThread "Worker-JM" [_thread_blocked, id=4512, stack(0x0000003b91400000,0x0000003b91500000)]
  0x000001f2e68a64b0 JavaThread "Worker-0" [_thread_blocked, id=15776, stack(0x0000003b92300000,0x0000003b92400000)]
  0x000001f2e68a6ed0 JavaThread "Worker-1" [_thread_blocked, id=23048, stack(0x0000003b92400000,0x0000003b92500000)]
=>0x000001f2e67b45b0 JavaThread "C2 CompilerThread2" daemon [_thread_in_native, id=2576, stack(0x0000003b92600000,0x0000003b92700000)]

Other Threads:
  0x000001f2e38645f0 VMThread "VM Thread" [stack: 0x0000003b90400000,0x0000003b90500000] [id=23808]
  0x000001f2e59c8570 WatcherThread [stack: 0x0000003b91300000,0x0000003b91400000] [id=22448]
  0x000001f2ca883770 GCTaskThread "GC Thread#0" [stack: 0x0000003b90300000,0x0000003b90400000] [id=23928]
  0x000001f2e6625010 GCTaskThread "GC Thread#1" [stack: 0x0000003b91800000,0x0000003b91900000] [id=15032]
  0x000001f2e633e610 GCTaskThread "GC Thread#2" [stack: 0x0000003b91900000,0x0000003b91a00000] [id=7876]
  0x000001f2e61417d0 GCTaskThread "GC Thread#3" [stack: 0x0000003b91a00000,0x0000003b91b00000] [id=22268]
  0x000001f2e5fcfdd0 GCTaskThread "GC Thread#4" [stack: 0x0000003b91b00000,0x0000003b91c00000] [id=204]
  0x000001f2e5fd0090 GCTaskThread "GC Thread#5" [stack: 0x0000003b91c00000,0x0000003b91d00000] [id=16312]
  0x000001f2e65321f0 GCTaskThread "GC Thread#6" [stack: 0x0000003b91600000,0x0000003b91700000] [id=9512]
  0x000001f2e65ecf50 GCTaskThread "GC Thread#7" [stack: 0x0000003b92000000,0x0000003b92100000] [id=20884]
  0x000001f2e66badd0 GCTaskThread "GC Thread#8" [stack: 0x0000003b91500000,0x0000003b91600000] [id=20716]
  0x000001f2e66bb090 GCTaskThread "GC Thread#9" [stack: 0x0000003b92200000,0x0000003b92300000] [id=20024]
  0x000001f2e68b0b60 GCTaskThread "GC Thread#10" [stack: 0x0000003b92500000,0x0000003b92600000] [id=7624]
  0x000001f2e6a16e40 GCTaskThread "GC Thread#11" [stack: 0x0000003b92700000,0x0000003b92800000] [id=5304]

Threads with active compile tasks:
C2 CompilerThread0     2438 2468       4       org.lombokweb.asm.ClassReader::readMethod (1066 bytes)
C2 CompilerThread1     2438 2472       4       lombok.patcher.PatchScript$MethodPatcher::visitMethod (158 bytes)
C2 CompilerThread2     2438 2475       4       org.lombokweb.asm.MethodWriter::<init> (232 bytes)

VM state: not at safepoint (normal execution)

VM Mutex/Monitor currently owned by a thread: None

Heap address: 0x00000000c0000000, size: 1024 MB, Compressed Oops mode: 32-bit

CDS archive(s) not mapped
Compressed class space mapped at: 0x0000000100000000-0x0000000140000000, reserved size: 1073741824
Narrow klass base: 0x0000000000000000, Narrow klass shift: 3, Narrow klass range: 0x140000000

GC Precious Log:
 CPUs: 16 total, 16 available
 Memory: 15791M
 Large Page Support: Disabled
 NUMA Support: Disabled
 Compressed Oops: Enabled (32-bit)
 Alignments: Space 512K, Generation 512K, Heap 2M
 Heap Min Capacity: 100M
 Heap Initial Capacity: 100M
 Heap Max Capacity: 1G
 Pre-touch: Disabled
 Parallel Workers: 13

Heap:
 PSYoungGen      total 26112K, used 13114K [0x00000000eab00000, 0x00000000ec880000, 0x0000000100000000)
  eden space 25088K, 49% used [0x00000000eab00000,0x00000000eb72fda0,0x00000000ec380000)
  from space 1024K, 62% used [0x00000000ec400000,0x00000000ec49ebb8,0x00000000ec500000)
  to   space 2560K, 0% used [0x00000000ec600000,0x00000000ec600000,0x00000000ec880000)
 ParOldGen       total 68608K, used 6609K [0x00000000c0000000, 0x00000000c4300000, 0x00000000eab00000)
  object space 68608K, 9% used [0x00000000c0000000,0x00000000c06745d0,0x00000000c4300000)
 Metaspace       used 26518K, committed 26944K, reserved 1114112K
  class space    used 2555K, committed 2752K, reserved 1048576K

Card table byte_map: [0x000001f2ca230000,0x000001f2ca440000] _byte_map_base: 0x000001f2c9c30000

Marking Bits: (ParMarkBitMap*) 0x00007fff394cd0b0
 Begin Bits: [0x000001f2dc500000, 0x000001f2dd500000)
 End Bits:   [0x000001f2dd500000, 0x000001f2de500000)

Polling page: 0x000001f2ca020000

Metaspace:

Usage:
  Non-class:     23.40 MB used.
      Class:      2.50 MB used.
       Both:     25.90 MB used.

Virtual space:
  Non-class space:       64.00 MB reserved,      23.62 MB ( 37%) committed,  1 nodes.
      Class space:        1.00 GB reserved,       2.69 MB ( <1%) committed,  1 nodes.
             Both:        1.06 GB reserved,      26.31 MB (  2%) committed. 

Chunk freelists:
   Non-Class:  7.83 MB
       Class:  13.31 MB
        Both:  21.14 MB

MaxMetaspaceSize: unlimited
CompressedClassSpaceSize: 1.00 GB
Initial GC threshold: 21.00 MB
Current GC threshold: 35.00 MB
CDS: off
MetaspaceReclaimPolicy: balanced
 - commit_granule_bytes: 65536.
 - commit_granule_words: 8192.
 - virtual_space_node_default_size: 8388608.
 - enlarge_chunks_in_place: 1.
 - new_chunks_are_fully_committed: 0.
 - uncommit_free_chunks: 1.
 - use_allocation_guard: 0.
 - handle_deallocations: 1.


Internal statistics:

num_allocs_failed_limit: 3.
num_arena_births: 270.
num_arena_deaths: 14.
num_vsnodes_births: 2.
num_vsnodes_deaths: 0.
num_space_committed: 421.
num_space_uncommitted: 0.
num_chunks_returned_to_freelist: 17.
num_chunks_taken_from_freelist: 985.
num_chunk_merges: 4.
num_chunk_splits: 650.
num_chunks_enlarged: 457.
num_inconsistent_stats: 0.

CodeHeap 'non-profiled nmethods': size=119168Kb used=996Kb max_used=996Kb free=118171Kb
 bounds [0x000001f2d50a0000, 0x000001f2d5310000, 0x000001f2dc500000]
CodeHeap 'profiled nmethods': size=119104Kb used=4911Kb max_used=4911Kb free=114192Kb
 bounds [0x000001f2cd500000, 0x000001f2cd9d0000, 0x000001f2d4950000]
CodeHeap 'non-nmethods': size=7488Kb used=2351Kb max_used=2364Kb free=5136Kb
 bounds [0x000001f2d4950000, 0x000001f2d4bc0000, 0x000001f2d50a0000]
 total_blobs=3019 nmethods=2481 adapters=450
 compilation: enabled
              stopped_count=0, restarted_count=0
 full_count=0

Compilation events (20 events):
Event: 2.403 Thread 0x000001f2e388fbf0 nmethod 2466 0x000001f2d5196710 code [0x000001f2d51968a0, 0x000001f2d5196cf8]
Event: 2.403 Thread 0x000001f2e388fbf0 2468       4       org.lombokweb.asm.ClassReader::readMethod (1066 bytes)
Event: 2.403 Thread 0x000001f2e3a14a10 nmethod 2467 0x000001f2d5197010 code [0x000001f2d51971a0, 0x000001f2d5197498]
Event: 2.403 Thread 0x000001f2e390a8d0 2471       3       org.lombokweb.asm.Type::hashCode (68 bytes)
Event: 2.404 Thread 0x000001f2e3a14a10 2472       4       lombok.patcher.PatchScript$MethodPatcher::visitMethod (158 bytes)
Event: 2.404 Thread 0x000001f2e390a8d0 nmethod 2471 0x000001f2cd9bcd10 code [0x000001f2cd9bcf20, 0x000001f2cd9bd658]
Event: 2.405 Thread 0x000001f2e39ca440 nmethod 2470% 0x000001f2cd9bd990 code [0x000001f2cd9bdf40, 0x000001f2cd9c0b48]
Event: 2.406 Thread 0x000001f2e67b45b0 2477       4       org.lombokweb.asm.Type::getArgumentsAndReturnSizes (140 bytes)
Event: 2.411 Thread 0x000001f2e67b45b0 nmethod 2477 0x000001f2d5197690 code [0x000001f2d5197880, 0x000001f2d5197f50]
Event: 2.411 Thread 0x000001f2e67b45b0 2475       4       org.lombokweb.asm.MethodWriter::<init> (232 bytes)
Event: 2.417 Thread 0x000001f2e39ca440 2479       3       org.lombokweb.asm.ClassReader::<init> (371 bytes)
Event: 2.417 Thread 0x000001f2e3890e40 2480       3       org.lombokweb.asm.SymbolTable::<init> (536 bytes)
Event: 2.418 Thread 0x000001f2e39ca440 nmethod 2479 0x000001f2cd9c1d10 code [0x000001f2cd9c1fe0, 0x000001f2cd9c3198]
Event: 2.419 Thread 0x000001f2e3890e40 nmethod 2480 0x000001f2cd9c3710 code [0x000001f2cd9c3ca0, 0x000001f2cd9c65c8]
Event: 2.422 Thread 0x000001f2e3890e40 2481       3       org.lombokweb.asm.MethodVisitor::visitJumpInsn (17 bytes)
Event: 2.422 Thread 0x000001f2e390a8d0 2482       3       org.lombokweb.asm.MethodWriter::visitFrame (811 bytes)
Event: 2.422 Thread 0x000001f2e3890e40 nmethod 2481 0x000001f2cd9c7710 code [0x000001f2cd9c78c0, 0x000001f2cd9c7ac8]
Event: 2.422 Thread 0x000001f2e39ca440 2483       3       java.lang.String::subSequence (7 bytes)
Event: 2.422 Thread 0x000001f2e39ca440 nmethod 2483 0x000001f2cd9c7b90 code [0x000001f2cd9c7d20, 0x000001f2cd9c7e68]
Event: 2.424 Thread 0x000001f2e390a8d0 nmethod 2482 0x000001f2cd9c7f10 code [0x000001f2cd9c8400, 0x000001f2cd9ca638]

GC Heap History (12 events):
Event: 1.019 GC heap before
{Heap before GC invocations=1 (full 0):
 PSYoungGen      total 29696K, used 25600K [0x00000000eab00000, 0x00000000ecc00000, 0x0000000100000000)
  eden space 25600K, 100% used [0x00000000eab00000,0x00000000ec400000,0x00000000ec400000)
  from space 4096K, 0% used [0x00000000ec800000,0x00000000ec800000,0x00000000ecc00000)
  to   space 4096K, 0% used [0x00000000ec400000,0x00000000ec400000,0x00000000ec800000)
 ParOldGen       total 68608K, used 0K [0x00000000c0000000, 0x00000000c4300000, 0x00000000eab00000)
  object space 68608K, 0% used [0x00000000c0000000,0x00000000c0000000,0x00000000c4300000)
 Metaspace       used 10761K, committed 10944K, reserved 1114112K
  class space    used 1067K, committed 1152K, reserved 1048576K
}
Event: 1.024 GC heap after
{Heap after GC invocations=1 (full 0):
 PSYoungGen      total 29696K, used 3068K [0x00000000eab00000, 0x00000000ecc00000, 0x0000000100000000)
  eden space 25600K, 0% used [0x00000000eab00000,0x00000000eab00000,0x00000000ec400000)
  from space 4096K, 74% used [0x00000000ec400000,0x00000000ec6ff0b0,0x00000000ec800000)
  to   space 4096K, 0% used [0x00000000ec800000,0x00000000ec800000,0x00000000ecc00000)
 ParOldGen       total 68608K, used 16K [0x00000000c0000000, 0x00000000c4300000, 0x00000000eab00000)
  object space 68608K, 0% used [0x00000000c0000000,0x00000000c0004000,0x00000000c4300000)
 Metaspace       used 10761K, committed 10944K, reserved 1114112K
  class space    used 1067K, committed 1152K, reserved 1048576K
}
Event: 1.654 GC heap before
{Heap before GC invocations=2 (full 0):
 PSYoungGen      total 29696K, used 28668K [0x00000000eab00000, 0x00000000ecc00000, 0x0000000100000000)
  eden space 25600K, 100% used [0x00000000eab00000,0x00000000ec400000,0x00000000ec400000)
  from space 4096K, 74% used [0x00000000ec400000,0x00000000ec6ff0b0,0x00000000ec800000)
  to   space 4096K, 0% used [0x00000000ec800000,0x00000000ec800000,0x00000000ecc00000)
 ParOldGen       total 68608K, used 16K [0x00000000c0000000, 0x00000000c4300000, 0x00000000eab00000)
  object space 68608K, 0% used [0x00000000c0000000,0x00000000c0004000,0x00000000c4300000)
 Metaspace       used 14864K, committed 15168K, reserved 1114112K
  class space    used 1502K, committed 1664K, reserved 1048576K
}
Event: 1.658 GC heap after
{Heap after GC invocations=2 (full 0):
 PSYoungGen      total 29696K, used 4072K [0x00000000eab00000, 0x00000000ecc00000, 0x0000000100000000)
  eden space 25600K, 0% used [0x00000000eab00000,0x00000000eab00000,0x00000000ec400000)
  from space 4096K, 99% used [0x00000000ec800000,0x00000000ecbfa128,0x00000000ecc00000)
  to   space 4096K, 0% used [0x00000000ec400000,0x00000000ec400000,0x00000000ec800000)
 ParOldGen       total 68608K, used 718K [0x00000000c0000000, 0x00000000c4300000, 0x00000000eab00000)
  object space 68608K, 1% used [0x00000000c0000000,0x00000000c00b3b60,0x00000000c4300000)
 Metaspace       used 14864K, committed 15168K, reserved 1114112K
  class space    used 1502K, committed 1664K, reserved 1048576K
}
Event: 2.055 GC heap before
{Heap before GC invocations=3 (full 0):
 PSYoungGen      total 29696K, used 29672K [0x00000000eab00000, 0x00000000ecc00000, 0x0000000100000000)
  eden space 25600K, 100% used [0x00000000eab00000,0x00000000ec400000,0x00000000ec400000)
  from space 4096K, 99% used [0x00000000ec800000,0x00000000ecbfa128,0x00000000ecc00000)
  to   space 4096K, 0% used [0x00000000ec400000,0x00000000ec400000,0x00000000ec800000)
 ParOldGen       total 68608K, used 718K [0x00000000c0000000, 0x00000000c4300000, 0x00000000eab00000)
  object space 68608K, 1% used [0x00000000c0000000,0x00000000c00b3b60,0x00000000c4300000)
 Metaspace       used 20056K, committed 20416K, reserved 1114112K
  class space    used 2038K, committed 2176K, reserved 1048576K
}
Event: 2.058 GC heap after
{Heap after GC invocations=3 (full 0):
 PSYoungGen      total 29696K, used 4087K [0x00000000eab00000, 0x00000000ecc00000, 0x0000000100000000)
  eden space 25600K, 0% used [0x00000000eab00000,0x00000000eab00000,0x00000000ec400000)
  from space 4096K, 99% used [0x00000000ec400000,0x00000000ec7fdc10,0x00000000ec800000)
  to   space 4096K, 0% used [0x00000000ec800000,0x00000000ec800000,0x00000000ecc00000)
 ParOldGen       total 68608K, used 2460K [0x00000000c0000000, 0x00000000c4300000, 0x00000000eab00000)
  object space 68608K, 3% used [0x00000000c0000000,0x00000000c02673e0,0x00000000c4300000)
 Metaspace       used 20056K, committed 20416K, reserved 1114112K
  class space    used 2038K, committed 2176K, reserved 1048576K
}
Event: 2.179 GC heap before
{Heap before GC invocations=4 (full 0):
 PSYoungGen      total 29696K, used 10857K [0x00000000eab00000, 0x00000000ecc00000, 0x0000000100000000)
  eden space 25600K, 26% used [0x00000000eab00000,0x00000000eb19cb20,0x00000000ec400000)
  from space 4096K, 99% used [0x00000000ec400000,0x00000000ec7fdc10,0x00000000ec800000)
  to   space 4096K, 0% used [0x00000000ec800000,0x00000000ec800000,0x00000000ecc00000)
 ParOldGen       total 68608K, used 2460K [0x00000000c0000000, 0x00000000c4300000, 0x00000000eab00000)
  object space 68608K, 3% used [0x00000000c0000000,0x00000000c02673e0,0x00000000c4300000)
 Metaspace       used 21097K, committed 21504K, reserved 1114112K
  class space    used 2157K, committed 2368K, reserved 1048576K
}
Event: 2.182 GC heap after
{Heap after GC invocations=4 (full 0):
 PSYoungGen      total 29696K, used 4077K [0x00000000eab00000, 0x00000000ecc00000, 0x0000000100000000)
  eden space 25600K, 0% used [0x00000000eab00000,0x00000000eab00000,0x00000000ec400000)
  from space 4096K, 99% used [0x00000000ec800000,0x00000000ecbfb7b8,0x00000000ecc00000)
  to   space 4096K, 0% used [0x00000000ec400000,0x00000000ec400000,0x00000000ec800000)
 ParOldGen       total 68608K, used 2737K [0x00000000c0000000, 0x00000000c4300000, 0x00000000eab00000)
  object space 68608K, 3% used [0x00000000c0000000,0x00000000c02ac5e8,0x00000000c4300000)
 Metaspace       used 21097K, committed 21504K, reserved 1114112K
  class space    used 2157K, committed 2368K, reserved 1048576K
}
Event: 2.182 GC heap before
{Heap before GC invocations=5 (full 1):
 PSYoungGen      total 29696K, used 4077K [0x00000000eab00000, 0x00000000ecc00000, 0x0000000100000000)
  eden space 25600K, 0% used [0x00000000eab00000,0x00000000eab00000,0x00000000ec400000)
  from space 4096K, 99% used [0x00000000ec800000,0x00000000ecbfb7b8,0x00000000ecc00000)
  to   space 4096K, 0% used [0x00000000ec400000,0x00000000ec400000,0x00000000ec800000)
 ParOldGen       total 68608K, used 2737K [0x00000000c0000000, 0x00000000c4300000, 0x00000000eab00000)
  object space 68608K, 3% used [0x00000000c0000000,0x00000000c02ac5e8,0x00000000c4300000)
 Metaspace       used 21097K, committed 21504K, reserved 1114112K
  class space    used 2157K, committed 2368K, reserved 1048576K
}
Event: 2.196 GC heap after
{Heap after GC invocations=5 (full 1):
 PSYoungGen      total 29696K, used 0K [0x00000000eab00000, 0x00000000ecc00000, 0x0000000100000000)
  eden space 25600K, 0% used [0x00000000eab00000,0x00000000eab00000,0x00000000ec400000)
  from space 4096K, 0% used [0x00000000ec800000,0x00000000ec800000,0x00000000ecc00000)
  to   space 4096K, 0% used [0x00000000ec400000,0x00000000ec400000,0x00000000ec800000)
 ParOldGen       total 68608K, used 6601K [0x00000000c0000000, 0x00000000c4300000, 0x00000000eab00000)
  object space 68608K, 9% used [0x00000000c0000000,0x00000000c06725d0,0x00000000c4300000)
 Metaspace       used 21084K, committed 21504K, reserved 1114112K
  class space    used 2153K, committed 2368K, reserved 1048576K
}
Event: 2.361 GC heap before
{Heap before GC invocations=6 (full 1):
 PSYoungGen      total 29696K, used 25600K [0x00000000eab00000, 0x00000000ecc00000, 0x0000000100000000)
  eden space 25600K, 100% used [0x00000000eab00000,0x00000000ec400000,0x00000000ec400000)
  from space 4096K, 0% used [0x00000000ec800000,0x00000000ec800000,0x00000000ecc00000)
  to   space 4096K, 0% used [0x00000000ec400000,0x00000000ec400000,0x00000000ec800000)
 ParOldGen       total 68608K, used 6601K [0x00000000c0000000, 0x00000000c4300000, 0x00000000eab00000)
  object space 68608K, 9% used [0x00000000c0000000,0x00000000c06725d0,0x00000000c4300000)
 Metaspace       used 24568K, committed 25024K, reserved 1114112K
  class space    used 2410K, committed 2624K, reserved 1048576K
}
Event: 2.363 GC heap after
{Heap after GC invocations=6 (full 1):
 PSYoungGen      total 26112K, used 634K [0x00000000eab00000, 0x00000000ec880000, 0x0000000100000000)
  eden space 25088K, 0% used [0x00000000eab00000,0x00000000eab00000,0x00000000ec380000)
  from space 1024K, 62% used [0x00000000ec400000,0x00000000ec49ebb8,0x00000000ec500000)
  to   space 2560K, 0% used [0x00000000ec600000,0x00000000ec600000,0x00000000ec880000)
 ParOldGen       total 68608K, used 6609K [0x00000000c0000000, 0x00000000c4300000, 0x00000000eab00000)
  object space 68608K, 9% used [0x00000000c0000000,0x00000000c06745d0,0x00000000c4300000)
 Metaspace       used 24568K, committed 25024K, reserved 1114112K
  class space    used 2410K, committed 2624K, reserved 1048576K
}

Dll operation events (9 events):
Event: 0.011 Loaded shared library c:\Users\ASUS\.vscode\extensions\redhat.java-1.25.1-win32-x64\jre\17.0.9-win32-x86_64\bin\java.dll
Event: 0.199 Loaded shared library c:\Users\ASUS\.vscode\extensions\redhat.java-1.25.1-win32-x64\jre\17.0.9-win32-x86_64\bin\zip.dll
Event: 0.204 Loaded shared library C:\Users\ASUS\.vscode\extensions\redhat.java-1.25.1-win32-x64\jre\17.0.9-win32-x86_64\bin\instrument.dll
Event: 0.221 Loaded shared library C:\Users\ASUS\.vscode\extensions\redhat.java-1.25.1-win32-x64\jre\17.0.9-win32-x86_64\bin\net.dll
Event: 0.223 Loaded shared library C:\Users\ASUS\.vscode\extensions\redhat.java-1.25.1-win32-x64\jre\17.0.9-win32-x86_64\bin\nio.dll
Event: 0.231 Loaded shared library C:\Users\ASUS\.vscode\extensions\redhat.java-1.25.1-win32-x64\jre\17.0.9-win32-x86_64\bin\zip.dll
Event: 0.255 Loaded shared library C:\Users\ASUS\.vscode\extensions\redhat.java-1.25.1-win32-x64\jre\17.0.9-win32-x86_64\bin\jimage.dll
Event: 0.339 Loaded shared library c:\Users\ASUS\.vscode\extensions\redhat.java-1.25.1-win32-x64\jre\17.0.9-win32-x86_64\bin\verify.dll
Event: 1.548 Loaded shared library C:\Users\ASUS\AppData\Roaming\Code\User\globalStorage\redhat.java\1.25.1\config_ss_win\org.eclipse.equinox.launcher\org.eclipse.equinox.launcher.win32.win32.x86_64_1.2.800.v20231003-1442\eclipse_11802.dll

Deoptimization events (20 events):
Event: 2.104 Thread 0x000001f2e6440510 Uncommon trap: trap_request=0xffffff45 fr.pc=0x000001f2d5139940 relative=0x0000000000000040
Event: 2.104 Thread 0x000001f2e6440510 Uncommon trap: reason=unstable_if action=reinterpret pc=0x000001f2d5139940 method=sun.nio.fs.WindowsPathParser.isSlash(C)Z @ 9 c2
Event: 2.104 Thread 0x000001f2e6440510 DEOPT PACKING pc=0x000001f2d5139940 sp=0x0000003b91ef8fe0
Event: 2.104 Thread 0x000001f2e6440510 DEOPT UNPACKING pc=0x000001f2d49a66a3 sp=0x0000003b91ef8f68 mode 2
Event: 2.275 Thread 0x000001f2e6440510 Uncommon trap: trap_request=0xffffffde fr.pc=0x000001f2d518c524 relative=0x0000000000000104
Event: 2.275 Thread 0x000001f2e6440510 Uncommon trap: reason=class_check action=maybe_recompile pc=0x000001f2d518c524 method=jdk.internal.misc.Unsafe.allocateUninitializedArray(Ljava/lang/Class;I)Ljava/lang/Object; @ 51 c2
Event: 2.275 Thread 0x000001f2e6440510 DEOPT PACKING pc=0x000001f2d518c524 sp=0x0000003b91eef110
Event: 2.275 Thread 0x000001f2e6440510 DEOPT UNPACKING pc=0x000001f2d49a66a3 sp=0x0000003b91eef098 mode 2
Event: 2.276 Thread 0x000001f2e6440510 Uncommon trap: trap_request=0xffffffde fr.pc=0x000001f2d518c524 relative=0x0000000000000104
Event: 2.276 Thread 0x000001f2e6440510 Uncommon trap: reason=class_check action=maybe_recompile pc=0x000001f2d518c524 method=jdk.internal.misc.Unsafe.allocateUninitializedArray(Ljava/lang/Class;I)Ljava/lang/Object; @ 51 c2
Event: 2.276 Thread 0x000001f2e6440510 DEOPT PACKING pc=0x000001f2d518c524 sp=0x0000003b91eef110
Event: 2.276 Thread 0x000001f2e6440510 DEOPT UNPACKING pc=0x000001f2d49a66a3 sp=0x0000003b91eef098 mode 2
Event: 2.276 Thread 0x000001f2e6440510 Uncommon trap: trap_request=0xffffffde fr.pc=0x000001f2d518c524 relative=0x0000000000000104
Event: 2.276 Thread 0x000001f2e6440510 Uncommon trap: reason=class_check action=maybe_recompile pc=0x000001f2d518c524 method=jdk.internal.misc.Unsafe.allocateUninitializedArray(Ljava/lang/Class;I)Ljava/lang/Object; @ 51 c2
Event: 2.276 Thread 0x000001f2e6440510 DEOPT PACKING pc=0x000001f2d518c524 sp=0x0000003b91eef110
Event: 2.276 Thread 0x000001f2e6440510 DEOPT UNPACKING pc=0x000001f2d49a66a3 sp=0x0000003b91eef098 mode 2
Event: 2.276 Thread 0x000001f2e6440510 Uncommon trap: trap_request=0xffffffde fr.pc=0x000001f2d518c524 relative=0x0000000000000104
Event: 2.276 Thread 0x000001f2e6440510 Uncommon trap: reason=class_check action=maybe_recompile pc=0x000001f2d518c524 method=jdk.internal.misc.Unsafe.allocateUninitializedArray(Ljava/lang/Class;I)Ljava/lang/Object; @ 51 c2
Event: 2.276 Thread 0x000001f2e6440510 DEOPT PACKING pc=0x000001f2d518c524 sp=0x0000003b91eef110
Event: 2.276 Thread 0x000001f2e6440510 DEOPT UNPACKING pc=0x000001f2d49a66a3 sp=0x0000003b91eef098 mode 2

Classes unloaded (7 events):
Event: 2.184 Thread 0x000001f2e38645f0 Unloading class 0x000000010021a000 'java/lang/invoke/LambdaForm$MH+0x000000010021a000'
Event: 2.184 Thread 0x000001f2e38645f0 Unloading class 0x0000000100219c00 'java/lang/invoke/LambdaForm$MH+0x0000000100219c00'
Event: 2.184 Thread 0x000001f2e38645f0 Unloading class 0x0000000100219800 'java/lang/invoke/LambdaForm$MH+0x0000000100219800'
Event: 2.184 Thread 0x000001f2e38645f0 Unloading class 0x0000000100219400 'java/lang/invoke/LambdaForm$MH+0x0000000100219400'
Event: 2.184 Thread 0x000001f2e38645f0 Unloading class 0x0000000100219000 'java/lang/invoke/LambdaForm$BMH+0x0000000100219000'
Event: 2.184 Thread 0x000001f2e38645f0 Unloading class 0x0000000100218c00 'java/lang/invoke/LambdaForm$DMH+0x0000000100218c00'
Event: 2.184 Thread 0x000001f2e38645f0 Unloading class 0x0000000100216000 'java/lang/invoke/LambdaForm$DMH+0x0000000100216000'

Classes redefined (0 events):
No events

Internal exceptions (20 events):
Event: 1.969 Thread 0x000001f2e6440510 Exception <a 'java/lang/NoSuchMethodError'{0x00000000ebf5c580}: 'int java.lang.invoke.DirectMethodHandle$Holder.invokeSpecial(java.lang.Object, java.lang.Object, java.lang.Object)'> (0x00000000ebf5c580) 
thrown [s\src\hotspot\share\interpreter\linkResolver.cpp, line 759]
Event: 1.970 Thread 0x000001f2e6440510 Exception <a 'java/lang/NoSuchMethodError'{0x00000000ebf6dce0}: 'int java.lang.invoke.DirectMethodHandle$Holder.invokeStatic(java.lang.Object, java.lang.Object, int)'> (0x00000000ebf6dce0) 
thrown [s\src\hotspot\share\interpreter\linkResolver.cpp, line 759]
Event: 1.971 Thread 0x000001f2e6440510 Exception <a 'java/lang/NoSuchMethodError'{0x00000000ebf71d08}: 'int java.lang.invoke.DirectMethodHandle$Holder.invokeSpecial(java.lang.Object, java.lang.Object, java.lang.Object, int)'> (0x00000000ebf71d08) 
thrown [s\src\hotspot\share\interpreter\linkResolver.cpp, line 759]
Event: 1.972 Thread 0x000001f2e6440510 Exception <a 'java/lang/NoSuchMethodError'{0x00000000ebf8dc48}: 'java.lang.Object java.lang.invoke.DirectMethodHandle$Holder.invokeStatic(java.lang.Object, java.lang.Object, java.lang.Object, java.lang.Object, int)'> (0x00000000ebf8dc48) 
thrown [s\src\hotspot\share\interpreter\linkResolver.cpp, line 759]
Event: 1.974 Thread 0x000001f2e6440510 Exception <a 'java/lang/NoSuchMethodError'{0x00000000ebf99c40}: 'java.lang.Object java.lang.invoke.DelegatingMethodHandle$Holder.reinvoke_L(java.lang.Object, java.lang.Object, java.lang.Object, java.lang.Object, int, int)'> (0x00000000ebf99c40) 
thrown [s\src\hotspot\share\interpreter\linkResolver.cpp, line 759]
Event: 1.976 Thread 0x000001f2e6440510 Exception <a 'java/lang/NoSuchMethodError'{0x00000000ebfae2d0}: 'java.lang.Object java.lang.invoke.Invokers$Holder.invokeExact_MT(java.lang.Object, java.lang.Object, java.lang.Object, java.lang.Object)'> (0x00000000ebfae2d0) 
thrown [s\src\hotspot\share\interpreter\linkResolver.cpp, line 759]
Event: 2.026 Thread 0x000001f2e6440510 Exception <a 'java/io/FileNotFoundException'{0x00000000ec220010}> (0x00000000ec220010) 
thrown [s\src\hotspot\share\prims\jni.cpp, line 516]
Event: 2.072 Thread 0x000001f2e6440510 Exception <a 'java/lang/NoSuchMethodError'{0x00000000eabf03c8}: 'java.lang.Object java.lang.invoke.DirectMethodHandle$Holder.newInvokeSpecial(java.lang.Object, java.lang.Object, java.lang.Object, java.lang.Object, java.lang.Object)'> (0x00000000eabf03c8) 
thrown [s\src\hotspot\share\interpreter\linkResolver.cpp, line 759]
Event: 2.152 Thread 0x000001f2e6440510 Exception <a 'java/lang/NoSuchMethodError'{0x00000000eaf76718}: 'java.lang.Object java.lang.invoke.DirectMethodHandle$Holder.invokeSpecial(java.lang.Object, java.lang.Object, java.lang.Object, long, java.lang.Object)'> (0x00000000eaf76718) 
thrown [s\src\hotspot\share\interpreter\linkResolver.cpp, line 759]
Event: 2.153 Thread 0x000001f2e6440510 Exception <a 'java/lang/NoSuchMethodError'{0x00000000eaf7e8d0}: 'java.lang.Object java.lang.invoke.DirectMethodHandle$Holder.newInvokeSpecial(java.lang.Object, java.lang.Object, java.lang.Object, long)'> (0x00000000eaf7e8d0) 
thrown [s\src\hotspot\share\interpreter\linkResolver.cpp, line 759]
Event: 2.153 Thread 0x000001f2e6440510 Exception <a 'java/lang/NoSuchMethodError'{0x00000000eaf82e70}: 'java.lang.Object java.lang.invoke.DirectMethodHandle$Holder.invokeSpecial(java.lang.Object, java.lang.Object, java.lang.Object, java.lang.Object, long)'> (0x00000000eaf82e70) 
thrown [s\src\hotspot\share\interpreter\linkResolver.cpp, line 759]
Event: 2.153 Thread 0x000001f2e6440510 Exception <a 'java/lang/NoSuchMethodError'{0x00000000eaf86ce8}: 'java.lang.Object java.lang.invoke.Invokers$Holder.linkToTargetMethod(java.lang.Object, java.lang.Object, long, java.lang.Object)'> (0x00000000eaf86ce8) 
thrown [s\src\hotspot\share\interpreter\linkResolver.cpp, line 759]
Event: 2.160 Thread 0x000001f2e6440510 Exception <a 'java/lang/NoSuchMethodError'{0x00000000eb013408}: 'int java.lang.invoke.DirectMethodHandle$Holder.invokeStaticInit(java.lang.Object, java.lang.Object, java.lang.Object)'> (0x00000000eb013408) 
thrown [s\src\hotspot\share\interpreter\linkResolver.cpp, line 759]
Event: 2.165 Thread 0x000001f2e6440510 Exception <a 'java/lang/IncompatibleClassChangeError'{0x00000000eb07b800}: Found class java.lang.Object, but interface was expected> (0x00000000eb07b800) 
thrown [s\src\hotspot\share\interpreter\linkResolver.cpp, line 826]
Event: 2.168 Thread 0x000001f2e6440510 Exception <a 'java/lang/NoSuchMethodError'{0x00000000eb08dde0}: 'java.lang.Object java.lang.invoke.DirectMethodHandle$Holder.invokeSpecial(java.lang.Object, java.lang.Object, java.lang.Object, int, java.lang.Object, java.lang.Object)'> (0x00000000eb08dde0) 
thrown [s\src\hotspot\share\interpreter\linkResolver.cpp, line 759]
Event: 2.169 Thread 0x000001f2e6440510 Exception <a 'java/lang/NoSuchMethodError'{0x00000000eb096568}: 'java.lang.Object java.lang.invoke.DirectMethodHandle$Holder.newInvokeSpecial(java.lang.Object, java.lang.Object, java.lang.Object, int, java.lang.Object)'> (0x00000000eb096568) 
thrown [s\src\hotspot\share\interpreter\linkResolver.cpp, line 759]
Event: 2.169 Thread 0x000001f2e6440510 Exception <a 'java/lang/NoSuchMethodError'{0x00000000eb09a9c0}: 'java.lang.Object java.lang.invoke.DirectMethodHandle$Holder.invokeSpecial(java.lang.Object, java.lang.Object, java.lang.Object, java.lang.Object, int, java.lang.Object)'> (0x00000000eb09a9c0) 
thrown [s\src\hotspot\share\interpreter\linkResolver.cpp, line 759]
Event: 2.170 Thread 0x000001f2e68a64b0 Exception <a 'java/lang/NoSuchMethodError'{0x00000000eafd0bf8}: 'java.lang.Object java.lang.invoke.DirectMethodHandle$Holder.invokeSpecial(java.lang.Object, java.lang.Object, int, java.lang.Object, java.lang.Object)'> (0x00000000eafd0bf8) 
thrown [s\src\hotspot\share\interpreter\linkResolver.cpp, line 759]
Event: 2.170 Thread 0x000001f2e68a64b0 Exception <a 'java/lang/NoSuchMethodError'{0x00000000eafd82c8}: 'java.lang.Object java.lang.invoke.DirectMethodHandle$Holder.newInvokeSpecial(java.lang.Object, java.lang.Object, int, java.lang.Object)'> (0x00000000eafd82c8) 
thrown [s\src\hotspot\share\interpreter\linkResolver.cpp, line 759]
Event: 2.171 Thread 0x000001f2e68a64b0 Exception <a 'java/lang/NoSuchMethodError'{0x00000000eafdbdd8}: 'java.lang.Object java.lang.invoke.DirectMethodHandle$Holder.invokeSpecial(java.lang.Object, java.lang.Object, java.lang.Object, int, java.lang.Object)'> (0x00000000eafdbdd8) 
thrown [s\src\hotspot\share\interpreter\linkResolver.cpp, line 759]

VM Operations (20 events):
Event: 1.396 Executing VM operation: HandshakeAllThreads
Event: 1.396 Executing VM operation: HandshakeAllThreads done
Event: 1.622 Executing VM operation: HandshakeAllThreads
Event: 1.622 Executing VM operation: HandshakeAllThreads done
Event: 1.637 Executing VM operation: ICBufferFull
Event: 1.637 Executing VM operation: ICBufferFull done
Event: 1.654 Executing VM operation: ParallelGCFailedAllocation
Event: 1.658 Executing VM operation: ParallelGCFailedAllocation done
Event: 1.877 Executing VM operation: HandshakeAllThreads
Event: 1.877 Executing VM operation: HandshakeAllThreads done
Event: 1.967 Executing VM operation: HandshakeAllThreads
Event: 1.967 Executing VM operation: HandshakeAllThreads done
Event: 2.054 Executing VM operation: ParallelGCFailedAllocation
Event: 2.058 Executing VM operation: ParallelGCFailedAllocation done
Event: 2.178 Executing VM operation: CollectForMetadataAllocation
Event: 2.196 Executing VM operation: CollectForMetadataAllocation done
Event: 2.197 Executing VM operation: HandshakeAllThreads
Event: 2.197 Executing VM operation: HandshakeAllThreads done
Event: 2.361 Executing VM operation: ParallelGCFailedAllocation
Event: 2.363 Executing VM operation: ParallelGCFailedAllocation done

Events (20 events):
Event: 2.225 loading class java/util/zip/GZIPInputStream done
Event: 2.237 loading class java/io/StringReader
Event: 2.237 loading class java/io/StringReader done
Event: 2.239 loading class java/net/SocketTimeoutException
Event: 2.239 loading class java/io/InterruptedIOException
Event: 2.239 loading class java/io/InterruptedIOException done
Event: 2.239 loading class java/net/SocketTimeoutException done
Event: 2.239 loading class java/net/SocketException
Event: 2.239 loading class java/net/SocketException done
Event: 2.239 loading class java/net/UnknownHostException
Event: 2.239 loading class java/net/UnknownHostException done
Event: 2.239 loading class java/net/ProtocolException
Event: 2.239 loading class java/net/ProtocolException done
Event: 2.250 loading class java/lang/NegativeArraySizeException
Event: 2.250 loading class java/lang/NegativeArraySizeException done
Event: 2.250 loading class java/io/FileWriter
Event: 2.250 loading class java/io/FileWriter done
Event: 2.267 Thread 0x000001f2e67b45b0 Thread added: 0x000001f2e67b45b0
Event: 2.379 Thread 0x000001f2e67b45b0 Thread exited: 0x000001f2e67b45b0
Event: 2.405 Thread 0x000001f2e67b45b0 Thread added: 0x000001f2e67b45b0


Dynamic libraries:
0x00007ff66f820000 - 0x00007ff66f82e000 	c:\Users\ASUS\.vscode\extensions\redhat.java-1.25.1-win32-x64\jre\17.0.9-win32-x86_64\bin\java.exe
0x00007fffb0690000 - 0x00007fffb08a7000 	C:\WINDOWS\SYSTEM32\ntdll.dll
0x00007fffaedb0000 - 0x00007fffaee74000 	C:\WINDOWS\System32\KERNEL32.DLL
0x00007fffadc80000 - 0x00007fffae026000 	C:\WINDOWS\System32\KERNELBASE.dll
0x00007fffae060000 - 0x00007fffae171000 	C:\WINDOWS\System32\ucrtbase.dll
0x00007fffa5f50000 - 0x00007fffa5f67000 	c:\Users\ASUS\.vscode\extensions\redhat.java-1.25.1-win32-x64\jre\17.0.9-win32-x86_64\bin\jli.dll
0x00007fffaa240000 - 0x00007fffaa25b000 	c:\Users\ASUS\.vscode\extensions\redhat.java-1.25.1-win32-x64\jre\17.0.9-win32-x86_64\bin\VCRUNTIME140.dll
0x00007fffaf430000 - 0x00007fffaf5de000 	C:\WINDOWS\System32\USER32.dll
0x00007fffae030000 - 0x00007fffae056000 	C:\WINDOWS\System32\win32u.dll
0x00007fffa6200000 - 0x00007fffa6493000 	C:\WINDOWS\WinSxS\amd64_microsoft.windows.common-controls_6595b64144ccf1df_6.0.22621.2506_none_270c5ae97388e100\COMCTL32.dll
0x00007fffaf670000 - 0x00007fffaf699000 	C:\WINDOWS\System32\GDI32.dll
0x00007fffafaf0000 - 0x00007fffafb97000 	C:\WINDOWS\System32\msvcrt.dll
0x00007fffae2c0000 - 0x00007fffae3d8000 	C:\WINDOWS\System32\gdi32full.dll
0x00007fffadb70000 - 0x00007fffadc0a000 	C:\WINDOWS\System32\msvcp_win.dll
0x00007fffaf5e0000 - 0x00007fffaf611000 	C:\WINDOWS\System32\IMM32.DLL
0x00007fffa5e40000 - 0x00007fffa5e4c000 	c:\Users\ASUS\.vscode\extensions\redhat.java-1.25.1-win32-x64\jre\17.0.9-win32-x86_64\bin\vcruntime140_1.dll
0x00007fff9b420000 - 0x00007fff9b4ad000 	c:\Users\ASUS\.vscode\extensions\redhat.java-1.25.1-win32-x64\jre\17.0.9-win32-x86_64\bin\msvcp140.dll
0x00007fff38930000 - 0x00007fff39591000 	c:\Users\ASUS\.vscode\extensions\redhat.java-1.25.1-win32-x64\jre\17.0.9-win32-x86_64\bin\server\jvm.dll
0x00007fffb0580000 - 0x00007fffb0631000 	C:\WINDOWS\System32\ADVAPI32.dll
0x00007fffafa40000 - 0x00007fffafae5000 	C:\WINDOWS\System32\sechost.dll
0x00007fffafba0000 - 0x00007fffafcb7000 	C:\WINDOWS\System32\RPCRT4.dll
0x00007fff900f0000 - 0x00007fff900f9000 	C:\WINDOWS\SYSTEM32\WSOCK32.dll
0x00007fffad470000 - 0x00007fffad4bd000 	C:\WINDOWS\SYSTEM32\POWRPROF.dll
0x00007fffaf020000 - 0x00007fffaf091000 	C:\WINDOWS\System32\WS2_32.dll
0x00007fffa4df0000 - 0x00007fffa4e24000 	C:\WINDOWS\SYSTEM32\WINMM.dll
0x00007fffa60b0000 - 0x00007fffa60ba000 	C:\WINDOWS\SYSTEM32\VERSION.dll
0x00007fffad320000 - 0x00007fffad333000 	C:\WINDOWS\SYSTEM32\UMPDC.dll
0x00007fffac9c0000 - 0x00007fffac9d8000 	C:\WINDOWS\SYSTEM32\kernel.appcore.dll
0x00007fff9f050000 - 0x00007fff9f05a000 	c:\Users\ASUS\.vscode\extensions\redhat.java-1.25.1-win32-x64\jre\17.0.9-win32-x86_64\bin\jimage.dll
0x00007fffab320000 - 0x00007fffab553000 	C:\WINDOWS\SYSTEM32\DBGHELP.DLL
0x00007fffaf0a0000 - 0x00007fffaf429000 	C:\WINDOWS\System32\combase.dll
0x00007fffaec40000 - 0x00007fffaed17000 	C:\WINDOWS\System32\OLEAUT32.dll
0x00007fffa2420000 - 0x00007fffa2452000 	C:\WINDOWS\SYSTEM32\dbgcore.DLL
0x00007fffae240000 - 0x00007fffae2ba000 	C:\WINDOWS\System32\bcryptPrimitives.dll
0x00007fff9e9a0000 - 0x00007fff9e9ae000 	c:\Users\ASUS\.vscode\extensions\redhat.java-1.25.1-win32-x64\jre\17.0.9-win32-x86_64\bin\instrument.dll
0x00007fff9e1e0000 - 0x00007fff9e205000 	c:\Users\ASUS\.vscode\extensions\redhat.java-1.25.1-win32-x64\jre\17.0.9-win32-x86_64\bin\java.dll
0x00007fff9e1c0000 - 0x00007fff9e1d8000 	c:\Users\ASUS\.vscode\extensions\redhat.java-1.25.1-win32-x64\jre\17.0.9-win32-x86_64\bin\zip.dll
0x00007fffae3e0000 - 0x00007fffaec3a000 	C:\WINDOWS\System32\SHELL32.dll
0x00007fffab8d0000 - 0x00007fffac1c6000 	C:\WINDOWS\SYSTEM32\windows.storage.dll
0x00007fffab790000 - 0x00007fffab8ce000 	C:\WINDOWS\SYSTEM32\wintypes.dll
0x00007fffb0160000 - 0x00007fffb0253000 	C:\WINDOWS\System32\SHCORE.dll
0x00007fffaf710000 - 0x00007fffaf76e000 	C:\WINDOWS\System32\shlwapi.dll
0x00007fffad930000 - 0x00007fffad956000 	C:\WINDOWS\SYSTEM32\profapi.dll
0x00007fff9e1a0000 - 0x00007fff9e1b9000 	C:\Users\ASUS\.vscode\extensions\redhat.java-1.25.1-win32-x64\jre\17.0.9-win32-x86_64\bin\net.dll
0x00007fffa8020000 - 0x00007fffa8157000 	C:\WINDOWS\SYSTEM32\WINHTTP.dll
0x00007ffface30000 - 0x00007ffface99000 	C:\WINDOWS\system32\mswsock.dll
0x00007fff9b710000 - 0x00007fff9b726000 	C:\Users\ASUS\.vscode\extensions\redhat.java-1.25.1-win32-x64\jre\17.0.9-win32-x86_64\bin\nio.dll
0x00007fff9e990000 - 0x00007fff9e9a0000 	c:\Users\ASUS\.vscode\extensions\redhat.java-1.25.1-win32-x64\jre\17.0.9-win32-x86_64\bin\verify.dll
0x00007fff9b3e0000 - 0x00007fff9b41e000 	C:\Users\ASUS\AppData\Roaming\Code\User\globalStorage\redhat.java\1.25.1\config_ss_win\org.eclipse.equinox.launcher\org.eclipse.equinox.launcher.win32.win32.x86_64_1.2.800.v20231003-1442\eclipse_11802.dll
0x00007fffaf8a0000 - 0x00007fffafa40000 	C:\WINDOWS\System32\ole32.dll

dbghelp: loaded successfully - version: 4.0.5 - missing functions: none
symbol engine: initialized successfully - sym options: 0x614 - pdb path: .;c:\Users\ASUS\.vscode\extensions\redhat.java-1.25.1-win32-x64\jre\17.0.9-win32-x86_64\bin;C:\WINDOWS\SYSTEM32;C:\WINDOWS\WinSxS\amd64_microsoft.windows.common-controls_6595b64144ccf1df_6.0.22621.2506_none_270c5ae97388e100;c:\Users\ASUS\.vscode\extensions\redhat.java-1.25.1-win32-x64\jre\17.0.9-win32-x86_64\bin\server;C:\Users\ASUS\AppData\Roaming\Code\User\globalStorage\redhat.java\1.25.1\config_ss_win\org.eclipse.equinox.launcher\org.eclipse.equinox.launcher.win32.win32.x86_64_1.2.800.v20231003-1442

VM Arguments:
jvm_args: --add-modules=ALL-SYSTEM --add-opens=java.base/java.util=ALL-UNNAMED --add-opens=java.base/java.lang=ALL-UNNAMED --add-opens=java.base/sun.nio.fs=ALL-UNNAMED -Declipse.application=org.eclipse.jdt.ls.core.id1 -Dosgi.bundles.defaultStartLevel=4 -Declipse.product=org.eclipse.jdt.ls.core.product -Djava.import.generatesMetadataFilesAtProjectRoot=false -DDetectVMInstallationsJob.disabled=true -Dfile.encoding=utf8 -XX:+UseParallelGC -XX:GCTimeRatio=4 -XX:AdaptiveSizePolicyWeight=90 -Dsun.zip.disableMemoryMapping=true -Xmx1G -Xms100m -Xlog:disable -javaagent:c:\Users\ASUS\.vscode\extensions\redhat.java-1.25.1-win32-x64\lombok\lombok-1.18.30.jar 
java_command: c:\Users\ASUS\.vscode\extensions\redhat.java-1.25.1-win32-x64\server\plugins\org.eclipse.equinox.launcher_1.6.600.v20231106-1826.jar -configuration c:\Users\ASUS\AppData\Roaming\Code\User\globalStorage\redhat.java\1.25.1\config_ss_win -data c:\Users\ASUS\AppData\Roaming\Code\User\workspaceStorage\17abc06766544926555abbba1c139458\redhat.java\ss_ws --stdio
java_class_path (initial): c:\Users\ASUS\.vscode\extensions\redhat.java-1.25.1-win32-x64\server\plugins\org.eclipse.equinox.launcher_1.6.600.v20231106-1826.jar
Launcher Type: SUN_STANDARD

[Global flags]
    uintx AdaptiveSizePolicyWeight                 = 90                                        {product} {command line}
     intx CICompilerCount                          = 12                                        {product} {ergonomic}
    uintx GCTimeRatio                              = 4                                         {product} {command line}
   size_t InitialHeapSize                          = 104857600                                 {product} {command line}
   size_t MaxHeapSize                              = 1073741824                                {product} {command line}
   size_t MaxNewSize                               = 357564416                                 {product} {ergonomic}
   size_t MinHeapDeltaBytes                        = 524288                                    {product} {ergonomic}
   size_t MinHeapSize                              = 104857600                                 {product} {command line}
   size_t NewSize                                  = 34603008                                  {product} {ergonomic}
    uintx NonNMethodCodeHeapSize                   = 7602480                                {pd product} {ergonomic}
    uintx NonProfiledCodeHeapSize                  = 122027880                              {pd product} {ergonomic}
   size_t OldSize                                  = 70254592                                  {product} {ergonomic}
    uintx ProfiledCodeHeapSize                     = 122027880                              {pd product} {ergonomic}
    uintx ReservedCodeCacheSize                    = 251658240                              {pd product} {ergonomic}
     bool SegmentedCodeCache                       = true                                      {product} {ergonomic}
   size_t SoftMaxHeapSize                          = 1073741824                             {manageable} {ergonomic}
     bool UseCompressedClassPointers               = true                           {product lp64_product} {ergonomic}
     bool UseCompressedOops                        = true                           {product lp64_product} {ergonomic}
     bool UseLargePagesIndividualAllocation        = false                                  {pd product} {ergonomic}
     bool UseParallelGC                            = true                                      {product} {command line}

Logging:
Log output configuration:
 #0: stdout all=off uptime,level,tags
 #1: stderr all=off uptime,level,tags

Environment Variables:
JAVA_HOME=C:\Program Files\Java\jdk1.8.0_202\bin
PATH=F:\oracle19c\app\oracle\product\11.2.0\server\bin;F:\downloads\WINDOWS.X64_193000_db_home\bin;C:\WINDOWS\system32;C:\WINDOWS;C:\WINDOWS\System32\Wbem;C:\WINDOWS\System32\WindowsPowerShell\v1.0\;C:\WINDOWS\System32\OpenSSH\;C:\ProgramData\chocolatey\bin;C:\Program Files\Git\cmd;C:\Program Files\dotnet\;C:\Program Files\MySQL\MySQL Server 8.0\bin;C:\Program Files\nodejs\;C:\Program Files\Java\jdk1.8.0_202\bin;C:\Program Files\Python311;C:\Program Files\MongoDB\Server\7.0\bin;;C:\Program Files\Docker\Docker\resources\bin;C:\Program Files\MySQL\MySQL Shell 8.0\bin\;C:\Program Files\JetBrains\PyCharm Community Edition 2022.3.2\bin;;C:\Program Files\Java\jdk1.8.0_202\bin\bin;C:\Users\ASUS\AppData\Local\Microsoft\WindowsApps;C:\Users\ASUS\AppData\Local\Programs\Microsoft VS Code\bin;F:\Program Files\;C:\Program Files\nodejs\;C:\Users\ASUS\AppData\Local\GitHubDesktop\bin;C:\Program Files\JetBrains\IntelliJ IDEA 2023.1.4\bin;;C:\Users\ASUS\AppData\Roaming\npm;C:\Program Files\heroku\bin;C:\Program Files\MongoDB\Server\7.0\bin;C:\Users\ASUS\AppData\Local\Programs\mongosh\;
USERNAME=ASUS
OS=Windows_NT
PROCESSOR_IDENTIFIER=AMD64 Family 23 Model 96 Stepping 1, AuthenticAMD
TMP=C:\Users\ASUS\AppData\Local\Temp
TEMP=C:\Users\ASUS\AppData\Local\Temp



Periodic native trim disabled


---------------  S Y S T E M  ---------------

OS:
 Windows 11 , 64 bit Build 22621 (10.0.22621.2506)
OS uptime: 0 days 11:39 hours
Hyper-V role detected

CPU: total 16 (initial active 16) (16 cores per cpu, 2 threads per core) family 23 model 96 stepping 1 microcode 0x0, cx8, cmov, fxsr, ht, mmx, 3dnowpref, sse, sse2, sse3, ssse3, sse4a, sse4.1, sse4.2, popcnt, lzcnt, tsc, tscinvbit, avx, avx2, aes, clmul, bmi1, bmi2, adx, sha, fma, vzeroupper, clflush, clflushopt, hv
Processor Information for all 16 processors :
  Max Mhz: 2901, Current Mhz: 2901, Mhz Limit: 2901

Memory: 4k page, system-wide physical 15791M (4681M free)
TotalPageFile size 17791M (AvailPageFile size 25M)
current process WorkingSet (physical memory assigned to process): 125M, peak: 125M
current process commit charge ("private bytes"): 248M, peak: 248M

vm_info: OpenJDK 64-Bit Server VM (17.0.9+9) for windows-amd64 JRE (17.0.9+9), built on Oct 26 2023 14:01:42 by "admin" with MS VC++ 16.10 / 16.11 (VS2019)

END.
